[ 2017-05-27T10:40:00+08:00 ] 127.0.0.1 /Company_crm/index.php/Home/Client/shouhou_delone.html
INFO: [ app_begin ] --START--
INFO: Run Behavior\ReadHtmlCacheBehavior [ RunTime:0.002000s ]
INFO: [ app_begin ] --END-- [ RunTime:0.002000s ]
SQL: SHOW COLUMNS FROM `crm_auth_group_access` [ RunTime:0.0010s ]
SQL: SELECT `uid`,`group_id`,`title`,`rules` FROM crm_auth_group_access a INNER JOIN crm_auth_group g on a.group_id=g.id  WHERE ( a.uid='1' and g.status='1' )  [ RunTime:0.0010s ]
SQL: SHOW COLUMNS FROM `crm_auth_rule` [ RunTime:0.0010s ]
SQL: SELECT `condition`,`name` FROM `crm_auth_rule` WHERE `id` IN ('1','3','4','5','6','7','8','9','10','11','12','13','14','15','16','17','62','64','18','19','20','21','22','23','24','25','26','27','28','29','30','31','32','33','34','35','36','37','38','39','40','41','42','43','44','45','46','47','48','49','50','51','52','53','54','55','56','57','58','59','60','61','63','65','66','67','68','69','70','71','72') AND `type` = 1 AND `status` = 1  [ RunTime:0.0010s ]
SQL: SHOW COLUMNS FROM `crm_workorder` [ RunTime:0.0010s ]
SQL: UPDATE `crm_workorder` SET `flag`='0' WHERE `id` = 1 [ RunTime:0.0430s ]

[ 2017-05-27T10:40:37+08:00 ] 127.0.0.1 /Company_crm/index.php/Home/Client/shouhou_delone.html
INFO: [ app_begin ] --START--
INFO: Run Behavior\ReadHtmlCacheBehavior [ RunTime:0.002000s ]
INFO: [ app_begin ] --END-- [ RunTime:0.002000s ]
SQL: SHOW COLUMNS FROM `crm_auth_group_access` [ RunTime:0.0010s ]
SQL: SELECT `uid`,`group_id`,`title`,`rules` FROM crm_auth_group_access a INNER JOIN crm_auth_group g on a.group_id=g.id  WHERE ( a.uid='1' and g.status='1' )  [ RunTime:0.0010s ]
SQL: SHOW COLUMNS FROM `crm_auth_rule` [ RunTime:0.0010s ]
SQL: SELECT `condition`,`name` FROM `crm_auth_rule` WHERE `id` IN ('1','3','4','5','6','7','8','9','10','11','12','13','14','15','16','17','62','64','18','19','20','21','22','23','24','25','26','27','28','29','30','31','32','33','34','35','36','37','38','39','40','41','42','43','44','45','46','47','48','49','50','51','52','53','54','55','56','57','58','59','60','61','63','65','66','67','68','69','70','71','72') AND `type` = 1 AND `status` = 1  [ RunTime:0.0010s ]
SQL: SHOW COLUMNS FROM `crm_workorder` [ RunTime:0.0010s ]
SQL: UPDATE `crm_workorder` SET `status`='0' WHERE `id` = 1 [ RunTime:0.0490s ]

[ 2017-05-27T10:41:57+08:00 ] 127.0.0.1 /Company_crm/index.php/Home/Client/shouhou_delone.html
INFO: [ app_begin ] --START--
INFO: Run Behavior\ReadHtmlCacheBehavior [ RunTime:0.001000s ]
INFO: [ app_begin ] --END-- [ RunTime:0.002000s ]
SQL: SHOW COLUMNS FROM `crm_auth_group_access` [ RunTime:0.0010s ]
SQL: SELECT `uid`,`group_id`,`title`,`rules` FROM crm_auth_group_access a INNER JOIN crm_auth_group g on a.group_id=g.id  WHERE ( a.uid='1' and g.status='1' )  [ RunTime:0.0000s ]
SQL: SHOW COLUMNS FROM `crm_auth_rule` [ RunTime:0.0000s ]
SQL: SELECT `condition`,`name` FROM `crm_auth_rule` WHERE `id` IN ('1','3','4','5','6','7','8','9','10','11','12','13','14','15','16','17','62','64','18','19','20','21','22','23','24','25','26','27','28','29','30','31','32','33','34','35','36','37','38','39','40','41','42','43','44','45','46','47','48','49','50','51','52','53','54','55','56','57','58','59','60','61','63','65','66','67','68','69','70','71','72') AND `type` = 1 AND `status` = 1  [ RunTime:0.0000s ]
SQL: SHOW COLUMNS FROM `crm_workorder` [ RunTime:0.0010s ]
SQL: UPDATE `crm_workorder` SET `status`='0' WHERE `id` = 2 [ RunTime:0.0500s ]

[ 2017-05-27T10:43:08+08:00 ] 127.0.0.1 /Company_crm/index.php/Home/Client/shouhou_delone.html
INFO: [ app_begin ] --START--
INFO: Run Behavior\ReadHtmlCacheBehavior [ RunTime:0.001000s ]
INFO: [ app_begin ] --END-- [ RunTime:0.002000s ]
SQL: SHOW COLUMNS FROM `crm_auth_group_access` [ RunTime:0.0010s ]
SQL: SELECT `uid`,`group_id`,`title`,`rules` FROM crm_auth_group_access a INNER JOIN crm_auth_group g on a.group_id=g.id  WHERE ( a.uid='1' and g.status='1' )  [ RunTime:0.0010s ]
SQL: SHOW COLUMNS FROM `crm_auth_rule` [ RunTime:0.0000s ]
SQL: SELECT `condition`,`name` FROM `crm_auth_rule` WHERE `id` IN ('1','3','4','5','6','7','8','9','10','11','12','13','14','15','16','17','62','64','18','19','20','21','22','23','24','25','26','27','28','29','30','31','32','33','34','35','36','37','38','39','40','41','42','43','44','45','46','47','48','49','50','51','52','53','54','55','56','57','58','59','60','61','63','65','66','67','68','69','70','71','72') AND `type` = 1 AND `status` = 1  [ RunTime:0.0000s ]
SQL: SHOW COLUMNS FROM `crm_shgd` [ RunTime:0.0010s ]
SQL: UPDATE `crm_shgd` SET `status`='0' WHERE `id` = 3 [ RunTime:0.0400s ]

[ 2017-05-27T10:43:16+08:00 ] 127.0.0.1 /Company_crm/index.php/Home/Client/shouhou_delall.html
INFO: [ app_begin ] --START--
INFO: Run Behavior\ReadHtmlCacheBehavior [ RunTime:0.002000s ]
INFO: [ app_begin ] --END-- [ RunTime:0.002000s ]
SQL: SHOW COLUMNS FROM `crm_auth_group_access` [ RunTime:0.0000s ]
SQL: SELECT `uid`,`group_id`,`title`,`rules` FROM crm_auth_group_access a INNER JOIN crm_auth_group g on a.group_id=g.id  WHERE ( a.uid='1' and g.status='1' )  [ RunTime:0.0010s ]
SQL: SHOW COLUMNS FROM `crm_auth_rule` [ RunTime:0.0010s ]
SQL: SELECT `condition`,`name` FROM `crm_auth_rule` WHERE `id` IN ('1','3','4','5','6','7','8','9','10','11','12','13','14','15','16','17','62','64','18','19','20','21','22','23','24','25','26','27','28','29','30','31','32','33','34','35','36','37','38','39','40','41','42','43','44','45','46','47','48','49','50','51','52','53','54','55','56','57','58','59','60','61','63','65','66','67','68','69','70','71','72') AND `type` = 1 AND `status` = 1  [ RunTime:0.0010s ]
SQL: SHOW COLUMNS FROM `crm_shgd` [ RunTime:0.0000s ]
SQL: UPDATE `crm_shgd` SET `status`='0' WHERE `id` IN ('4') [ RunTime:0.0500s ]

[ 2017-05-27T11:17:23+08:00 ] 127.0.0.1 /Company_crm/index.php/Home/Shouqian/kehu_delone.html
INFO: [ app_begin ] --START--
INFO: Run Behavior\ReadHtmlCacheBehavior [ RunTime:0.001000s ]
INFO: [ app_begin ] --END-- [ RunTime:0.002000s ]
SQL: SHOW COLUMNS FROM `crm_auth_group_access` [ RunTime:0.0010s ]
SQL: SELECT `uid`,`group_id`,`title`,`rules` FROM crm_auth_group_access a INNER JOIN crm_auth_group g on a.group_id=g.id  WHERE ( a.uid='2' and g.status='1' )  [ RunTime:0.0010s ]
SQL: SHOW COLUMNS FROM `crm_auth_rule` [ RunTime:0.0010s ]
SQL: SELECT `condition`,`name` FROM `crm_auth_rule` WHERE `id` IN ('1','18','19','20','23','65','68','62','63','64') AND `type` = 1 AND `status` = 1  [ RunTime:0.0010s ]

[ 2017-05-27T11:30:46+08:00 ] 127.0.0.1 /Company_crm/index.php/Home/Administrator/role_add
ERR: SQLSTATE[23000]: Integrity constraint violation: 1048 Column 'rules' cannot be null

[ 2017-05-27T11:33:09+08:00 ] 127.0.0.1 /Company_crm/index.php/Home/Administrator/role_add
ERR: SQLSTATE[23000]: Integrity constraint violation: 1048 Column 'rules' cannot be null

