[ 2017-05-25T08:40:34+08:00 ] 127.0.0.1 /Company_crm/index.php/Home/Administrator/role_delone.html
INFO: [ app_begin ] --START--
INFO: Run Behavior\ReadHtmlCacheBehavior [ RunTime:0.001000s ]
INFO: [ app_begin ] --END-- [ RunTime:0.001000s ]
SQL: SHOW COLUMNS FROM `crm_auth_group_access` [ RunTime:0.0010s ]
SQL: SELECT `uid`,`group_id`,`title`,`rules` FROM crm_auth_group_access a INNER JOIN crm_auth_group g on a.group_id=g.id  WHERE ( a.uid='1' and g.status='1' )  [ RunTime:0.0010s ]
SQL: SHOW COLUMNS FROM `crm_auth_rule` [ RunTime:0.0010s ]
SQL: SELECT `condition`,`name` FROM `crm_auth_rule` WHERE `id` IN ('1','2','3','4','5','6','7','8','9','10','11','12','13','14','15','16','17','18','19','20','21','22','23','24','25','26','27','28','29','30','31','32','33','34','35','36','37','38','39','40','41','42','43','44','45','46','47','48','49','50','51','52','53','54','55','56','57','58','59','60','61','62','63','64','65','66','67','68','69','70') AND `type` = 1 AND `status` = 1  [ RunTime:0.0010s ]
SQL: SHOW COLUMNS FROM `crm_auth_group` [ RunTime:0.0010s ]
SQL: UPDATE `crm_auth_group` SET `status`='0' WHERE `id` = 6 [ RunTime:0.0000s ]

[ 2017-05-25T08:40:50+08:00 ] 127.0.0.1 /Company_crm/index.php/Home/Administrator/role_delall.html
INFO: [ app_begin ] --START--
INFO: Run Behavior\ReadHtmlCacheBehavior [ RunTime:0.001000s ]
INFO: [ app_begin ] --END-- [ RunTime:0.001000s ]
SQL: SHOW COLUMNS FROM `crm_auth_group_access` [ RunTime:0.0010s ]
SQL: SELECT `uid`,`group_id`,`title`,`rules` FROM crm_auth_group_access a INNER JOIN crm_auth_group g on a.group_id=g.id  WHERE ( a.uid='1' and g.status='1' )  [ RunTime:0.0000s ]
SQL: SHOW COLUMNS FROM `crm_auth_rule` [ RunTime:0.0000s ]
SQL: SELECT `condition`,`name` FROM `crm_auth_rule` WHERE `id` IN ('1','2','3','4','5','6','7','8','9','10','11','12','13','14','15','16','17','18','19','20','21','22','23','24','25','26','27','28','29','30','31','32','33','34','35','36','37','38','39','40','41','42','43','44','45','46','47','48','49','50','51','52','53','54','55','56','57','58','59','60','61','62','63','64','65','66','67','68','69','70') AND `type` = 1 AND `status` = 1  [ RunTime:0.0000s ]
SQL: SHOW COLUMNS FROM `crm_auth_group` [ RunTime:0.0010s ]
SQL: UPDATE `crm_auth_group` SET `status`='0' WHERE `id` IN ('4','5','8') [ RunTime:0.0000s ]

[ 2017-05-25T08:47:12+08:00 ] 127.0.0.1 /Company_crm/index.php/Home/Administrator/role_delone.html
INFO: [ app_begin ] --START--
INFO: Run Behavior\ReadHtmlCacheBehavior [ RunTime:0.001000s ]
INFO: [ app_begin ] --END-- [ RunTime:0.001000s ]
SQL: SHOW COLUMNS FROM `crm_auth_group_access` [ RunTime:0.0000s ]
SQL: SELECT `uid`,`group_id`,`title`,`rules` FROM crm_auth_group_access a INNER JOIN crm_auth_group g on a.group_id=g.id  WHERE ( a.uid='1' and g.status='1' )  [ RunTime:0.0000s ]
SQL: SHOW COLUMNS FROM `crm_auth_rule` [ RunTime:0.0010s ]
SQL: SELECT `condition`,`name` FROM `crm_auth_rule` WHERE `id` IN ('1','3','4','5','6','7','8','9','10','11','12','13','14','15','16','17','62','64','18','19','20','21','22','23','24','25','26','27','28','29','30','31','32','33','34','35','36','37','38','39','40','41','42','43','44','45','46','47','48','49','50','51','52','53','54','55','56','57','58','59','60','61','63') AND `type` = 1 AND `status` = 1  [ RunTime:0.0010s ]
SQL: SHOW COLUMNS FROM `crm_auth_group` [ RunTime:0.0000s ]
SQL: UPDATE `crm_auth_group` SET `status`='0' WHERE `id` = 2 [ RunTime:0.0000s ]

[ 2017-05-25T08:47:19+08:00 ] 127.0.0.1 /Company_crm/index.php/Home/Administrator/role_delall.html
INFO: [ app_begin ] --START--
INFO: Run Behavior\ReadHtmlCacheBehavior [ RunTime:0.001000s ]
INFO: [ app_begin ] --END-- [ RunTime:0.002000s ]
SQL: SHOW COLUMNS FROM `crm_auth_group_access` [ RunTime:0.0010s ]
SQL: SELECT `uid`,`group_id`,`title`,`rules` FROM crm_auth_group_access a INNER JOIN crm_auth_group g on a.group_id=g.id  WHERE ( a.uid='1' and g.status='1' )  [ RunTime:0.0010s ]
SQL: SHOW COLUMNS FROM `crm_auth_rule` [ RunTime:0.0010s ]
SQL: SELECT `condition`,`name` FROM `crm_auth_rule` WHERE `id` IN ('1','3','4','5','6','7','8','9','10','11','12','13','14','15','16','17','62','64','18','19','20','21','22','23','24','25','26','27','28','29','30','31','32','33','34','35','36','37','38','39','40','41','42','43','44','45','46','47','48','49','50','51','52','53','54','55','56','57','58','59','60','61','63') AND `type` = 1 AND `status` = 1  [ RunTime:0.0010s ]
SQL: SHOW COLUMNS FROM `crm_auth_group` [ RunTime:0.0010s ]
SQL: UPDATE `crm_auth_group` SET `status`='0' WHERE `id` IN ('3','4') [ RunTime:0.0010s ]

[ 2017-05-25T09:21:46+08:00 ] 127.0.0.1 /Company_crm/index.php/Home/Administrator/user_edit/p/1/id/2
ERR: XML标签语法错误 :  name="<{$arr['roleid']}

[ 2017-05-25T09:27:10+08:00 ] 127.0.0.1 /Company_crm/index.php/Home/Administrator/user_edit/p/1/id/2
ERR: XML标签语法错误 :  name="<{arr['roleid']}

[ 2017-05-25T09:27:40+08:00 ] 127.0.0.1 /Company_crm/index.php/Home/Administrator/user_edit/p/1/id/2
ERR: XML标签语法错误 :  name="arr['roleid']"   value="<{$vv['id']}

[ 2017-05-25T09:28:18+08:00 ] 127.0.0.1 /Company_crm/index.php/Home/Administrator/user_edit/p/1/id/2
ERR: XML标签语法错误 :  name="arr['roleid']"   value="<{$vv['id']}

[ 2017-05-25T10:11:50+08:00 ] 127.0.0.1 /Company_crm/index.php/Home/Administrator/user_delone.html
INFO: [ app_begin ] --START--
INFO: Run Behavior\ReadHtmlCacheBehavior [ RunTime:0.000000s ]
INFO: [ app_begin ] --END-- [ RunTime:0.001000s ]
SQL: SHOW COLUMNS FROM `crm_auth_group_access` [ RunTime:0.0000s ]
SQL: SELECT `uid`,`group_id`,`title`,`rules` FROM crm_auth_group_access a INNER JOIN crm_auth_group g on a.group_id=g.id  WHERE ( a.uid='1' and g.status='1' )  [ RunTime:0.0000s ]
SQL: SHOW COLUMNS FROM `crm_auth_rule` [ RunTime:0.0010s ]
SQL: SELECT `condition`,`name` FROM `crm_auth_rule` WHERE `id` IN ('1','3','4','5','6','7','8','9','10','11','12','13','14','15','16','17','62','64','18','19','20','21','22','23','24','25','26','27','28','29','30','31','32','33','34','35','36','37','38','39','40','41','42','43','44','45','46','47','48','49','50','51','52','53','54','55','56','57','58','59','60','61','63') AND `type` = 1 AND `status` = 1  [ RunTime:0.0000s ]
SQL: SHOW COLUMNS FROM `crm_user` [ RunTime:0.0010s ]
SQL: UPDATE `crm_user` SET `flag`='0' WHERE `user_id` = 7 [ RunTime:0.0370s ]

[ 2017-05-25T10:11:58+08:00 ] 127.0.0.1 /Company_crm/index.php/Home/Administrator/user_delall.html
INFO: [ app_begin ] --START--
INFO: Run Behavior\ReadHtmlCacheBehavior [ RunTime:0.001000s ]
INFO: [ app_begin ] --END-- [ RunTime:0.002000s ]
SQL: SHOW COLUMNS FROM `crm_auth_group_access` [ RunTime:0.0010s ]
SQL: SELECT `uid`,`group_id`,`title`,`rules` FROM crm_auth_group_access a INNER JOIN crm_auth_group g on a.group_id=g.id  WHERE ( a.uid='1' and g.status='1' )  [ RunTime:0.0000s ]
SQL: SHOW COLUMNS FROM `crm_auth_rule` [ RunTime:0.0000s ]
SQL: SELECT `condition`,`name` FROM `crm_auth_rule` WHERE `id` IN ('1','3','4','5','6','7','8','9','10','11','12','13','14','15','16','17','62','64','18','19','20','21','22','23','24','25','26','27','28','29','30','31','32','33','34','35','36','37','38','39','40','41','42','43','44','45','46','47','48','49','50','51','52','53','54','55','56','57','58','59','60','61','63') AND `type` = 1 AND `status` = 1  [ RunTime:0.0000s ]
SQL: SHOW COLUMNS FROM `crm_user` [ RunTime:0.0000s ]
SQL: UPDATE `crm_user` SET `flag`='0' WHERE `user_id` IN ('8','9','11','12','13','14') [ RunTime:0.0500s ]

[ 2017-05-25T10:33:01+08:00 ] 127.0.0.1 /Company_crm/index.php/Home/Auth/auth_delone.html
INFO: [ app_begin ] --START--
INFO: Run Behavior\ReadHtmlCacheBehavior [ RunTime:0.001000s ]
INFO: [ app_begin ] --END-- [ RunTime:0.001000s ]
SQL: SHOW COLUMNS FROM `crm_auth_group_access` [ RunTime:0.0000s ]
SQL: SELECT `uid`,`group_id`,`title`,`rules` FROM crm_auth_group_access a INNER JOIN crm_auth_group g on a.group_id=g.id  WHERE ( a.uid='1' and g.status='1' )  [ RunTime:0.0010s ]
SQL: SHOW COLUMNS FROM `crm_auth_rule` [ RunTime:0.0010s ]
SQL: SELECT `condition`,`name` FROM `crm_auth_rule` WHERE `id` IN ('1','3','4','5','6','7','8','9','10','11','12','13','14','15','16','17','62','64','18','19','20','21','22','23','24','25','26','27','28','29','30','31','32','33','34','35','36','37','38','39','40','41','42','43','44','45','46','47','48','49','50','51','52','53','54','55','56','57','58','59','60','61','63') AND `type` = 1 AND `status` = 1  [ RunTime:0.0010s ]
SQL: SHOW COLUMNS FROM `crm_auth_rule` [ RunTime:0.0010s ]
SQL: UPDATE `crm_auth_rule` SET `flags`='0' WHERE `id` = 67 [ RunTime:0.0010s ]

[ 2017-05-25T10:33:07+08:00 ] 127.0.0.1 /Company_crm/index.php/Home/Auth/auth_delall.html
INFO: [ app_begin ] --START--
INFO: Run Behavior\ReadHtmlCacheBehavior [ RunTime:0.001000s ]
INFO: [ app_begin ] --END-- [ RunTime:0.001000s ]
SQL: SHOW COLUMNS FROM `crm_auth_group_access` [ RunTime:0.0010s ]
SQL: SELECT `uid`,`group_id`,`title`,`rules` FROM crm_auth_group_access a INNER JOIN crm_auth_group g on a.group_id=g.id  WHERE ( a.uid='1' and g.status='1' )  [ RunTime:0.0010s ]
SQL: SHOW COLUMNS FROM `crm_auth_rule` [ RunTime:0.0010s ]
SQL: SELECT `condition`,`name` FROM `crm_auth_rule` WHERE `id` IN ('1','3','4','5','6','7','8','9','10','11','12','13','14','15','16','17','62','64','18','19','20','21','22','23','24','25','26','27','28','29','30','31','32','33','34','35','36','37','38','39','40','41','42','43','44','45','46','47','48','49','50','51','52','53','54','55','56','57','58','59','60','61','63') AND `type` = 1 AND `status` = 1  [ RunTime:0.0010s ]
SQL: SHOW COLUMNS FROM `crm_auth_rule` [ RunTime:0.0010s ]
SQL: UPDATE `crm_auth_rule` SET `flags`='0' WHERE `id` IN ('68') [ RunTime:0.0000s ]

[ 2017-05-25T10:52:16+08:00 ] 127.0.0.1 /Company_crm/index.php/Home/Shouqian/products_del.html
INFO: [ app_begin ] --START--
INFO: Run Behavior\ReadHtmlCacheBehavior [ RunTime:0.001000s ]
INFO: [ app_begin ] --END-- [ RunTime:0.002000s ]
SQL: SHOW COLUMNS FROM `crm_auth_group_access` [ RunTime:0.0010s ]
SQL: SELECT `uid`,`group_id`,`title`,`rules` FROM crm_auth_group_access a INNER JOIN crm_auth_group g on a.group_id=g.id  WHERE ( a.uid='1' and g.status='1' )  [ RunTime:0.0010s ]
SQL: SHOW COLUMNS FROM `crm_auth_rule` [ RunTime:0.0000s ]
SQL: SELECT `condition`,`name` FROM `crm_auth_rule` WHERE `id` IN ('1','3','4','5','6','7','8','9','10','11','12','13','14','15','16','17','62','64','18','19','20','21','22','23','24','25','26','27','28','29','30','31','32','33','34','35','36','37','38','39','40','41','42','43','44','45','46','47','48','49','50','51','52','53','54','55','56','57','58','59','60','61','63') AND `type` = 1 AND `status` = 1  [ RunTime:0.0010s ]

[ 2017-05-25T10:52:24+08:00 ] 127.0.0.1 /Company_crm/index.php/Home/Shouqian/products_del.html
INFO: [ app_begin ] --START--
INFO: Run Behavior\ReadHtmlCacheBehavior [ RunTime:0.001000s ]
INFO: [ app_begin ] --END-- [ RunTime:0.002000s ]
SQL: SHOW COLUMNS FROM `crm_auth_group_access` [ RunTime:0.0010s ]
SQL: SELECT `uid`,`group_id`,`title`,`rules` FROM crm_auth_group_access a INNER JOIN crm_auth_group g on a.group_id=g.id  WHERE ( a.uid='1' and g.status='1' )  [ RunTime:0.0010s ]
SQL: SHOW COLUMNS FROM `crm_auth_rule` [ RunTime:0.0010s ]
SQL: SELECT `condition`,`name` FROM `crm_auth_rule` WHERE `id` IN ('1','3','4','5','6','7','8','9','10','11','12','13','14','15','16','17','62','64','18','19','20','21','22','23','24','25','26','27','28','29','30','31','32','33','34','35','36','37','38','39','40','41','42','43','44','45','46','47','48','49','50','51','52','53','54','55','56','57','58','59','60','61','63') AND `type` = 1 AND `status` = 1  [ RunTime:0.0010s ]

[ 2017-05-25T10:52:36+08:00 ] 127.0.0.1 /Company_crm/index.php/Home/Shouqian/products_del.html
INFO: [ app_begin ] --START--
INFO: Run Behavior\ReadHtmlCacheBehavior [ RunTime:0.001000s ]
INFO: [ app_begin ] --END-- [ RunTime:0.001000s ]
SQL: SHOW COLUMNS FROM `crm_auth_group_access` [ RunTime:0.0010s ]
SQL: SELECT `uid`,`group_id`,`title`,`rules` FROM crm_auth_group_access a INNER JOIN crm_auth_group g on a.group_id=g.id  WHERE ( a.uid='1' and g.status='1' )  [ RunTime:0.0000s ]
SQL: SHOW COLUMNS FROM `crm_auth_rule` [ RunTime:0.0010s ]
SQL: SELECT `condition`,`name` FROM `crm_auth_rule` WHERE `id` IN ('1','3','4','5','6','7','8','9','10','11','12','13','14','15','16','17','62','64','18','19','20','21','22','23','24','25','26','27','28','29','30','31','32','33','34','35','36','37','38','39','40','41','42','43','44','45','46','47','48','49','50','51','52','53','54','55','56','57','58','59','60','61','63') AND `type` = 1 AND `status` = 1  [ RunTime:0.0000s ]

[ 2017-05-25T10:54:56+08:00 ] 127.0.0.1 /Company_crm/index.php/Home/Shouqian/products_delone.html
INFO: [ app_begin ] --START--
INFO: Run Behavior\ReadHtmlCacheBehavior [ RunTime:0.001000s ]
INFO: [ app_begin ] --END-- [ RunTime:0.002000s ]
SQL: SHOW COLUMNS FROM `crm_auth_group_access` [ RunTime:0.0000s ]
SQL: SELECT `uid`,`group_id`,`title`,`rules` FROM crm_auth_group_access a INNER JOIN crm_auth_group g on a.group_id=g.id  WHERE ( a.uid='1' and g.status='1' )  [ RunTime:0.0000s ]
SQL: SHOW COLUMNS FROM `crm_auth_rule` [ RunTime:0.0010s ]
SQL: SELECT `condition`,`name` FROM `crm_auth_rule` WHERE `id` IN ('1','3','4','5','6','7','8','9','10','11','12','13','14','15','16','17','62','64','18','19','20','21','22','23','24','25','26','27','28','29','30','31','32','33','34','35','36','37','38','39','40','41','42','43','44','45','46','47','48','49','50','51','52','53','54','55','56','57','58','59','60','61','63') AND `type` = 1 AND `status` = 1  [ RunTime:0.0010s ]
SQL: SHOW COLUMNS FROM `crm_project` [ RunTime:0.0010s ]
SQL: UPDATE `crm_project` SET `status`='0' WHERE `project_id` = 6 [ RunTime:0.0430s ]

[ 2017-05-25T10:55:00+08:00 ] 127.0.0.1 /Company_crm/index.php/Home/Shouqian/products_delall.html
INFO: [ app_begin ] --START--
INFO: Run Behavior\ReadHtmlCacheBehavior [ RunTime:0.001000s ]
INFO: [ app_begin ] --END-- [ RunTime:0.001000s ]
SQL: SHOW COLUMNS FROM `crm_auth_group_access` [ RunTime:0.0010s ]
SQL: SELECT `uid`,`group_id`,`title`,`rules` FROM crm_auth_group_access a INNER JOIN crm_auth_group g on a.group_id=g.id  WHERE ( a.uid='1' and g.status='1' )  [ RunTime:0.0010s ]
SQL: SHOW COLUMNS FROM `crm_auth_rule` [ RunTime:0.0010s ]
SQL: SELECT `condition`,`name` FROM `crm_auth_rule` WHERE `id` IN ('1','3','4','5','6','7','8','9','10','11','12','13','14','15','16','17','62','64','18','19','20','21','22','23','24','25','26','27','28','29','30','31','32','33','34','35','36','37','38','39','40','41','42','43','44','45','46','47','48','49','50','51','52','53','54','55','56','57','58','59','60','61','63') AND `type` = 1 AND `status` = 1  [ RunTime:0.0010s ]
SQL: SHOW COLUMNS FROM `crm_project` [ RunTime:0.0000s ]
SQL: UPDATE `crm_project` SET `status`='0' WHERE `project_id` IN ('4','5') [ RunTime:0.0620s ]

[ 2017-05-25T11:40:48+08:00 ] 127.0.0.1 /Company_crm/index.php/Home/Shouqian/kehu_list.html
ERR: SQLSTATE[42S02]: Base table or view not found: 1146 Table 'crm.crm_kehu' doesn't exist

[ 2017-05-25T11:40:49+08:00 ] 127.0.0.1 /Company_crm/index.php/Home/Shouqian/kehu_list.html
ERR: SQLSTATE[42S02]: Base table or view not found: 1146 Table 'crm.crm_kehu' doesn't exist

[ 2017-05-25T11:40:50+08:00 ] 127.0.0.1 /Company_crm/index.php/Home/Shouqian/kehu_list.html
ERR: SQLSTATE[42S02]: Base table or view not found: 1146 Table 'crm.crm_kehu' doesn't exist

[ 2017-05-25T11:40:50+08:00 ] 127.0.0.1 /Company_crm/index.php/Home/Shouqian/kehu_list.html
ERR: SQLSTATE[42S02]: Base table or view not found: 1146 Table 'crm.crm_kehu' doesn't exist

[ 2017-05-25T11:40:51+08:00 ] 127.0.0.1 /Company_crm/index.php/Home/Shouqian/kehu_list.html
ERR: SQLSTATE[42S02]: Base table or view not found: 1146 Table 'crm.crm_kehu' doesn't exist

[ 2017-05-25T11:41:10+08:00 ] 127.0.0.1 /Company_crm/index.php/Home/Shouqian/kehu_list.html
ERR: SQLSTATE[42S02]: Base table or view not found: 1146 Table 'crm.crm_kehu' doesn't exist

[ 2017-05-25T11:41:11+08:00 ] 127.0.0.1 /Company_crm/index.php/Home/Shouqian/kehu_list.html
ERR: SQLSTATE[42S02]: Base table or view not found: 1146 Table 'crm.crm_kehu' doesn't exist

[ 2017-05-25T11:41:11+08:00 ] 127.0.0.1 /Company_crm/index.php/Home/Shouqian/kehu_list.html
ERR: SQLSTATE[42S02]: Base table or view not found: 1146 Table 'crm.crm_kehu' doesn't exist

[ 2017-05-25T11:41:14+08:00 ] 127.0.0.1 /Company_crm/index.php/Home/Shouqian/kehu_list.html
ERR: SQLSTATE[42S02]: Base table or view not found: 1146 Table 'crm.crm_kehu' doesn't exist

[ 2017-05-25T11:41:20+08:00 ] 127.0.0.1 /Company_crm/index.php/Home/Project/wo_list.html
ERR: SQLSTATE[42S02]: Base table or view not found: 1146 Table 'crm.crm_kehu' doesn't exist

[ 2017-05-25T11:41:21+08:00 ] 127.0.0.1 /Company_crm/index.php/Home/Project/wo_list.html
ERR: SQLSTATE[42S02]: Base table or view not found: 1146 Table 'crm.crm_kehu' doesn't exist

[ 2017-05-25T11:41:26+08:00 ] 127.0.0.1 /Company_crm/index.php/Home/Project/wo_list.html
ERR: SQLSTATE[42S02]: Base table or view not found: 1146 Table 'crm.crm_kehu' doesn't exist

[ 2017-05-25T11:41:28+08:00 ] 127.0.0.1 /Company_crm/index.php/Home/Project/wo_list.html
ERR: SQLSTATE[42S02]: Base table or view not found: 1146 Table 'crm.crm_kehu' doesn't exist

[ 2017-05-25T11:41:28+08:00 ] 127.0.0.1 /Company_crm/index.php/Home/Project/wo_list.html
ERR: SQLSTATE[42S02]: Base table or view not found: 1146 Table 'crm.crm_kehu' doesn't exist

[ 2017-05-25T11:41:34+08:00 ] 127.0.0.1 /Company_crm/index.php/Home/Project/wo_list.html
ERR: SQLSTATE[42S02]: Base table or view not found: 1146 Table 'crm.crm_kehu' doesn't exist

[ 2017-05-25T11:41:35+08:00 ] 127.0.0.1 /Company_crm/index.php/Home/Project/wo_list.html
ERR: SQLSTATE[42S02]: Base table or view not found: 1146 Table 'crm.crm_kehu' doesn't exist

[ 2017-05-25T11:41:54+08:00 ] 127.0.0.1 /Company_crm/index.php/Home/Project/wo_list.html
ERR: SQLSTATE[42S02]: Base table or view not found: 1146 Table 'crm.crm_kehu' doesn't exist

[ 2017-05-25T11:41:58+08:00 ] 127.0.0.1 /Company_crm/index.php/Home/Project/wo_list.html
ERR: SQLSTATE[42S02]: Base table or view not found: 1146 Table 'crm.crm_kehu' doesn't exist

[ 2017-05-25T11:41:58+08:00 ] 127.0.0.1 /Company_crm/index.php/Home/Project/wo_list.html
ERR: SQLSTATE[42S02]: Base table or view not found: 1146 Table 'crm.crm_kehu' doesn't exist

[ 2017-05-25T11:41:59+08:00 ] 127.0.0.1 /Company_crm/index.php/Home/Project/wo_list.html
ERR: SQLSTATE[42S02]: Base table or view not found: 1146 Table 'crm.crm_kehu' doesn't exist

[ 2017-05-25T11:41:59+08:00 ] 127.0.0.1 /Company_crm/index.php/Home/Project/wo_list.html
ERR: SQLSTATE[42S02]: Base table or view not found: 1146 Table 'crm.crm_kehu' doesn't exist

[ 2017-05-25T11:42:01+08:00 ] 127.0.0.1 /Company_crm/index.php/Home/Project/wo_list.html
ERR: SQLSTATE[42S02]: Base table or view not found: 1146 Table 'crm.crm_kehu' doesn't exist

[ 2017-05-25T11:42:01+08:00 ] 127.0.0.1 /Company_crm/index.php/Home/Project/wo_list.html
ERR: SQLSTATE[42S02]: Base table or view not found: 1146 Table 'crm.crm_kehu' doesn't exist

[ 2017-05-25T11:42:05+08:00 ] 127.0.0.1 /Company_crm/index.php/Home/Project/wo_list.html
ERR: SQLSTATE[42S02]: Base table or view not found: 1146 Table 'crm.crm_kehu' doesn't exist

[ 2017-05-25T11:42:09+08:00 ] 127.0.0.1 /Company_crm/index.php/Home/Project/wo_list.html
ERR: SQLSTATE[42S02]: Base table or view not found: 1146 Table 'crm.crm_kehu' doesn't exist

[ 2017-05-25T11:42:26+08:00 ] 127.0.0.1 /Company_crm/index.php/Home/Project/wo_list.html
ERR: SQLSTATE[42S02]: Base table or view not found: 1146 Table 'crm.crm_kehu' doesn't exist

[ 2017-05-25T11:42:27+08:00 ] 127.0.0.1 /Company_crm/index.php/Home/Project/wo_list.html
ERR: SQLSTATE[42S02]: Base table or view not found: 1146 Table 'crm.crm_kehu' doesn't exist

[ 2017-05-25T11:44:51+08:00 ] 127.0.0.1 /Company_crm/index.php/Home/Shouqian/kehu_list.html
ERR: SQLSTATE[42S02]: Base table or view not found: 1146 Table 'crm.crm_kehu' doesn't exist

[ 2017-05-25T13:13:10+08:00 ] 127.0.0.1 /Company_crm/index.php/Home/Shouqian/kehu_list.html
ERR: SQLSTATE[42S02]: Base table or view not found: 1146 Table 'crm.crm_kehu' doesn't exist

[ 2017-05-25T13:13:19+08:00 ] 127.0.0.1 /Company_crm/index.php/Home/Shouqian/kehu_list.html
ERR: SQLSTATE[42S02]: Base table or view not found: 1146 Table 'crm.crm_kehu' doesn't exist

[ 2017-05-25T13:13:20+08:00 ] 127.0.0.1 /Company_crm/index.php/Home/Shouqian/kehu_list.html
ERR: SQLSTATE[42S02]: Base table or view not found: 1146 Table 'crm.crm_kehu' doesn't exist

[ 2017-05-25T13:13:29+08:00 ] 127.0.0.1 /Company_crm/index.php/Home/Shouqian/kehu_list.html
ERR: SQLSTATE[42S02]: Base table or view not found: 1146 Table 'crm.crm_kehu' doesn't exist

[ 2017-05-25T13:13:29+08:00 ] 127.0.0.1 /Company_crm/index.php/Home/Shouqian/kehu_list.html
ERR: SQLSTATE[42S02]: Base table or view not found: 1146 Table 'crm.crm_kehu' doesn't exist

[ 2017-05-25T13:13:30+08:00 ] 127.0.0.1 /Company_crm/index.php/Home/Shouqian/kehu_list.html
ERR: SQLSTATE[42S02]: Base table or view not found: 1146 Table 'crm.crm_kehu' doesn't exist

[ 2017-05-25T13:13:30+08:00 ] 127.0.0.1 /Company_crm/index.php/Home/Shouqian/kehu_list.html
ERR: SQLSTATE[42S02]: Base table or view not found: 1146 Table 'crm.crm_kehu' doesn't exist

[ 2017-05-25T13:13:38+08:00 ] 127.0.0.1 /Company_crm/index.php/Home/Shouqian/kehu_list.html
ERR: SQLSTATE[42S02]: Base table or view not found: 1146 Table 'crm.crm_kehu' doesn't exist

[ 2017-05-25T13:14:00+08:00 ] 127.0.0.1 /Company_crm/index.php/Home/Shouqian/kehu_list.html
ERR: SQLSTATE[42S02]: Base table or view not found: 1146 Table 'crm.crm_kehu' doesn't exist

[ 2017-05-25T13:14:01+08:00 ] 127.0.0.1 /Company_crm/index.php/Home/Shouqian/kehu_list.html
ERR: SQLSTATE[42S02]: Base table or view not found: 1146 Table 'crm.crm_kehu' doesn't exist

[ 2017-05-25T13:43:45+08:00 ] 127.0.0.1 /Company_crm/index.php/Home/Client/client_delone.html
INFO: [ app_begin ] --START--
INFO: Run Behavior\ReadHtmlCacheBehavior [ RunTime:0.000000s ]
INFO: [ app_begin ] --END-- [ RunTime:0.001000s ]
SQL: SHOW COLUMNS FROM `crm_auth_group_access` [ RunTime:0.0010s ]
SQL: SELECT `uid`,`group_id`,`title`,`rules` FROM crm_auth_group_access a INNER JOIN crm_auth_group g on a.group_id=g.id  WHERE ( a.uid='1' and g.status='1' )  [ RunTime:0.0010s ]
SQL: SHOW COLUMNS FROM `crm_auth_rule` [ RunTime:0.0010s ]
SQL: SELECT `condition`,`name` FROM `crm_auth_rule` WHERE `id` IN ('1','3','4','5','6','7','8','9','10','11','12','13','14','15','16','17','62','64','18','19','20','21','22','23','24','25','26','27','28','29','30','31','32','33','34','35','36','37','38','39','40','41','42','43','44','45','46','47','48','49','50','51','52','53','54','55','56','57','58','59','60','61','63','65','66','67','68','69','70') AND `type` = 1 AND `status` = 1  [ RunTime:0.0010s ]
SQL: SHOW COLUMNS FROM `crm_client` [ RunTime:0.0010s ]
SQL: UPDATE `crm_client` SET `flag`='0' WHERE `id` = 5 [ RunTime:0.0010s ]

[ 2017-05-25T13:54:34+08:00 ] 127.0.0.1 /Company_crm/index.php/Home/Shouqian/kehu_edit/p/1/id/6
ERR: 模板不存在:./OA/Home/View/Shouqian/kehu_edit.html

[ 2017-05-25T14:02:19+08:00 ] 127.0.0.1 /Company_crm/index.php/Home/Client/client_delone.html
INFO: [ app_begin ] --START--
INFO: Run Behavior\ReadHtmlCacheBehavior [ RunTime:0.002000s ]
INFO: [ app_begin ] --END-- [ RunTime:0.002000s ]
SQL: SHOW COLUMNS FROM `crm_auth_group_access` [ RunTime:0.0010s ]
SQL: SELECT `uid`,`group_id`,`title`,`rules` FROM crm_auth_group_access a INNER JOIN crm_auth_group g on a.group_id=g.id  WHERE ( a.uid='1' and g.status='1' )  [ RunTime:0.0010s ]
SQL: SHOW COLUMNS FROM `crm_auth_rule` [ RunTime:0.0010s ]
SQL: SELECT `condition`,`name` FROM `crm_auth_rule` WHERE `id` IN ('1','3','4','5','6','7','8','9','10','11','12','13','14','15','16','17','62','64','18','19','20','21','22','23','24','25','26','27','28','29','30','31','32','33','34','35','36','37','38','39','40','41','42','43','44','45','46','47','48','49','50','51','52','53','54','55','56','57','58','59','60','61','63','65','66','67','68','69','70') AND `type` = 1 AND `status` = 1  [ RunTime:0.0010s ]
SQL: SHOW COLUMNS FROM `crm_client` [ RunTime:0.0000s ]
SQL: UPDATE `crm_client` SET `flag`='0' WHERE `id` = 6 [ RunTime:0.0000s ]

[ 2017-05-25T14:02:26+08:00 ] 127.0.0.1 /Company_crm/index.php/Home/Client/client_delall.html
INFO: [ app_begin ] --START--
INFO: Run Behavior\ReadHtmlCacheBehavior [ RunTime:0.001000s ]
INFO: [ app_begin ] --END-- [ RunTime:0.002000s ]
SQL: SHOW COLUMNS FROM `crm_auth_group_access` [ RunTime:0.0010s ]
SQL: SELECT `uid`,`group_id`,`title`,`rules` FROM crm_auth_group_access a INNER JOIN crm_auth_group g on a.group_id=g.id  WHERE ( a.uid='1' and g.status='1' )  [ RunTime:0.0000s ]
SQL: SHOW COLUMNS FROM `crm_auth_rule` [ RunTime:0.0010s ]
SQL: SELECT `condition`,`name` FROM `crm_auth_rule` WHERE `id` IN ('1','3','4','5','6','7','8','9','10','11','12','13','14','15','16','17','62','64','18','19','20','21','22','23','24','25','26','27','28','29','30','31','32','33','34','35','36','37','38','39','40','41','42','43','44','45','46','47','48','49','50','51','52','53','54','55','56','57','58','59','60','61','63','65','66','67','68','69','70') AND `type` = 1 AND `status` = 1  [ RunTime:0.0000s ]
SQL: SHOW COLUMNS FROM `crm_client` [ RunTime:0.0010s ]
SQL: UPDATE `crm_client` SET `flag`='0' WHERE `id` IN ('11','12') [ RunTime:0.0000s ]

[ 2017-05-25T14:26:08+08:00 ] 127.0.0.1 /Company_crm/index.php/Home/Project/wo_list.html
ERR: SQLSTATE[42S02]: Base table or view not found: 1146 Table 'crm.crm_kehu' doesn't exist

[ 2017-05-25T14:26:44+08:00 ] 127.0.0.1 /Company_crm/index.php/Home/Project/item_delone.html
INFO: [ app_begin ] --START--
INFO: Run Behavior\ReadHtmlCacheBehavior [ RunTime:0.001000s ]
INFO: [ app_begin ] --END-- [ RunTime:0.002000s ]
NOTIC: [8] Undefined index: ZhangHao E:\AppServ\www\Company_crm\OA\Home\Controller\CommonController.class.php 第 30 行.
SQL: SHOW COLUMNS FROM `crm_itemgroup` [ RunTime:0.0000s ]
SQL: DELETE FROM `crm_itemgroup` WHERE `item_id` = 3 [ RunTime:0.0360s ]

[ 2017-05-25T14:26:47+08:00 ] 127.0.0.1 /Company_crm/index.php/Home/Project/item_delall.html
INFO: [ app_begin ] --START--
INFO: Run Behavior\ReadHtmlCacheBehavior [ RunTime:0.001000s ]
INFO: [ app_begin ] --END-- [ RunTime:0.001000s ]
NOTIC: [8] Undefined index: ZhangHao E:\AppServ\www\Company_crm\OA\Home\Controller\CommonController.class.php 第 30 行.
SQL: SHOW COLUMNS FROM `crm_itemgroup` [ RunTime:0.0000s ]
SQL: DELETE FROM `crm_itemgroup` WHERE `item_id` IN ('4','5') [ RunTime:0.0450s ]

[ 2017-05-25T14:26:55+08:00 ] 127.0.0.1 /Company_crm/index.php/Home/Project/wo_list.html
ERR: SQLSTATE[42S02]: Base table or view not found: 1146 Table 'crm.crm_kehu' doesn't exist

[ 2017-05-25T14:30:29+08:00 ] 127.0.0.1 /Company_crm/index.php/Home/Project/wo_list.html
ERR: SQLSTATE[42S02]: Base table or view not found: 1146 Table 'crm.crm_kehu' doesn't exist

[ 2017-05-25T14:38:14+08:00 ] 127.0.0.1 /Company_crm/index.php/Home/Project/wo_list.html
ERR: SQLSTATE[42S02]: Base table or view not found: 1146 Table 'crm.crm_kehu' doesn't exist

[ 2017-05-25T14:40:53+08:00 ] 127.0.0.1 /Company_crm/index.php/Home/Project/wo_list.html
ERR: SQLSTATE[42S22]: Column not found: 1054 Unknown column 'k.xlc_name' in 'field list'

[ 2017-05-25T14:41:15+08:00 ] 127.0.0.1 /Company_crm/index.php/Home/Project/wo_list.html
ERR: SQLSTATE[23000]: Integrity constraint violation: 1052 Column 'flag' in where clause is ambiguous

[ 2017-05-25T14:42:18+08:00 ] 127.0.0.1 /Company_crm/index.php/Home/Project/wo_list.html
ERR: SQLSTATE[23000]: Integrity constraint violation: 1052 Column 'flag' in where clause is ambiguous

[ 2017-05-25T14:54:54+08:00 ] 127.0.0.1 /Company_crm/index.php/Home/Project/wo_delone.html
INFO: [ app_begin ] --START--
INFO: Run Behavior\ReadHtmlCacheBehavior [ RunTime:0.002000s ]
INFO: [ app_begin ] --END-- [ RunTime:0.002000s ]
NOTIC: [8] Undefined index: ZhangHao E:\AppServ\www\Company_crm\OA\Home\Controller\CommonController.class.php 第 30 行.
SQL: SHOW COLUMNS FROM `crm_workorder` [ RunTime:0.0000s ]
SQL: UPDATE `crm_workorder` SET `flag`='0' WHERE `id` = 5 [ RunTime:0.0530s ]

[ 2017-05-25T14:55:39+08:00 ] 127.0.0.1 /Company_crm/index.php/Home/Project/wo_delall.html
INFO: [ app_begin ] --START--
INFO: Run Behavior\ReadHtmlCacheBehavior [ RunTime:0.001000s ]
INFO: [ app_begin ] --END-- [ RunTime:0.001000s ]
NOTIC: [8] Undefined index: ZhangHao E:\AppServ\www\Company_crm\OA\Home\Controller\CommonController.class.php 第 30 行.
SQL: SHOW COLUMNS FROM `crm_workorder` [ RunTime:0.0010s ]
SQL: UPDATE `crm_workorder` SET `flag`='0' WHERE `id` IN ('3','4') [ RunTime:0.0370s ]

[ 2017-05-25T15:16:25+08:00 ] 127.0.0.1 /Company_crm/index.php/Home/Project/item_delone.html
INFO: [ app_begin ] --START--
INFO: Run Behavior\ReadHtmlCacheBehavior [ RunTime:0.001000s ]
INFO: [ app_begin ] --END-- [ RunTime:0.002000s ]
NOTIC: [8] Undefined index: ZhangHao E:\AppServ\www\Company_crm\OA\Home\Controller\CommonController.class.php 第 30 行.
SQL: SHOW COLUMNS FROM `crm_itemgroup` [ RunTime:0.0020s ]
SQL: UPDATE `crm_itemgroup` SET `status`='0' WHERE `item_id` = 6 [ RunTime:0.0230s ]

[ 2017-05-25T15:16:50+08:00 ] 127.0.0.1 /Company_crm/index.php/Home/Project/item_delall.html
INFO: [ app_begin ] --START--
INFO: Run Behavior\ReadHtmlCacheBehavior [ RunTime:0.001000s ]
INFO: [ app_begin ] --END-- [ RunTime:0.001000s ]
NOTIC: [8] Undefined index: ZhangHao E:\AppServ\www\Company_crm\OA\Home\Controller\CommonController.class.php 第 30 行.
SQL: SHOW COLUMNS FROM `crm_itemgroup` [ RunTime:0.0020s ]
SQL: UPDATE `crm_itemgroup` SET `status`='0' WHERE `item_id` IN ('6','7') [ RunTime:0.1690s ]

[ 2017-05-25T16:13:38+08:00 ] 127.0.0.1 /Company_crm/index.php/Home/Project/task_delone.html
INFO: [ app_begin ] --START--
INFO: Run Behavior\ReadHtmlCacheBehavior [ RunTime:0.001000s ]
INFO: [ app_begin ] --END-- [ RunTime:0.002000s ]
NOTIC: [8] Undefined index: ZhangHao E:\AppServ\www\Company_crm\OA\Home\Controller\CommonController.class.php 第 30 行.
SQL: SHOW COLUMNS FROM `crm_task` [ RunTime:0.0010s ]
SQL: UPDATE `crm_task` SET `flag`='0' WHERE `task_id` = 1 [ RunTime:0.0340s ]

[ 2017-05-25T16:13:45+08:00 ] 127.0.0.1 /Company_crm/index.php/Home/Project/task_delall.html
INFO: [ app_begin ] --START--
INFO: Run Behavior\ReadHtmlCacheBehavior [ RunTime:0.000000s ]
INFO: [ app_begin ] --END-- [ RunTime:0.001001s ]
NOTIC: [8] Undefined index: ZhangHao E:\AppServ\www\Company_crm\OA\Home\Controller\CommonController.class.php 第 30 行.
SQL: SHOW COLUMNS FROM `crm_task` [ RunTime:0.0010s ]
SQL: UPDATE `crm_task` SET `flag`='0' WHERE `task_id` IN ('10') [ RunTime:0.0270s ]

[ 2017-05-25T16:22:15+08:00 ] 127.0.0.1 /Company_crm/index.php/Home/Project/process_delone.html
INFO: [ app_begin ] --START--
INFO: Run Behavior\ReadHtmlCacheBehavior [ RunTime:0.000000s ]
INFO: [ app_begin ] --END-- [ RunTime:0.001000s ]
NOTIC: [8] Undefined index: ZhangHao E:\AppServ\www\Company_crm\OA\Home\Controller\CommonController.class.php 第 30 行.
SQL: SHOW COLUMNS FROM `crm_task` [ RunTime:0.0010s ]
SQL: UPDATE `crm_task` SET `flag`='0' WHERE `task_id` = 1 [ RunTime:0.0230s ]

[ 2017-05-25T16:22:19+08:00 ] 127.0.0.1 /Company_crm/index.php/Home/Project/process_delall.html
INFO: [ app_begin ] --START--
INFO: Run Behavior\ReadHtmlCacheBehavior [ RunTime:0.001000s ]
INFO: [ app_begin ] --END-- [ RunTime:0.002000s ]
NOTIC: [8] Undefined index: ZhangHao E:\AppServ\www\Company_crm\OA\Home\Controller\CommonController.class.php 第 30 行.
SQL: SHOW COLUMNS FROM `crm_task` [ RunTime:0.0010s ]
SQL: UPDATE `crm_task` SET `flag`='0' WHERE `task_id` IN ('2','7') [ RunTime:0.0250s ]

[ 2017-05-25T16:31:11+08:00 ] 127.0.0.1 /Company_crm/index.php/Home/Develop/task_delone.html
INFO: [ app_begin ] --START--
INFO: Run Behavior\ReadHtmlCacheBehavior [ RunTime:0.001000s ]
INFO: [ app_begin ] --END-- [ RunTime:0.002000s ]
NOTIC: [8] Undefined index: ZhangHao E:\AppServ\www\Company_crm\OA\Home\Controller\CommonController.class.php 第 30 行.
SQL: SHOW COLUMNS FROM `crm_task` [ RunTime:0.0010s ]
SQL: UPDATE `crm_task` SET `flag`='0' WHERE `task_id` = 11 [ RunTime:0.0250s ]

[ 2017-05-25T16:31:20+08:00 ] 127.0.0.1 /Company_crm/index.php/Home/Develop/task_delall.html
INFO: [ app_begin ] --START--
INFO: Run Behavior\ReadHtmlCacheBehavior [ RunTime:0.001000s ]
INFO: [ app_begin ] --END-- [ RunTime:0.002000s ]
NOTIC: [8] Undefined index: ZhangHao E:\AppServ\www\Company_crm\OA\Home\Controller\CommonController.class.php 第 30 行.
SQL: SHOW COLUMNS FROM `crm_task` [ RunTime:0.0010s ]
SQL: UPDATE `crm_task` SET `flag`='0' WHERE `task_id` IN ('7','8') [ RunTime:0.0480s ]

[ 2017-05-25T16:34:43+08:00 ] 127.0.0.1 /Company_crm/index.php/Home/Develop/process_delone.html
INFO: [ app_begin ] --START--
INFO: Run Behavior\ReadHtmlCacheBehavior [ RunTime:0.000000s ]
INFO: [ app_begin ] --END-- [ RunTime:0.001000s ]
NOTIC: [8] Undefined index: ZhangHao E:\AppServ\www\Company_crm\OA\Home\Controller\CommonController.class.php 第 30 行.
SQL: SHOW COLUMNS FROM `crm_task` [ RunTime:0.0010s ]
SQL: UPDATE `crm_task` SET `flag`='0' WHERE `task_id` = 1 [ RunTime:0.0220s ]

[ 2017-05-25T16:34:46+08:00 ] 127.0.0.1 /Company_crm/index.php/Home/Develop/process_delall.html
INFO: [ app_begin ] --START--
INFO: Run Behavior\ReadHtmlCacheBehavior [ RunTime:0.001000s ]
INFO: [ app_begin ] --END-- [ RunTime:0.002000s ]
NOTIC: [8] Undefined index: ZhangHao E:\AppServ\www\Company_crm\OA\Home\Controller\CommonController.class.php 第 30 行.
SQL: SHOW COLUMNS FROM `crm_task` [ RunTime:0.0010s ]
SQL: UPDATE `crm_task` SET `flag`='0' WHERE `task_id` IN ('2','7') [ RunTime:0.0290s ]

[ 2017-05-25T16:58:37+08:00 ] 127.0.0.1 /Company_crm/index.php/Home/Client/client_delone.html
INFO: [ app_begin ] --START--
INFO: Run Behavior\ReadHtmlCacheBehavior [ RunTime:0.001000s ]
INFO: [ app_begin ] --END-- [ RunTime:0.002000s ]
NOTIC: [8] Undefined index: ZhangHao E:\AppServ\www\Company_crm\OA\Home\Controller\CommonController.class.php 第 30 行.
SQL: SHOW COLUMNS FROM `crm_client` [ RunTime:0.0010s ]
SQL: UPDATE `crm_client` SET `flag`='0' WHERE `id` = 17 [ RunTime:0.0010s ]

[ 2017-05-25T16:58:41+08:00 ] 127.0.0.1 /Company_crm/index.php/Home/Client/client_delall.html
INFO: [ app_begin ] --START--
INFO: Run Behavior\ReadHtmlCacheBehavior [ RunTime:0.001000s ]
INFO: [ app_begin ] --END-- [ RunTime:0.001000s ]
NOTIC: [8] Undefined index: ZhangHao E:\AppServ\www\Company_crm\OA\Home\Controller\CommonController.class.php 第 30 行.
SQL: SHOW COLUMNS FROM `crm_client` [ RunTime:0.0010s ]
SQL: UPDATE `crm_client` SET `flag`='0' WHERE `id` IN ('18') [ RunTime:0.0010s ]

[ 2017-05-25T17:01:46+08:00 ] 127.0.0.1 /Company_crm/index.php/Home/Client/shouhou_delall.html
INFO: [ app_begin ] --START--
INFO: Run Behavior\ReadHtmlCacheBehavior [ RunTime:0.001000s ]
INFO: [ app_begin ] --END-- [ RunTime:0.002000s ]
NOTIC: [8] Undefined index: ZhangHao E:\AppServ\www\Company_crm\OA\Home\Controller\CommonController.class.php 第 30 行.
SQL: SHOW COLUMNS FROM `crm_workorder` [ RunTime:0.0010s ]
SQL: UPDATE `crm_workorder` SET `flag`='0' WHERE `id` IN ('3','4') [ RunTime:0.0230s ]

[ 2017-05-25T17:01:52+08:00 ] 127.0.0.1 /Company_crm/index.php/Home/Client/shouhou_delone.html
INFO: [ app_begin ] --START--
INFO: Run Behavior\ReadHtmlCacheBehavior [ RunTime:0.001000s ]
INFO: [ app_begin ] --END-- [ RunTime:0.002000s ]
NOTIC: [8] Undefined index: ZhangHao E:\AppServ\www\Company_crm\OA\Home\Controller\CommonController.class.php 第 30 行.
SQL: SHOW COLUMNS FROM `crm_workorder` [ RunTime:0.0010s ]
SQL: UPDATE `crm_workorder` SET `flag`='0' WHERE `id` = 2 [ RunTime:0.0260s ]

