[ 2017-05-24T08:46:37+08:00 ] 127.0.0.1 /Company_crm/index.php/Home/Public/css/admin.css
ERR: 非法操作:css

[ 2017-05-24T10:15:37+08:00 ] 127.0.0.1 /Company_crm/index.php/Home/Index/index.html
ERR: Think\Controller:checkauths方法不存在！

[ 2017-05-24T10:16:05+08:00 ] 127.0.0.1 /Company_crm/index.php/Home/Public/css/admin.css
ERR: 非法操作:css

[ 2017-05-24T11:36:28+08:00 ] ::1 /Company_crm/index.php/Home/Public/css/admin.css
ERR: 非法操作:css

[ 2017-05-24T11:36:56+08:00 ] ::1 /Company_crm/index.php/Home/Public/css/admin.css
ERR: 非法操作:css

[ 2017-05-24T11:37:06+08:00 ] ::1 /Company_crm/index.php/Home/Index/index2.html
ERR: 非法操作:index2

[ 2017-05-24T11:37:12+08:00 ] ::1 /Company_crm/index.php/Home/Public/css/admin.css
ERR: 非法操作:css

[ 2017-05-24T13:21:50+08:00 ] 127.0.0.1 /Company_crm/index.php/Home/Public/css/admin.css
ERR: 非法操作:css

[ 2017-05-24T13:26:55+08:00 ] 127.0.0.1 /Company_crm/index.php/Home/Shouqian/products_del.html
INFO: [ app_begin ] --START--
INFO: Run Behavior\ReadHtmlCacheBehavior [ RunTime:0.001000s ]
INFO: [ app_begin ] --END-- [ RunTime:0.002000s ]
SQL: SHOW COLUMNS FROM `crm_auth_group_access` [ RunTime:0.0010s ]
SQL: SELECT `uid`,`group_id`,`title`,`rules` FROM crm_auth_group_access a INNER JOIN crm_auth_group g on a.group_id=g.id  WHERE ( a.uid='2' and g.status='1' )  [ RunTime:0.0000s ]
SQL: SHOW COLUMNS FROM `crm_auth_rule` [ RunTime:0.0010s ]
SQL: SELECT `condition`,`name` FROM `crm_auth_rule` WHERE `id` IN ('1','18','19','20','62','63','64') AND `type` = 1 AND `status` = 1  [ RunTime:0.0010s ]

[ 2017-05-24T13:27:05+08:00 ] 127.0.0.1 /Company_crm/index.php/Home/Shouqian/products_del.html
INFO: [ app_begin ] --START--
INFO: Run Behavior\ReadHtmlCacheBehavior [ RunTime:0.000000s ]
INFO: [ app_begin ] --END-- [ RunTime:0.002000s ]
SQL: SHOW COLUMNS FROM `crm_auth_group_access` [ RunTime:0.0010s ]
SQL: SELECT `uid`,`group_id`,`title`,`rules` FROM crm_auth_group_access a INNER JOIN crm_auth_group g on a.group_id=g.id  WHERE ( a.uid='2' and g.status='1' )  [ RunTime:0.0010s ]
SQL: SHOW COLUMNS FROM `crm_auth_rule` [ RunTime:0.0010s ]
SQL: SELECT `condition`,`name` FROM `crm_auth_rule` WHERE `id` IN ('1','18','19','20','62','63','64') AND `type` = 1 AND `status` = 1  [ RunTime:0.0010s ]

[ 2017-05-24T13:31:00+08:00 ] 127.0.0.1 /Company_crm/index.php/Home/Project/wo_delone.html
INFO: [ app_begin ] --START--
INFO: Run Behavior\ReadHtmlCacheBehavior [ RunTime:0.001000s ]
INFO: [ app_begin ] --END-- [ RunTime:0.001000s ]
SQL: SHOW COLUMNS FROM `crm_auth_group_access` [ RunTime:0.0010s ]
SQL: SELECT `uid`,`group_id`,`title`,`rules` FROM crm_auth_group_access a INNER JOIN crm_auth_group g on a.group_id=g.id  WHERE ( a.uid='3' and g.status='1' )  [ RunTime:0.0000s ]
SQL: SHOW COLUMNS FROM `crm_auth_rule` [ RunTime:0.0010s ]
SQL: SELECT `condition`,`name` FROM `crm_auth_rule` WHERE `id` IN ('1','24','25','26','29','30','31','34','35','38','39','40','41','62','63','64') AND `type` = 1 AND `status` = 1  [ RunTime:0.0010s ]

[ 2017-05-24T13:32:09+08:00 ] 127.0.0.1 /Company_crm/index.php/Home/Project/task_delone.html
INFO: [ app_begin ] --START--
INFO: Run Behavior\ReadHtmlCacheBehavior [ RunTime:0.001000s ]
INFO: [ app_begin ] --END-- [ RunTime:0.001000s ]
SQL: SHOW COLUMNS FROM `crm_auth_group_access` [ RunTime:0.0010s ]
SQL: SELECT `uid`,`group_id`,`title`,`rules` FROM crm_auth_group_access a INNER JOIN crm_auth_group g on a.group_id=g.id  WHERE ( a.uid='3' and g.status='1' )  [ RunTime:0.0010s ]
SQL: SHOW COLUMNS FROM `crm_auth_rule` [ RunTime:0.0010s ]
SQL: SELECT `condition`,`name` FROM `crm_auth_rule` WHERE `id` IN ('1','24','25','26','29','30','31','34','35','38','39','40','41','62','63','64') AND `type` = 1 AND `status` = 1  [ RunTime:0.0000s ]

[ 2017-05-24T13:32:18+08:00 ] 127.0.0.1 /Company_crm/index.php/Home/Project/item_delone.html
INFO: [ app_begin ] --START--
INFO: Run Behavior\ReadHtmlCacheBehavior [ RunTime:0.001000s ]
INFO: [ app_begin ] --END-- [ RunTime:0.001000s ]
SQL: SHOW COLUMNS FROM `crm_auth_group_access` [ RunTime:0.0000s ]
SQL: SELECT `uid`,`group_id`,`title`,`rules` FROM crm_auth_group_access a INNER JOIN crm_auth_group g on a.group_id=g.id  WHERE ( a.uid='3' and g.status='1' )  [ RunTime:0.0000s ]
SQL: SHOW COLUMNS FROM `crm_auth_rule` [ RunTime:0.0010s ]
SQL: SELECT `condition`,`name` FROM `crm_auth_rule` WHERE `id` IN ('1','24','25','26','29','30','31','34','35','38','39','40','41','62','63','64') AND `type` = 1 AND `status` = 1  [ RunTime:0.0010s ]

[ 2017-05-24T13:33:01+08:00 ] 127.0.0.1 /Company_crm/index.php/Home/Project/process_delone.html
INFO: [ app_begin ] --START--
INFO: Run Behavior\ReadHtmlCacheBehavior [ RunTime:0.001000s ]
INFO: [ app_begin ] --END-- [ RunTime:0.002000s ]
SQL: SHOW COLUMNS FROM `crm_auth_group_access` [ RunTime:0.0010s ]
SQL: SELECT `uid`,`group_id`,`title`,`rules` FROM crm_auth_group_access a INNER JOIN crm_auth_group g on a.group_id=g.id  WHERE ( a.uid='3' and g.status='1' )  [ RunTime:0.0010s ]
SQL: SHOW COLUMNS FROM `crm_auth_rule` [ RunTime:0.0010s ]
SQL: SELECT `condition`,`name` FROM `crm_auth_rule` WHERE `id` IN ('1','24','25','26','29','30','31','34','35','38','39','40','41','62','63','64') AND `type` = 1 AND `status` = 1  [ RunTime:0.0000s ]

[ 2017-05-24T18:30:12+08:00 ] 127.0.0.1 /Company_crm/index.php/Home/Administrator/role_edit
ERR: SQLSTATE[42000]: Syntax error or access violation: 1064 You have an error in your SQL syntax; check the manual that corresponds to your MySQL server version for the right syntax to use near ')' at line 1

[ 2017-05-24T18:30:44+08:00 ] 127.0.0.1 /Company_crm/index.php/Home/Administrator/role_edit
ERR: SQLSTATE[42000]: Syntax error or access violation: 1064 You have an error in your SQL syntax; check the manual that corresponds to your MySQL server version for the right syntax to use near ')' at line 1

[ 2017-05-24T18:32:14+08:00 ] 127.0.0.1 /Company_crm/index.php/Home/Administrator/role_edit
ERR: SQLSTATE[42000]: Syntax error or access violation: 1064 You have an error in your SQL syntax; check the manual that corresponds to your MySQL server version for the right syntax to use near ')' at line 1

[ 2017-05-24T18:33:57+08:00 ] 127.0.0.1 /Company_crm/index.php/Home/Administrator/role_edit
ERR: SQLSTATE[42000]: Syntax error or access violation: 1064 You have an error in your SQL syntax; check the manual that corresponds to your MySQL server version for the right syntax to use near ')' at line 1

[ 2017-05-24T18:43:33+08:00 ] 127.0.0.1 /Company_crm/index.php/Home/Administrator/role_delone.html
INFO: [ app_begin ] --START--
INFO: Run Behavior\ReadHtmlCacheBehavior [ RunTime:0.001000s ]
INFO: [ app_begin ] --END-- [ RunTime:0.001000s ]
SQL: SHOW COLUMNS FROM `crm_auth_group_access` [ RunTime:0.0010s ]
SQL: SELECT `uid`,`group_id`,`title`,`rules` FROM crm_auth_group_access a INNER JOIN crm_auth_group g on a.group_id=g.id  WHERE ( a.uid='1' and g.status='1' )  [ RunTime:0.0010s ]
SQL: SHOW COLUMNS FROM `crm_auth_rule` [ RunTime:0.0000s ]
SQL: SELECT `condition`,`name` FROM `crm_auth_rule` WHERE `id` IN ('1','2','3','4','5','6','7','8','9','10','11','12','13','14','15','16','17','18','19','20','21','22','23','24','25','26','27','28','29','30','31','32','33','34','35','36','37','38','39','40','41','42','43','44','45','46','47','48','49','50','51','52','53','54','55','56','57','58','59','60','61','62','63','64','65','66','67','68','69','70') AND `type` = 1 AND `status` = 1  [ RunTime:0.0010s ]
SQL: SHOW COLUMNS FROM `crm_auth_group` [ RunTime:0.0010s ]
SQL: UPDATE `crm_auth_group` SET `status`='0' WHERE `id` = 7 [ RunTime:0.0000s ]

[ 2017-05-24T18:44:00+08:00 ] 127.0.0.1 /Company_crm/index.php/Home/Administrator/delall.html
INFO: [ app_begin ] --START--
INFO: Run Behavior\ReadHtmlCacheBehavior [ RunTime:0.001000s ]
INFO: [ app_begin ] --END-- [ RunTime:0.002000s ]
SQL: SHOW COLUMNS FROM `crm_auth_group_access` [ RunTime:0.0010s ]
SQL: SELECT `uid`,`group_id`,`title`,`rules` FROM crm_auth_group_access a INNER JOIN crm_auth_group g on a.group_id=g.id  WHERE ( a.uid='1' and g.status='1' )  [ RunTime:0.0010s ]
SQL: SHOW COLUMNS FROM `crm_auth_rule` [ RunTime:0.0010s ]
SQL: SELECT `condition`,`name` FROM `crm_auth_rule` WHERE `id` IN ('1','2','3','4','5','6','7','8','9','10','11','12','13','14','15','16','17','18','19','20','21','22','23','24','25','26','27','28','29','30','31','32','33','34','35','36','37','38','39','40','41','42','43','44','45','46','47','48','49','50','51','52','53','54','55','56','57','58','59','60','61','62','63','64','65','66','67','68','69','70') AND `type` = 1 AND `status` = 1  [ RunTime:0.0010s ]

[ 2017-05-24T18:44:18+08:00 ] 127.0.0.1 /Company_crm/index.php/Home/Administrator/delall.html
INFO: [ app_begin ] --START--
INFO: Run Behavior\ReadHtmlCacheBehavior [ RunTime:0.001000s ]
INFO: [ app_begin ] --END-- [ RunTime:0.001000s ]
SQL: SHOW COLUMNS FROM `crm_auth_group_access` [ RunTime:0.0010s ]
SQL: SELECT `uid`,`group_id`,`title`,`rules` FROM crm_auth_group_access a INNER JOIN crm_auth_group g on a.group_id=g.id  WHERE ( a.uid='1' and g.status='1' )  [ RunTime:0.0010s ]
SQL: SHOW COLUMNS FROM `crm_auth_rule` [ RunTime:0.0010s ]
SQL: SELECT `condition`,`name` FROM `crm_auth_rule` WHERE `id` IN ('1','2','3','4','5','6','7','8','9','10','11','12','13','14','15','16','17','18','19','20','21','22','23','24','25','26','27','28','29','30','31','32','33','34','35','36','37','38','39','40','41','42','43','44','45','46','47','48','49','50','51','52','53','54','55','56','57','58','59','60','61','62','63','64','65','66','67','68','69','70') AND `type` = 1 AND `status` = 1  [ RunTime:0.0010s ]

[ 2017-05-24T18:44:36+08:00 ] 127.0.0.1 /Company_crm/index.php/Home/Administrator/delall.html
INFO: [ app_begin ] --START--
INFO: Run Behavior\ReadHtmlCacheBehavior [ RunTime:0.001000s ]
INFO: [ app_begin ] --END-- [ RunTime:0.002000s ]
SQL: SHOW COLUMNS FROM `crm_auth_group_access` [ RunTime:0.0010s ]
SQL: SELECT `uid`,`group_id`,`title`,`rules` FROM crm_auth_group_access a INNER JOIN crm_auth_group g on a.group_id=g.id  WHERE ( a.uid='1' and g.status='1' )  [ RunTime:0.0000s ]
SQL: SHOW COLUMNS FROM `crm_auth_rule` [ RunTime:0.0000s ]
SQL: SELECT `condition`,`name` FROM `crm_auth_rule` WHERE `id` IN ('1','2','3','4','5','6','7','8','9','10','11','12','13','14','15','16','17','18','19','20','21','22','23','24','25','26','27','28','29','30','31','32','33','34','35','36','37','38','39','40','41','42','43','44','45','46','47','48','49','50','51','52','53','54','55','56','57','58','59','60','61','62','63','64','65','66','67','68','69','70') AND `type` = 1 AND `status` = 1  [ RunTime:0.0010s ]

[ 2017-05-24T18:45:24+08:00 ] 127.0.0.1 /Company_crm/index.php/Home/Administrator/delall.html
INFO: [ app_begin ] --START--
INFO: Run Behavior\ReadHtmlCacheBehavior [ RunTime:0.001000s ]
INFO: [ app_begin ] --END-- [ RunTime:0.001000s ]
SQL: SHOW COLUMNS FROM `crm_auth_group_access` [ RunTime:0.0010s ]
SQL: SELECT `uid`,`group_id`,`title`,`rules` FROM crm_auth_group_access a INNER JOIN crm_auth_group g on a.group_id=g.id  WHERE ( a.uid='1' and g.status='1' )  [ RunTime:0.0010s ]
SQL: SHOW COLUMNS FROM `crm_auth_rule` [ RunTime:0.0010s ]
SQL: SELECT `condition`,`name` FROM `crm_auth_rule` WHERE `id` IN ('1','2','3','4','5','6','7','8','9','10','11','12','13','14','15','16','17','18','19','20','21','22','23','24','25','26','27','28','29','30','31','32','33','34','35','36','37','38','39','40','41','42','43','44','45','46','47','48','49','50','51','52','53','54','55','56','57','58','59','60','61','62','63','64','65','66','67','68','69','70') AND `type` = 1 AND `status` = 1  [ RunTime:0.0010s ]

[ 2017-05-24T18:45:53+08:00 ] 127.0.0.1 /Company_crm/index.php/Home/Administrator/delall.html
INFO: [ app_begin ] --START--
INFO: Run Behavior\ReadHtmlCacheBehavior [ RunTime:0.001000s ]
INFO: [ app_begin ] --END-- [ RunTime:0.001000s ]
SQL: SHOW COLUMNS FROM `crm_auth_group_access` [ RunTime:0.0010s ]
SQL: SELECT `uid`,`group_id`,`title`,`rules` FROM crm_auth_group_access a INNER JOIN crm_auth_group g on a.group_id=g.id  WHERE ( a.uid='1' and g.status='1' )  [ RunTime:0.0010s ]
SQL: SHOW COLUMNS FROM `crm_auth_rule` [ RunTime:0.0010s ]
SQL: SELECT `condition`,`name` FROM `crm_auth_rule` WHERE `id` IN ('1','2','3','4','5','6','7','8','9','10','11','12','13','14','15','16','17','18','19','20','21','22','23','24','25','26','27','28','29','30','31','32','33','34','35','36','37','38','39','40','41','42','43','44','45','46','47','48','49','50','51','52','53','54','55','56','57','58','59','60','61','62','63','64','65','66','67','68','69','70') AND `type` = 1 AND `status` = 1  [ RunTime:0.0010s ]

[ 2017-05-24T18:46:46+08:00 ] 127.0.0.1 /Company_crm/index.php/Home/Administrator/delall.html
INFO: [ app_begin ] --START--
INFO: Run Behavior\ReadHtmlCacheBehavior [ RunTime:0.001000s ]
INFO: [ app_begin ] --END-- [ RunTime:0.002000s ]
SQL: SHOW COLUMNS FROM `crm_auth_group_access` [ RunTime:0.0010s ]
SQL: SELECT `uid`,`group_id`,`title`,`rules` FROM crm_auth_group_access a INNER JOIN crm_auth_group g on a.group_id=g.id  WHERE ( a.uid='1' and g.status='1' )  [ RunTime:0.0000s ]
SQL: SHOW COLUMNS FROM `crm_auth_rule` [ RunTime:0.0000s ]
SQL: SELECT `condition`,`name` FROM `crm_auth_rule` WHERE `id` IN ('1','2','3','4','5','6','7','8','9','10','11','12','13','14','15','16','17','18','19','20','21','22','23','24','25','26','27','28','29','30','31','32','33','34','35','36','37','38','39','40','41','42','43','44','45','46','47','48','49','50','51','52','53','54','55','56','57','58','59','60','61','62','63','64','65','66','67','68','69','70') AND `type` = 1 AND `status` = 1  [ RunTime:0.0010s ]

[ 2017-05-24T18:47:35+08:00 ] 127.0.0.1 /Company_crm/index.php/Home/Administrator/delall.html
INFO: [ app_begin ] --START--
INFO: Run Behavior\ReadHtmlCacheBehavior [ RunTime:0.001000s ]
INFO: [ app_begin ] --END-- [ RunTime:0.002001s ]
SQL: SHOW COLUMNS FROM `crm_auth_group_access` [ RunTime:0.0010s ]
SQL: SELECT `uid`,`group_id`,`title`,`rules` FROM crm_auth_group_access a INNER JOIN crm_auth_group g on a.group_id=g.id  WHERE ( a.uid='1' and g.status='1' )  [ RunTime:0.0010s ]
SQL: SHOW COLUMNS FROM `crm_auth_rule` [ RunTime:0.0010s ]
SQL: SELECT `condition`,`name` FROM `crm_auth_rule` WHERE `id` IN ('1','2','3','4','5','6','7','8','9','10','11','12','13','14','15','16','17','18','19','20','21','22','23','24','25','26','27','28','29','30','31','32','33','34','35','36','37','38','39','40','41','42','43','44','45','46','47','48','49','50','51','52','53','54','55','56','57','58','59','60','61','62','63','64','65','66','67','68','69','70') AND `type` = 1 AND `status` = 1  [ RunTime:0.0020s ]

[ 2017-05-24T18:48:58+08:00 ] 127.0.0.1 /Company_crm/index.php/Home/Administrator/role_delall.html
INFO: [ app_begin ] --START--
INFO: Run Behavior\ReadHtmlCacheBehavior [ RunTime:0.000000s ]
INFO: [ app_begin ] --END-- [ RunTime:0.001000s ]
SQL: SHOW COLUMNS FROM `crm_auth_group_access` [ RunTime:0.0010s ]
SQL: SELECT `uid`,`group_id`,`title`,`rules` FROM crm_auth_group_access a INNER JOIN crm_auth_group g on a.group_id=g.id  WHERE ( a.uid='1' and g.status='1' )  [ RunTime:0.0000s ]
SQL: SHOW COLUMNS FROM `crm_auth_rule` [ RunTime:0.0000s ]
SQL: SELECT `condition`,`name` FROM `crm_auth_rule` WHERE `id` IN ('1','2','3','4','5','6','7','8','9','10','11','12','13','14','15','16','17','18','19','20','21','22','23','24','25','26','27','28','29','30','31','32','33','34','35','36','37','38','39','40','41','42','43','44','45','46','47','48','49','50','51','52','53','54','55','56','57','58','59','60','61','62','63','64','65','66','67','68','69','70') AND `type` = 1 AND `status` = 1  [ RunTime:0.0000s ]
SQL: SHOW COLUMNS FROM `crm_auth_group` [ RunTime:0.0000s ]
SQL: UPDATE `crm_auth_group` SET `status`='0' WHERE `id` IN ('1','2','3') [ RunTime:0.0000s ]

[ 2017-05-24T18:49:56+08:00 ] 127.0.0.1 /Company_crm/index.php/Home/Administrator/role_delall.html
INFO: [ app_begin ] --START--
INFO: Run Behavior\ReadHtmlCacheBehavior [ RunTime:0.002001s ]
INFO: [ app_begin ] --END-- [ RunTime:0.003001s ]
SQL: SHOW COLUMNS FROM `crm_auth_group_access` [ RunTime:0.0010s ]
SQL: SELECT `uid`,`group_id`,`title`,`rules` FROM crm_auth_group_access a INNER JOIN crm_auth_group g on a.group_id=g.id  WHERE ( a.uid='1' and g.status='1' )  [ RunTime:0.0010s ]
SQL: SHOW COLUMNS FROM `crm_auth_rule` [ RunTime:0.0010s ]
SQL: SELECT `condition`,`name` FROM `crm_auth_rule` WHERE `id` IN ('1','2','3','4','5','6','7','8','9','10','11','12','13','14','15','16','17','18','19','20','21','22','23','24','25','26','27','28','29','30','31','32','33','34','35','36','37','38','39','40','41','42','43','44','45','46','47','48','49','50','51','52','53','54','55','56','57','58','59','60','61','62','63','64','65','66','67','68','69','70') AND `type` = 1 AND `status` = 1  [ RunTime:0.0010s ]
SQL: SHOW COLUMNS FROM `crm_auth_group` [ RunTime:0.0010s ]
SQL: UPDATE `crm_auth_group` SET `status`='0' WHERE `id` IN ('4','5','6') [ RunTime:0.0010s ]

[ 2017-05-24T18:50:51+08:00 ] 127.0.0.1 /Company_crm/index.php/Home/Administrator/role_delall.html
INFO: [ app_begin ] --START--
INFO: Run Behavior\ReadHtmlCacheBehavior [ RunTime:0.000000s ]
INFO: [ app_begin ] --END-- [ RunTime:0.002000s ]
SQL: SHOW COLUMNS FROM `crm_auth_group_access` [ RunTime:0.0010s ]
SQL: SELECT `uid`,`group_id`,`title`,`rules` FROM crm_auth_group_access a INNER JOIN crm_auth_group g on a.group_id=g.id  WHERE ( a.uid='1' and g.status='1' )  [ RunTime:0.0010s ]
SQL: SHOW COLUMNS FROM `crm_auth_rule` [ RunTime:0.0010s ]
SQL: SELECT `condition`,`name` FROM `crm_auth_rule` WHERE `id` IN ('1','2','3','4','5','6','7','8','9','10','11','12','13','14','15','16','17','18','19','20','21','22','23','24','25','26','27','28','29','30','31','32','33','34','35','36','37','38','39','40','41','42','43','44','45','46','47','48','49','50','51','52','53','54','55','56','57','58','59','60','61','62','63','64','65','66','67','68','69','70') AND `type` = 1 AND `status` = 1  [ RunTime:0.0010s ]
SQL: SHOW COLUMNS FROM `crm_auth_group` [ RunTime:0.0010s ]
NOTIC: [2] implode(): Invalid arguments passed E:\AppServ\www\Company_crm\TuringPHP\Library\Think\Db\Driver.class.php 第 567 行.
ERR: SQLSTATE[42000]: Syntax error or access violation: 1064 You have an error in your SQL syntax; check the manual that corresponds to your MySQL server version for the right syntax to use near ')' at line 1

