[ 2017-05-26T08:57:52+08:00 ] 127.0.0.1 /Company_crm/index.php/Home/Shouqian/products_delone.html
INFO: [ app_begin ] --START--
INFO: Run Behavior\ReadHtmlCacheBehavior [ RunTime:0.001000s ]
INFO: [ app_begin ] --END-- [ RunTime:0.001000s ]
SQL: SHOW COLUMNS FROM `crm_auth_group_access` [ RunTime:0.0010s ]
SQL: SELECT `uid`,`group_id`,`title`,`rules` FROM crm_auth_group_access a INNER JOIN crm_auth_group g on a.group_id=g.id  WHERE ( a.uid='2' and g.status='1' )  [ RunTime:0.0010s ]
SQL: SHOW COLUMNS FROM `crm_auth_rule` [ RunTime:0.0010s ]
SQL: SELECT `condition`,`name` FROM `crm_auth_rule` WHERE `id` IN ('1','62','64','18','19','20','63') AND `type` = 1 AND `status` = 1  [ RunTime:0.0010s ]

[ 2017-05-26T08:58:45+08:00 ] 127.0.0.1 /Company_crm/index.php/Home/Shouqian/products_delone.html
INFO: [ app_begin ] --START--
INFO: Run Behavior\ReadHtmlCacheBehavior [ RunTime:0.001000s ]
INFO: [ app_begin ] --END-- [ RunTime:0.001000s ]
SQL: SHOW COLUMNS FROM `crm_auth_group_access` [ RunTime:0.0010s ]
SQL: SELECT `uid`,`group_id`,`title`,`rules` FROM crm_auth_group_access a INNER JOIN crm_auth_group g on a.group_id=g.id  WHERE ( a.uid='2' and g.status='1' )  [ RunTime:0.0010s ]
SQL: SHOW COLUMNS FROM `crm_auth_rule` [ RunTime:0.0000s ]
SQL: SELECT `condition`,`name` FROM `crm_auth_rule` WHERE `id` IN ('1','62','64','18','19','20','63') AND `type` = 1 AND `status` = 1  [ RunTime:0.0000s ]

[ 2017-05-26T09:00:03+08:00 ] 127.0.0.1 /Company_crm/index.php/Home/Shouqian/products_delone.html
INFO: [ app_begin ] --START--
INFO: Run Behavior\ReadHtmlCacheBehavior [ RunTime:0.001000s ]
INFO: [ app_begin ] --END-- [ RunTime:0.002000s ]
SQL: SHOW COLUMNS FROM `crm_auth_group_access` [ RunTime:0.0010s ]
SQL: SELECT `uid`,`group_id`,`title`,`rules` FROM crm_auth_group_access a INNER JOIN crm_auth_group g on a.group_id=g.id  WHERE ( a.uid='2' and g.status='1' )  [ RunTime:0.0010s ]
SQL: SHOW COLUMNS FROM `crm_auth_rule` [ RunTime:0.0000s ]
SQL: SELECT `condition`,`name` FROM `crm_auth_rule` WHERE `id` IN ('1','62','64','18','19','20','63') AND `type` = 1 AND `status` = 1  [ RunTime:0.0000s ]

[ 2017-05-26T09:09:26+08:00 ] 127.0.0.1 /Company_crm/index.php/Home/Project/item_delone.html
INFO: [ app_begin ] --START--
INFO: Run Behavior\ReadHtmlCacheBehavior [ RunTime:0.001000s ]
INFO: [ app_begin ] --END-- [ RunTime:0.001000s ]
SQL: SHOW COLUMNS FROM `crm_auth_group_access` [ RunTime:0.0010s ]
SQL: SELECT `uid`,`group_id`,`title`,`rules` FROM crm_auth_group_access a INNER JOIN crm_auth_group g on a.group_id=g.id  WHERE ( a.uid='3' and g.status='1' )  [ RunTime:0.0010s ]
SQL: SHOW COLUMNS FROM `crm_auth_rule` [ RunTime:0.0010s ]
SQL: SELECT `condition`,`name` FROM `crm_auth_rule` WHERE `id` IN ('1','24','25','26','29','30','31','34','35','38','39','40','41','62','63','64') AND `type` = 1 AND `status` = 1  [ RunTime:0.0010s ]

[ 2017-05-26T11:13:49+08:00 ] 127.0.0.1 /Company_crm/index.php/Home/Client/client_delone.html
INFO: [ app_begin ] --START--
INFO: Run Behavior\ReadHtmlCacheBehavior [ RunTime:0.000000s ]
INFO: [ app_begin ] --END-- [ RunTime:0.001000s ]
SQL: SHOW COLUMNS FROM `crm_auth_group_access` [ RunTime:0.0010s ]
SQL: SELECT `uid`,`group_id`,`title`,`rules` FROM crm_auth_group_access a INNER JOIN crm_auth_group g on a.group_id=g.id  WHERE ( a.uid='2' and g.status='1' )  [ RunTime:0.0000s ]
SQL: SHOW COLUMNS FROM `crm_auth_rule` [ RunTime:0.0000s ]
SQL: SELECT `condition`,`name` FROM `crm_auth_rule` WHERE `id` IN ('1','18','19','20','21','22','23','65','66','67','68','62','63','64') AND `type` = 1 AND `status` = 1  [ RunTime:0.0000s ]

[ 2017-05-26T11:14:07+08:00 ] 127.0.0.1 /Company_crm/index.php/Home/Client/client_delone.html
INFO: [ app_begin ] --START--
INFO: Run Behavior\ReadHtmlCacheBehavior [ RunTime:0.001000s ]
INFO: [ app_begin ] --END-- [ RunTime:0.001000s ]
SQL: SHOW COLUMNS FROM `crm_auth_group_access` [ RunTime:0.0010s ]
SQL: SELECT `uid`,`group_id`,`title`,`rules` FROM crm_auth_group_access a INNER JOIN crm_auth_group g on a.group_id=g.id  WHERE ( a.uid='2' and g.status='1' )  [ RunTime:0.0010s ]
SQL: SHOW COLUMNS FROM `crm_auth_rule` [ RunTime:0.0000s ]
SQL: SELECT `condition`,`name` FROM `crm_auth_rule` WHERE `id` IN ('1','18','19','20','21','22','23','65','66','67','68','62','63','64') AND `type` = 1 AND `status` = 1  [ RunTime:0.0000s ]

[ 2017-05-26T11:16:06+08:00 ] 127.0.0.1 /Company_crm/index.php/Home/Client/client_delone.html
INFO: [ app_begin ] --START--
INFO: Run Behavior\ReadHtmlCacheBehavior [ RunTime:0.001000s ]
INFO: [ app_begin ] --END-- [ RunTime:0.002000s ]
SQL: SHOW COLUMNS FROM `crm_auth_group_access` [ RunTime:0.0000s ]
SQL: SELECT `uid`,`group_id`,`title`,`rules` FROM crm_auth_group_access a INNER JOIN crm_auth_group g on a.group_id=g.id  WHERE ( a.uid='2' and g.status='1' )  [ RunTime:0.0000s ]
SQL: SHOW COLUMNS FROM `crm_auth_rule` [ RunTime:0.0010s ]
SQL: SELECT `condition`,`name` FROM `crm_auth_rule` WHERE `id` IN ('1','18','19','20','21','22','23','65','66','67','68','62','63','64') AND `type` = 1 AND `status` = 1  [ RunTime:0.0000s ]

[ 2017-05-26T11:17:46+08:00 ] 127.0.0.1 /Company_crm/index.php/Home/Client/client_delone.html
INFO: [ app_begin ] --START--
INFO: Run Behavior\ReadHtmlCacheBehavior [ RunTime:0.001000s ]
INFO: [ app_begin ] --END-- [ RunTime:0.001000s ]
SQL: SHOW COLUMNS FROM `crm_auth_group_access` [ RunTime:0.0010s ]
SQL: SELECT `uid`,`group_id`,`title`,`rules` FROM crm_auth_group_access a INNER JOIN crm_auth_group g on a.group_id=g.id  WHERE ( a.uid='2' and g.status='1' )  [ RunTime:0.0010s ]
SQL: SHOW COLUMNS FROM `crm_auth_rule` [ RunTime:0.0010s ]
SQL: SELECT `condition`,`name` FROM `crm_auth_rule` WHERE `id` IN ('1','18','19','20','21','22','23','65','66','67','68','62','63','64') AND `type` = 1 AND `status` = 1  [ RunTime:0.0010s ]

[ 2017-05-26T11:23:33+08:00 ] 127.0.0.1 /Company_crm/index.php/Home/Client/client_delone.html
INFO: [ app_begin ] --START--
INFO: Run Behavior\ReadHtmlCacheBehavior [ RunTime:0.001000s ]
INFO: [ app_begin ] --END-- [ RunTime:0.002000s ]
SQL: SHOW COLUMNS FROM `crm_auth_group_access` [ RunTime:0.0010s ]
SQL: SELECT `uid`,`group_id`,`title`,`rules` FROM crm_auth_group_access a INNER JOIN crm_auth_group g on a.group_id=g.id  WHERE ( a.uid='2' and g.status='1' )  [ RunTime:0.0010s ]
SQL: SHOW COLUMNS FROM `crm_auth_rule` [ RunTime:0.0010s ]
SQL: SELECT `condition`,`name` FROM `crm_auth_rule` WHERE `id` IN ('1','18','19','20','21','22','23','65','66','67','68','62','63','64') AND `type` = 1 AND `status` = 1  [ RunTime:0.0010s ]

[ 2017-05-26T11:25:00+08:00 ] 127.0.0.1 /Company_crm/index.php/Home/Client/client_delone.html
INFO: [ app_begin ] --START--
INFO: Run Behavior\ReadHtmlCacheBehavior [ RunTime:0.000000s ]
INFO: [ app_begin ] --END-- [ RunTime:0.001000s ]
SQL: SHOW COLUMNS FROM `crm_auth_group_access` [ RunTime:0.0010s ]
SQL: SELECT `uid`,`group_id`,`title`,`rules` FROM crm_auth_group_access a INNER JOIN crm_auth_group g on a.group_id=g.id  WHERE ( a.uid='1' and g.status='1' )  [ RunTime:0.0000s ]
SQL: SHOW COLUMNS FROM `crm_auth_rule` [ RunTime:0.0010s ]
SQL: SELECT `condition`,`name` FROM `crm_auth_rule` WHERE `id` IN ('1','3','4','5','6','7','8','9','10','11','12','13','14','15','16','17','62','64','18','19','20','21','22','23','24','25','26','27','28','29','30','31','32','33','34','35','36','37','38','39','40','41','42','43','44','45','46','47','48','49','50','51','52','53','54','55','56','57','58','59','60','61','63','65','66','67','68','69','70') AND `type` = 1 AND `status` = 1  [ RunTime:0.0010s ]
SQL: SHOW COLUMNS FROM `crm_client` [ RunTime:0.0010s ]
SQL: UPDATE `crm_client` SET `flag`='0' WHERE `id` = 12 [ RunTime:0.0010s ]

[ 2017-05-26T11:26:42+08:00 ] 127.0.0.1 /Company_crm/index.php/Home/Client/client_delone.html
INFO: [ app_begin ] --START--
INFO: Run Behavior\ReadHtmlCacheBehavior [ RunTime:0.000000s ]
INFO: [ app_begin ] --END-- [ RunTime:0.001000s ]
SQL: SHOW COLUMNS FROM `crm_auth_group_access` [ RunTime:0.0010s ]
SQL: SELECT `uid`,`group_id`,`title`,`rules` FROM crm_auth_group_access a INNER JOIN crm_auth_group g on a.group_id=g.id  WHERE ( a.uid='2' and g.status='1' )  [ RunTime:0.0000s ]
SQL: SHOW COLUMNS FROM `crm_auth_rule` [ RunTime:0.0010s ]
SQL: SELECT `condition`,`name` FROM `crm_auth_rule` WHERE `id` IN ('1','18','19','20','21','22','23','65','66','67','68','62','63','64') AND `type` = 1 AND `status` = 1  [ RunTime:0.0010s ]

[ 2017-05-26T11:27:13+08:00 ] 127.0.0.1 /Company_crm/index.php/Home/Client/client_delone.html
INFO: [ app_begin ] --START--
INFO: Run Behavior\ReadHtmlCacheBehavior [ RunTime:0.001000s ]
INFO: [ app_begin ] --END-- [ RunTime:0.001000s ]
SQL: SHOW COLUMNS FROM `crm_auth_group_access` [ RunTime:0.0010s ]
SQL: SELECT `uid`,`group_id`,`title`,`rules` FROM crm_auth_group_access a INNER JOIN crm_auth_group g on a.group_id=g.id  WHERE ( a.uid='2' and g.status='1' )  [ RunTime:0.0010s ]
SQL: SHOW COLUMNS FROM `crm_auth_rule` [ RunTime:0.0010s ]
SQL: SELECT `condition`,`name` FROM `crm_auth_rule` WHERE `id` IN ('1','18','19','20','21','22','23','65','66','67','68','62','63','64') AND `type` = 1 AND `status` = 1  [ RunTime:0.0010s ]

[ 2017-05-26T11:27:37+08:00 ] 127.0.0.1 /Company_crm/index.php/Home/Client/client_delone.html
INFO: [ app_begin ] --START--
INFO: Run Behavior\ReadHtmlCacheBehavior [ RunTime:0.001000s ]
INFO: [ app_begin ] --END-- [ RunTime:0.001000s ]
SQL: SHOW COLUMNS FROM `crm_auth_group_access` [ RunTime:0.0010s ]
SQL: SELECT `uid`,`group_id`,`title`,`rules` FROM crm_auth_group_access a INNER JOIN crm_auth_group g on a.group_id=g.id  WHERE ( a.uid='2' and g.status='1' )  [ RunTime:0.0010s ]
SQL: SHOW COLUMNS FROM `crm_auth_rule` [ RunTime:0.0010s ]
SQL: SELECT `condition`,`name` FROM `crm_auth_rule` WHERE `id` IN ('1','18','19','20','21','22','23','65','66','67','68','62','63','64') AND `type` = 1 AND `status` = 1  [ RunTime:0.0010s ]

[ 2017-05-26T11:30:04+08:00 ] 127.0.0.1 /Company_crm/index.php/Home/Client/client_delone.html
INFO: [ app_begin ] --START--
INFO: Run Behavior\ReadHtmlCacheBehavior [ RunTime:0.001000s ]
INFO: [ app_begin ] --END-- [ RunTime:0.002000s ]
SQL: SHOW COLUMNS FROM `crm_auth_group_access` [ RunTime:0.0010s ]
SQL: SELECT `uid`,`group_id`,`title`,`rules` FROM crm_auth_group_access a INNER JOIN crm_auth_group g on a.group_id=g.id  WHERE ( a.uid='2' and g.status='1' )  [ RunTime:0.0000s ]
SQL: SHOW COLUMNS FROM `crm_auth_rule` [ RunTime:0.0000s ]
SQL: SELECT `condition`,`name` FROM `crm_auth_rule` WHERE `id` IN ('1','18','19','20','21','22','23','65','66','67','68','62','63','64') AND `type` = 1 AND `status` = 1  [ RunTime:0.0000s ]

[ 2017-05-26T11:32:01+08:00 ] 127.0.0.1 /Company_crm/index.php/Home/Client/client_delone.html
INFO: [ app_begin ] --START--
INFO: Run Behavior\ReadHtmlCacheBehavior [ RunTime:0.001000s ]
INFO: [ app_begin ] --END-- [ RunTime:0.001000s ]
SQL: SHOW COLUMNS FROM `crm_auth_group_access` [ RunTime:0.0010s ]
SQL: SELECT `uid`,`group_id`,`title`,`rules` FROM crm_auth_group_access a INNER JOIN crm_auth_group g on a.group_id=g.id  WHERE ( a.uid='2' and g.status='1' )  [ RunTime:0.0010s ]
SQL: SHOW COLUMNS FROM `crm_auth_rule` [ RunTime:0.0000s ]
SQL: SELECT `condition`,`name` FROM `crm_auth_rule` WHERE `id` IN ('1','18','19','20','21','22','23','65','66','67','68','62','63','64') AND `type` = 1 AND `status` = 1  [ RunTime:0.0000s ]

[ 2017-05-26T11:32:23+08:00 ] 127.0.0.1 /Company_crm/index.php/Home/Client/client_delone.html
INFO: [ app_begin ] --START--
INFO: Run Behavior\ReadHtmlCacheBehavior [ RunTime:0.000000s ]
INFO: [ app_begin ] --END-- [ RunTime:0.001000s ]
SQL: SHOW COLUMNS FROM `crm_auth_group_access` [ RunTime:0.0010s ]
SQL: SELECT `uid`,`group_id`,`title`,`rules` FROM crm_auth_group_access a INNER JOIN crm_auth_group g on a.group_id=g.id  WHERE ( a.uid='2' and g.status='1' )  [ RunTime:0.0010s ]
SQL: SHOW COLUMNS FROM `crm_auth_rule` [ RunTime:0.0010s ]
SQL: SELECT `condition`,`name` FROM `crm_auth_rule` WHERE `id` IN ('1','18','19','20','21','22','23','65','66','67','68','62','63','64') AND `type` = 1 AND `status` = 1  [ RunTime:0.0000s ]

[ 2017-05-26T11:33:13+08:00 ] 127.0.0.1 /Company_crm/index.php/Home/Client/client_delone.html
INFO: [ app_begin ] --START--
INFO: Run Behavior\ReadHtmlCacheBehavior [ RunTime:0.001000s ]
INFO: [ app_begin ] --END-- [ RunTime:0.001000s ]
SQL: SHOW COLUMNS FROM `crm_auth_group_access` [ RunTime:0.0000s ]
SQL: SELECT `uid`,`group_id`,`title`,`rules` FROM crm_auth_group_access a INNER JOIN crm_auth_group g on a.group_id=g.id  WHERE ( a.uid='2' and g.status='1' )  [ RunTime:0.0000s ]
SQL: SHOW COLUMNS FROM `crm_auth_rule` [ RunTime:0.0010s ]
SQL: SELECT `condition`,`name` FROM `crm_auth_rule` WHERE `id` IN ('1','18','19','20','21','22','23','65','66','67','68','62','63','64') AND `type` = 1 AND `status` = 1  [ RunTime:0.0010s ]

[ 2017-05-26T11:34:10+08:00 ] 127.0.0.1 /Company_crm/index.php/Home/Client/client_delone.html
INFO: [ app_begin ] --START--
INFO: Run Behavior\ReadHtmlCacheBehavior [ RunTime:0.001000s ]
INFO: [ app_begin ] --END-- [ RunTime:0.001000s ]
SQL: SHOW COLUMNS FROM `crm_auth_group_access` [ RunTime:0.0010s ]
SQL: SELECT `uid`,`group_id`,`title`,`rules` FROM crm_auth_group_access a INNER JOIN crm_auth_group g on a.group_id=g.id  WHERE ( a.uid='2' and g.status='1' )  [ RunTime:0.0000s ]
SQL: SHOW COLUMNS FROM `crm_auth_rule` [ RunTime:0.0000s ]
SQL: SELECT `condition`,`name` FROM `crm_auth_rule` WHERE `id` IN ('1','18','19','20','21','22','23','65','66','67','68','62','63','64') AND `type` = 1 AND `status` = 1  [ RunTime:0.0010s ]

[ 2017-05-26T11:39:16+08:00 ] 127.0.0.1 /Company_crm/index.php/Home/Client/client_delone.html
INFO: [ app_begin ] --START--
INFO: Run Behavior\ReadHtmlCacheBehavior [ RunTime:0.001000s ]
INFO: [ app_begin ] --END-- [ RunTime:0.001000s ]
SQL: SHOW COLUMNS FROM `crm_auth_group_access` [ RunTime:0.0010s ]
SQL: SELECT `uid`,`group_id`,`title`,`rules` FROM crm_auth_group_access a INNER JOIN crm_auth_group g on a.group_id=g.id  WHERE ( a.uid='2' and g.status='1' )  [ RunTime:0.0000s ]
SQL: SHOW COLUMNS FROM `crm_auth_rule` [ RunTime:0.0010s ]
SQL: SELECT `condition`,`name` FROM `crm_auth_rule` WHERE `id` IN ('1','18','19','20','21','22','23','65','66','67','68','62','63','64') AND `type` = 1 AND `status` = 1  [ RunTime:0.0010s ]

[ 2017-05-26T11:42:16+08:00 ] 127.0.0.1 /Company_crm/index.php/Home/Client/client_delone.html
INFO: [ app_begin ] --START--
INFO: Run Behavior\ReadHtmlCacheBehavior [ RunTime:0.001000s ]
INFO: [ app_begin ] --END-- [ RunTime:0.002000s ]
SQL: SHOW COLUMNS FROM `crm_auth_group_access` [ RunTime:0.0010s ]
SQL: SELECT `uid`,`group_id`,`title`,`rules` FROM crm_auth_group_access a INNER JOIN crm_auth_group g on a.group_id=g.id  WHERE ( a.uid='2' and g.status='1' )  [ RunTime:0.0010s ]
SQL: SHOW COLUMNS FROM `crm_auth_rule` [ RunTime:0.0000s ]
SQL: SELECT `condition`,`name` FROM `crm_auth_rule` WHERE `id` IN ('1','18','19','20','21','22','23','65','66','67','68','62','63','64') AND `type` = 1 AND `status` = 1  [ RunTime:0.0000s ]

[ 2017-05-26T11:42:44+08:00 ] 127.0.0.1 /Company_crm/index.php/Home/Client/client_delone.html
INFO: [ app_begin ] --START--
INFO: Run Behavior\ReadHtmlCacheBehavior [ RunTime:0.001000s ]
INFO: [ app_begin ] --END-- [ RunTime:0.002000s ]
SQL: SHOW COLUMNS FROM `crm_auth_group_access` [ RunTime:0.0010s ]
SQL: SELECT `uid`,`group_id`,`title`,`rules` FROM crm_auth_group_access a INNER JOIN crm_auth_group g on a.group_id=g.id  WHERE ( a.uid='2' and g.status='1' )  [ RunTime:0.0000s ]
SQL: SHOW COLUMNS FROM `crm_auth_rule` [ RunTime:0.0010s ]
SQL: SELECT `condition`,`name` FROM `crm_auth_rule` WHERE `id` IN ('1','18','19','20','21','22','23','65','66','67','68','62','63','64') AND `type` = 1 AND `status` = 1  [ RunTime:0.0000s ]

[ 2017-05-26T12:11:08+08:00 ] 127.0.0.1 /Company_crm/index.php/Home/Client/client_delone.html
INFO: [ app_begin ] --START--
INFO: Run Behavior\ReadHtmlCacheBehavior [ RunTime:0.001000s ]
INFO: [ app_begin ] --END-- [ RunTime:0.002000s ]
SQL: SHOW COLUMNS FROM `crm_auth_group_access` [ RunTime:0.0010s ]
SQL: SELECT `uid`,`group_id`,`title`,`rules` FROM crm_auth_group_access a INNER JOIN crm_auth_group g on a.group_id=g.id  WHERE ( a.uid='2' and g.status='1' )  [ RunTime:0.0000s ]
SQL: SHOW COLUMNS FROM `crm_auth_rule` [ RunTime:0.0010s ]
SQL: SELECT `condition`,`name` FROM `crm_auth_rule` WHERE `id` IN ('1','18','19','20','21','22','23','65','66','67','68','62','63','64') AND `type` = 1 AND `status` = 1  [ RunTime:0.0010s ]

[ 2017-05-26T12:11:52+08:00 ] 127.0.0.1 /Company_crm/index.php/Home/Client/client_delone.html
INFO: [ app_begin ] --START--
INFO: Run Behavior\ReadHtmlCacheBehavior [ RunTime:0.001000s ]
INFO: [ app_begin ] --END-- [ RunTime:0.002000s ]
SQL: SHOW COLUMNS FROM `crm_auth_group_access` [ RunTime:0.0010s ]
SQL: SELECT `uid`,`group_id`,`title`,`rules` FROM crm_auth_group_access a INNER JOIN crm_auth_group g on a.group_id=g.id  WHERE ( a.uid='2' and g.status='1' )  [ RunTime:0.0000s ]
SQL: SHOW COLUMNS FROM `crm_auth_rule` [ RunTime:0.0000s ]
SQL: SELECT `condition`,`name` FROM `crm_auth_rule` WHERE `id` IN ('1','18','19','20','21','22','23','65','66','67','68','62','63','64') AND `type` = 1 AND `status` = 1  [ RunTime:0.0000s ]

[ 2017-05-26T12:12:06+08:00 ] 127.0.0.1 /Company_crm/index.php/Home/Client/client_delone.html
INFO: [ app_begin ] --START--
INFO: Run Behavior\ReadHtmlCacheBehavior [ RunTime:0.001000s ]
INFO: [ app_begin ] --END-- [ RunTime:0.001000s ]
SQL: SHOW COLUMNS FROM `crm_auth_group_access` [ RunTime:0.0010s ]
SQL: SELECT `uid`,`group_id`,`title`,`rules` FROM crm_auth_group_access a INNER JOIN crm_auth_group g on a.group_id=g.id  WHERE ( a.uid='2' and g.status='1' )  [ RunTime:0.0010s ]
SQL: SHOW COLUMNS FROM `crm_auth_rule` [ RunTime:0.0010s ]
SQL: SELECT `condition`,`name` FROM `crm_auth_rule` WHERE `id` IN ('1','18','19','20','21','22','23','65','66','67','68','62','63','64') AND `type` = 1 AND `status` = 1  [ RunTime:0.0000s ]

[ 2017-05-26T12:12:27+08:00 ] 127.0.0.1 /Company_crm/index.php/Home/Client/client_delone.html
INFO: [ app_begin ] --START--
INFO: Run Behavior\ReadHtmlCacheBehavior [ RunTime:0.001000s ]
INFO: [ app_begin ] --END-- [ RunTime:0.002000s ]
SQL: SHOW COLUMNS FROM `crm_auth_group_access` [ RunTime:0.0010s ]
SQL: SELECT `uid`,`group_id`,`title`,`rules` FROM crm_auth_group_access a INNER JOIN crm_auth_group g on a.group_id=g.id  WHERE ( a.uid='2' and g.status='1' )  [ RunTime:0.0000s ]
SQL: SHOW COLUMNS FROM `crm_auth_rule` [ RunTime:0.0010s ]
SQL: SELECT `condition`,`name` FROM `crm_auth_rule` WHERE `id` IN ('1','18','19','20','21','22','23','65','66','67','68','62','63','64') AND `type` = 1 AND `status` = 1  [ RunTime:0.0010s ]

[ 2017-05-26T12:12:41+08:00 ] 127.0.0.1 /Company_crm/index.php/Home/Client/client_delone.html
INFO: [ app_begin ] --START--
INFO: Run Behavior\ReadHtmlCacheBehavior [ RunTime:0.001000s ]
INFO: [ app_begin ] --END-- [ RunTime:0.002000s ]
SQL: SHOW COLUMNS FROM `crm_auth_group_access` [ RunTime:0.0010s ]
SQL: SELECT `uid`,`group_id`,`title`,`rules` FROM crm_auth_group_access a INNER JOIN crm_auth_group g on a.group_id=g.id  WHERE ( a.uid='2' and g.status='1' )  [ RunTime:0.0010s ]
SQL: SHOW COLUMNS FROM `crm_auth_rule` [ RunTime:0.0010s ]
SQL: SELECT `condition`,`name` FROM `crm_auth_rule` WHERE `id` IN ('1','18','19','20','21','22','23','65','66','67','68','62','63','64') AND `type` = 1 AND `status` = 1  [ RunTime:0.0010s ]

[ 2017-05-26T12:13:02+08:00 ] 127.0.0.1 /Company_crm/index.php/Home/Client/client_delone.html
INFO: [ app_begin ] --START--
INFO: Run Behavior\ReadHtmlCacheBehavior [ RunTime:0.001000s ]
INFO: [ app_begin ] --END-- [ RunTime:0.002000s ]
SQL: SHOW COLUMNS FROM `crm_auth_group_access` [ RunTime:0.0000s ]
SQL: SELECT `uid`,`group_id`,`title`,`rules` FROM crm_auth_group_access a INNER JOIN crm_auth_group g on a.group_id=g.id  WHERE ( a.uid='2' and g.status='1' )  [ RunTime:0.0000s ]
SQL: SHOW COLUMNS FROM `crm_auth_rule` [ RunTime:0.0010s ]
SQL: SELECT `condition`,`name` FROM `crm_auth_rule` WHERE `id` IN ('1','18','19','20','21','22','23','65','66','67','68','62','63','64') AND `type` = 1 AND `status` = 1  [ RunTime:0.0010s ]

[ 2017-05-26T12:13:50+08:00 ] 127.0.0.1 /Company_crm/index.php/Home/Client/client_delone.html
INFO: [ app_begin ] --START--
INFO: Run Behavior\ReadHtmlCacheBehavior [ RunTime:0.001000s ]
INFO: [ app_begin ] --END-- [ RunTime:0.002000s ]
SQL: SHOW COLUMNS FROM `crm_auth_group_access` [ RunTime:0.0010s ]
SQL: SELECT `uid`,`group_id`,`title`,`rules` FROM crm_auth_group_access a INNER JOIN crm_auth_group g on a.group_id=g.id  WHERE ( a.uid='2' and g.status='1' )  [ RunTime:0.0010s ]
SQL: SHOW COLUMNS FROM `crm_auth_rule` [ RunTime:0.0000s ]
SQL: SELECT `condition`,`name` FROM `crm_auth_rule` WHERE `id` IN ('1','18','19','20','21','22','23','65','66','67','68','62','63','64') AND `type` = 1 AND `status` = 1  [ RunTime:0.0000s ]

[ 2017-05-26T12:14:54+08:00 ] 127.0.0.1 /Company_crm/index.php/Home/Client/client_delone.html
INFO: [ app_begin ] --START--
INFO: Run Behavior\ReadHtmlCacheBehavior [ RunTime:0.002000s ]
INFO: [ app_begin ] --END-- [ RunTime:0.002000s ]
SQL: SHOW COLUMNS FROM `crm_auth_group_access` [ RunTime:0.0010s ]
SQL: SELECT `uid`,`group_id`,`title`,`rules` FROM crm_auth_group_access a INNER JOIN crm_auth_group g on a.group_id=g.id  WHERE ( a.uid='2' and g.status='1' )  [ RunTime:0.0000s ]
SQL: SHOW COLUMNS FROM `crm_auth_rule` [ RunTime:0.0000s ]
SQL: SELECT `condition`,`name` FROM `crm_auth_rule` WHERE `id` IN ('1','18','19','20','21','22','23','65','66','67','68','62','63','64') AND `type` = 1 AND `status` = 1  [ RunTime:0.0000s ]

[ 2017-05-26T12:20:14+08:00 ] 127.0.0.1 /Company_crm/index.php/Home/Client/client_delone.html
INFO: [ app_begin ] --START--
INFO: Run Behavior\ReadHtmlCacheBehavior [ RunTime:0.001001s ]
INFO: [ app_begin ] --END-- [ RunTime:0.001001s ]
SQL: SHOW COLUMNS FROM `crm_auth_group_access` [ RunTime:0.0010s ]
SQL: SELECT `uid`,`group_id`,`title`,`rules` FROM crm_auth_group_access a INNER JOIN crm_auth_group g on a.group_id=g.id  WHERE ( a.uid='2' and g.status='1' )  [ RunTime:0.0010s ]
SQL: SHOW COLUMNS FROM `crm_auth_rule` [ RunTime:0.0000s ]
SQL: SELECT `condition`,`name` FROM `crm_auth_rule` WHERE `id` IN ('1','18','19','20','21','22','23','65','66','67','68','62','63','64') AND `type` = 1 AND `status` = 1  [ RunTime:0.0000s ]

[ 2017-05-26T12:20:44+08:00 ] 127.0.0.1 /Company_crm/index.php/Home/Shouqian/products_delone.html
INFO: [ app_begin ] --START--
INFO: Run Behavior\ReadHtmlCacheBehavior [ RunTime:0.001000s ]
INFO: [ app_begin ] --END-- [ RunTime:0.001000s ]
SQL: SHOW COLUMNS FROM `crm_auth_group_access` [ RunTime:0.0010s ]
SQL: SELECT `uid`,`group_id`,`title`,`rules` FROM crm_auth_group_access a INNER JOIN crm_auth_group g on a.group_id=g.id  WHERE ( a.uid='2' and g.status='1' )  [ RunTime:0.0000s ]
SQL: SHOW COLUMNS FROM `crm_auth_rule` [ RunTime:0.0000s ]
SQL: SELECT `condition`,`name` FROM `crm_auth_rule` WHERE `id` IN ('1','18','19','20','21','22','23','65','66','67','68','62','63','64') AND `type` = 1 AND `status` = 1  [ RunTime:0.0000s ]
SQL: SHOW COLUMNS FROM `crm_project` [ RunTime:0.0010s ]
SQL: UPDATE `crm_project` SET `status`='0' WHERE `project_id` = 1 [ RunTime:0.0520s ]

[ 2017-05-26T12:21:33+08:00 ] 127.0.0.1 /Company_crm/index.php/Home/Shouqian/products_delone.html
INFO: [ app_begin ] --START--
INFO: Run Behavior\ReadHtmlCacheBehavior [ RunTime:0.001000s ]
INFO: [ app_begin ] --END-- [ RunTime:0.002000s ]
SQL: SHOW COLUMNS FROM `crm_auth_group_access` [ RunTime:0.0010s ]
SQL: SELECT `uid`,`group_id`,`title`,`rules` FROM crm_auth_group_access a INNER JOIN crm_auth_group g on a.group_id=g.id  WHERE ( a.uid='2' and g.status='1' )  [ RunTime:0.0000s ]
SQL: SHOW COLUMNS FROM `crm_auth_rule` [ RunTime:0.0010s ]
SQL: SELECT `condition`,`name` FROM `crm_auth_rule` WHERE `id` IN ('1','18','19','20','21','22','23','65','66','67','68','62','63','64') AND `type` = 1 AND `status` = 1  [ RunTime:0.0000s ]
SQL: SHOW COLUMNS FROM `crm_project` [ RunTime:0.0010s ]
SQL: UPDATE `crm_project` SET `status`='0' WHERE `project_id` = 1 [ RunTime:0.0450s ]

[ 2017-05-26T12:22:22+08:00 ] 127.0.0.1 /Company_crm/index.php/Home/Shouqian/products_delone.html
INFO: [ app_begin ] --START--
INFO: Run Behavior\ReadHtmlCacheBehavior [ RunTime:0.001000s ]
INFO: [ app_begin ] --END-- [ RunTime:0.002000s ]
SQL: SHOW COLUMNS FROM `crm_auth_group_access` [ RunTime:0.0010s ]
SQL: SELECT `uid`,`group_id`,`title`,`rules` FROM crm_auth_group_access a INNER JOIN crm_auth_group g on a.group_id=g.id  WHERE ( a.uid='2' and g.status='1' )  [ RunTime:0.0020s ]
SQL: SHOW COLUMNS FROM `crm_auth_rule` [ RunTime:0.0010s ]
SQL: SELECT `condition`,`name` FROM `crm_auth_rule` WHERE `id` IN ('1','18','19','20','21','22','23','65','66','67','68','62','63','64') AND `type` = 1 AND `status` = 1  [ RunTime:0.0000s ]
SQL: SHOW COLUMNS FROM `crm_project` [ RunTime:0.0000s ]
SQL: UPDATE `crm_project` SET `status`='0' WHERE `project_id` = 2 [ RunTime:0.0430s ]

[ 2017-05-26T12:22:47+08:00 ] 127.0.0.1 /Company_crm/index.php/Home/Client/client_delone.html
INFO: [ app_begin ] --START--
INFO: Run Behavior\ReadHtmlCacheBehavior [ RunTime:0.001000s ]
INFO: [ app_begin ] --END-- [ RunTime:0.002000s ]
SQL: SHOW COLUMNS FROM `crm_auth_group_access` [ RunTime:0.0010s ]
SQL: SELECT `uid`,`group_id`,`title`,`rules` FROM crm_auth_group_access a INNER JOIN crm_auth_group g on a.group_id=g.id  WHERE ( a.uid='2' and g.status='1' )  [ RunTime:0.0010s ]
SQL: SHOW COLUMNS FROM `crm_auth_rule` [ RunTime:0.0010s ]
SQL: SELECT `condition`,`name` FROM `crm_auth_rule` WHERE `id` IN ('1','18','19','20','21','22','23','65','66','67','68','62','63','64') AND `type` = 1 AND `status` = 1  [ RunTime:0.0000s ]

[ 2017-05-26T12:23:02+08:00 ] 127.0.0.1 /Company_crm/index.php/Home/Shouqian/products_delone.html
INFO: [ app_begin ] --START--
INFO: Run Behavior\ReadHtmlCacheBehavior [ RunTime:0.001000s ]
INFO: [ app_begin ] --END-- [ RunTime:0.002000s ]
SQL: SHOW COLUMNS FROM `crm_auth_group_access` [ RunTime:0.0000s ]
SQL: SELECT `uid`,`group_id`,`title`,`rules` FROM crm_auth_group_access a INNER JOIN crm_auth_group g on a.group_id=g.id  WHERE ( a.uid='2' and g.status='1' )  [ RunTime:0.0000s ]
SQL: SHOW COLUMNS FROM `crm_auth_rule` [ RunTime:0.0010s ]
SQL: SELECT `condition`,`name` FROM `crm_auth_rule` WHERE `id` IN ('1','18','19','20','21','22','23','65','66','67','68','62','63','64') AND `type` = 1 AND `status` = 1  [ RunTime:0.0010s ]
SQL: SHOW COLUMNS FROM `crm_project` [ RunTime:0.0010s ]
SQL: UPDATE `crm_project` SET `status`='0' WHERE `project_id` = 3 [ RunTime:0.0560s ]

[ 2017-05-26T12:24:29+08:00 ] 127.0.0.1 /Company_crm/index.php/Home/Shouqian/products_delone.html
INFO: [ app_begin ] --START--
INFO: Run Behavior\ReadHtmlCacheBehavior [ RunTime:0.001000s ]
INFO: [ app_begin ] --END-- [ RunTime:0.002000s ]
SQL: SHOW COLUMNS FROM `crm_auth_group_access` [ RunTime:0.0010s ]
SQL: SELECT `uid`,`group_id`,`title`,`rules` FROM crm_auth_group_access a INNER JOIN crm_auth_group g on a.group_id=g.id  WHERE ( a.uid='2' and g.status='1' )  [ RunTime:0.0010s ]
SQL: SHOW COLUMNS FROM `crm_auth_rule` [ RunTime:0.0010s ]
SQL: SELECT `condition`,`name` FROM `crm_auth_rule` WHERE `id` IN ('1','18','19','20','23','65','66','67','68','62','63','64') AND `type` = 1 AND `status` = 1  [ RunTime:0.0000s ]

[ 2017-05-26T12:25:19+08:00 ] 127.0.0.1 /Company_crm/index.php/Home/Client/client_delone.html
INFO: [ app_begin ] --START--
INFO: Run Behavior\ReadHtmlCacheBehavior [ RunTime:0.001000s ]
INFO: [ app_begin ] --END-- [ RunTime:0.002000s ]
SQL: SHOW COLUMNS FROM `crm_auth_group_access` [ RunTime:0.0010s ]
SQL: SELECT `uid`,`group_id`,`title`,`rules` FROM crm_auth_group_access a INNER JOIN crm_auth_group g on a.group_id=g.id  WHERE ( a.uid='2' and g.status='1' )  [ RunTime:0.0010s ]
SQL: SHOW COLUMNS FROM `crm_auth_rule` [ RunTime:0.0000s ]
SQL: SELECT `condition`,`name` FROM `crm_auth_rule` WHERE `id` IN ('1','18','19','20','23','65','66','67','68','62','63','64') AND `type` = 1 AND `status` = 1  [ RunTime:0.0000s ]

[ 2017-05-26T12:31:20+08:00 ] 127.0.0.1 /Company_crm/index.php/Home/Shouqian/kehu_delone.html
INFO: [ app_begin ] --START--
INFO: Run Behavior\ReadHtmlCacheBehavior [ RunTime:0.001000s ]
INFO: [ app_begin ] --END-- [ RunTime:0.002000s ]
SQL: SHOW COLUMNS FROM `crm_auth_group_access` [ RunTime:0.0010s ]
SQL: SELECT `uid`,`group_id`,`title`,`rules` FROM crm_auth_group_access a INNER JOIN crm_auth_group g on a.group_id=g.id  WHERE ( a.uid='2' and g.status='1' )  [ RunTime:0.0000s ]
SQL: SHOW COLUMNS FROM `crm_auth_rule` [ RunTime:0.0000s ]
SQL: SELECT `condition`,`name` FROM `crm_auth_rule` WHERE `id` IN ('1','18','19','20','23','65','66','67','68','62','63','64') AND `type` = 1 AND `status` = 1  [ RunTime:0.0000s ]
SQL: SHOW COLUMNS FROM `crm_client` [ RunTime:0.0010s ]
SQL: UPDATE `crm_client` SET `flag`='0' WHERE `id` = 5 [ RunTime:0.0010s ]

[ 2017-05-26T12:33:34+08:00 ] 127.0.0.1 /Company_crm/index.php/Home/Shouqian/kehu_delone.html
INFO: [ app_begin ] --START--
INFO: Run Behavior\ReadHtmlCacheBehavior [ RunTime:0.001000s ]
INFO: [ app_begin ] --END-- [ RunTime:0.001000s ]
SQL: SHOW COLUMNS FROM `crm_auth_group_access` [ RunTime:0.0010s ]
SQL: SELECT `uid`,`group_id`,`title`,`rules` FROM crm_auth_group_access a INNER JOIN crm_auth_group g on a.group_id=g.id  WHERE ( a.uid='2' and g.status='1' )  [ RunTime:0.0010s ]
SQL: SHOW COLUMNS FROM `crm_auth_rule` [ RunTime:0.0000s ]
SQL: SELECT `condition`,`name` FROM `crm_auth_rule` WHERE `id` IN ('1','18','19','20','23','65','66','67','68','62','63','64') AND `type` = 1 AND `status` = 1  [ RunTime:0.0000s ]
SQL: SHOW COLUMNS FROM `crm_client` [ RunTime:0.0000s ]
SQL: UPDATE `crm_client` SET `flag`='0' WHERE `id` = 6 [ RunTime:0.0000s ]

[ 2017-05-26T13:10:27+08:00 ] 127.0.0.1 /Company_crm/index.php/Home/Shouqian/products_delone.html
INFO: [ app_begin ] --START--
INFO: Run Behavior\ReadHtmlCacheBehavior [ RunTime:0.000000s ]
INFO: [ app_begin ] --END-- [ RunTime:0.002000s ]
SQL: SHOW COLUMNS FROM `crm_auth_group_access` [ RunTime:0.0010s ]
SQL: SELECT `uid`,`group_id`,`title`,`rules` FROM crm_auth_group_access a INNER JOIN crm_auth_group g on a.group_id=g.id  WHERE ( a.uid='2' and g.status='1' )  [ RunTime:0.0010s ]
SQL: SHOW COLUMNS FROM `crm_auth_rule` [ RunTime:0.0000s ]
SQL: SELECT `condition`,`name` FROM `crm_auth_rule` WHERE `id` IN ('1','18','19','20','23','65','68','62','63','64') AND `type` = 1 AND `status` = 1  [ RunTime:0.0000s ]

[ 2017-05-26T13:10:37+08:00 ] 127.0.0.1 /Company_crm/index.php/Home/Shouqian/kehu_delone.html
INFO: [ app_begin ] --START--
INFO: Run Behavior\ReadHtmlCacheBehavior [ RunTime:0.001000s ]
INFO: [ app_begin ] --END-- [ RunTime:0.001000s ]
SQL: SHOW COLUMNS FROM `crm_auth_group_access` [ RunTime:0.0000s ]
SQL: SELECT `uid`,`group_id`,`title`,`rules` FROM crm_auth_group_access a INNER JOIN crm_auth_group g on a.group_id=g.id  WHERE ( a.uid='2' and g.status='1' )  [ RunTime:0.0000s ]
SQL: SHOW COLUMNS FROM `crm_auth_rule` [ RunTime:0.0010s ]
SQL: SELECT `condition`,`name` FROM `crm_auth_rule` WHERE `id` IN ('1','18','19','20','23','65','68','62','63','64') AND `type` = 1 AND `status` = 1  [ RunTime:0.0010s ]

[ 2017-05-26T13:10:47+08:00 ] 127.0.0.1 /Company_crm/index.php/Home/Shouqian/kehu_delone.html
INFO: [ app_begin ] --START--
INFO: Run Behavior\ReadHtmlCacheBehavior [ RunTime:0.001000s ]
INFO: [ app_begin ] --END-- [ RunTime:0.002000s ]
SQL: SHOW COLUMNS FROM `crm_auth_group_access` [ RunTime:0.0010s ]
SQL: SELECT `uid`,`group_id`,`title`,`rules` FROM crm_auth_group_access a INNER JOIN crm_auth_group g on a.group_id=g.id  WHERE ( a.uid='2' and g.status='1' )  [ RunTime:0.0000s ]
SQL: SHOW COLUMNS FROM `crm_auth_rule` [ RunTime:0.0010s ]
SQL: SELECT `condition`,`name` FROM `crm_auth_rule` WHERE `id` IN ('1','18','19','20','23','65','68','62','63','64') AND `type` = 1 AND `status` = 1  [ RunTime:0.0000s ]

[ 2017-05-26T13:12:22+08:00 ] 127.0.0.1 /Company_crm/index.php/Home/Shouqian/products_delone.html
INFO: [ app_begin ] --START--
INFO: Run Behavior\ReadHtmlCacheBehavior [ RunTime:0.001000s ]
INFO: [ app_begin ] --END-- [ RunTime:0.002000s ]
SQL: SHOW COLUMNS FROM `crm_auth_group_access` [ RunTime:0.0010s ]
SQL: SELECT `uid`,`group_id`,`title`,`rules` FROM crm_auth_group_access a INNER JOIN crm_auth_group g on a.group_id=g.id  WHERE ( a.uid='2' and g.status='1' )  [ RunTime:0.0000s ]
SQL: SHOW COLUMNS FROM `crm_auth_rule` [ RunTime:0.0000s ]
SQL: SELECT `condition`,`name` FROM `crm_auth_rule` WHERE `id` IN ('1','18','19','20','23','65','68','62','63','64') AND `type` = 1 AND `status` = 1  [ RunTime:0.0000s ]

[ 2017-05-26T13:12:32+08:00 ] 127.0.0.1 /Company_crm/index.php/Home/Shouqian/products_delone.html
INFO: [ app_begin ] --START--
INFO: Run Behavior\ReadHtmlCacheBehavior [ RunTime:0.001000s ]
INFO: [ app_begin ] --END-- [ RunTime:0.001000s ]
SQL: SHOW COLUMNS FROM `crm_auth_group_access` [ RunTime:0.0010s ]
SQL: SELECT `uid`,`group_id`,`title`,`rules` FROM crm_auth_group_access a INNER JOIN crm_auth_group g on a.group_id=g.id  WHERE ( a.uid='2' and g.status='1' )  [ RunTime:0.0010s ]
SQL: SHOW COLUMNS FROM `crm_auth_rule` [ RunTime:0.0000s ]
SQL: SELECT `condition`,`name` FROM `crm_auth_rule` WHERE `id` IN ('1','18','19','20','23','65','68','62','63','64') AND `type` = 1 AND `status` = 1  [ RunTime:0.0000s ]

[ 2017-05-26T13:29:33+08:00 ] 127.0.0.1 /Company_crm/index.php/Home/Shouqian/kehu_delall.html
INFO: [ app_begin ] --START--
INFO: Run Behavior\ReadHtmlCacheBehavior [ RunTime:0.001000s ]
INFO: [ app_begin ] --END-- [ RunTime:0.002000s ]
SQL: SHOW COLUMNS FROM `crm_auth_group_access` [ RunTime:0.0000s ]
SQL: SELECT `uid`,`group_id`,`title`,`rules` FROM crm_auth_group_access a INNER JOIN crm_auth_group g on a.group_id=g.id  WHERE ( a.uid='2' and g.status='1' )  [ RunTime:0.0000s ]
SQL: SHOW COLUMNS FROM `crm_auth_rule` [ RunTime:0.0010s ]
SQL: SELECT `condition`,`name` FROM `crm_auth_rule` WHERE `id` IN ('1','18','19','20','23','65','68','62','63','64') AND `type` = 1 AND `status` = 1  [ RunTime:0.0010s ]

[ 2017-05-26T13:29:49+08:00 ] 127.0.0.1 /Company_crm/index.php/Home/Shouqian/kehu_delall.html
INFO: [ app_begin ] --START--
INFO: Run Behavior\ReadHtmlCacheBehavior [ RunTime:0.002000s ]
INFO: [ app_begin ] --END-- [ RunTime:0.002000s ]
SQL: SHOW COLUMNS FROM `crm_auth_group_access` [ RunTime:0.0010s ]
SQL: SELECT `uid`,`group_id`,`title`,`rules` FROM crm_auth_group_access a INNER JOIN crm_auth_group g on a.group_id=g.id  WHERE ( a.uid='2' and g.status='1' )  [ RunTime:0.0010s ]
SQL: SHOW COLUMNS FROM `crm_auth_rule` [ RunTime:0.0010s ]
SQL: SELECT `condition`,`name` FROM `crm_auth_rule` WHERE `id` IN ('1','18','19','20','23','65','68','62','63','64') AND `type` = 1 AND `status` = 1  [ RunTime:0.0010s ]

[ 2017-05-26T13:29:52+08:00 ] 127.0.0.1 /Company_crm/index.php/Home/Shouqian/kehu_delall.html
INFO: [ app_begin ] --START--
INFO: Run Behavior\ReadHtmlCacheBehavior [ RunTime:0.001000s ]
INFO: [ app_begin ] --END-- [ RunTime:0.001000s ]
SQL: SHOW COLUMNS FROM `crm_auth_group_access` [ RunTime:0.0000s ]
SQL: SELECT `uid`,`group_id`,`title`,`rules` FROM crm_auth_group_access a INNER JOIN crm_auth_group g on a.group_id=g.id  WHERE ( a.uid='2' and g.status='1' )  [ RunTime:0.0010s ]
SQL: SHOW COLUMNS FROM `crm_auth_rule` [ RunTime:0.0010s ]
SQL: SELECT `condition`,`name` FROM `crm_auth_rule` WHERE `id` IN ('1','18','19','20','23','65','68','62','63','64') AND `type` = 1 AND `status` = 1  [ RunTime:0.0000s ]

[ 2017-05-26T13:30:57+08:00 ] 127.0.0.1 /Company_crm/index.php/Home/Shouqian/kehu_delall.html
INFO: [ app_begin ] --START--
INFO: Run Behavior\ReadHtmlCacheBehavior [ RunTime:0.001000s ]
INFO: [ app_begin ] --END-- [ RunTime:0.001000s ]
SQL: SHOW COLUMNS FROM `crm_auth_group_access` [ RunTime:0.0010s ]
SQL: SELECT `uid`,`group_id`,`title`,`rules` FROM crm_auth_group_access a INNER JOIN crm_auth_group g on a.group_id=g.id  WHERE ( a.uid='2' and g.status='1' )  [ RunTime:0.0000s ]
SQL: SHOW COLUMNS FROM `crm_auth_rule` [ RunTime:0.0010s ]
SQL: SELECT `condition`,`name` FROM `crm_auth_rule` WHERE `id` IN ('1','18','19','20','23','65','68','62','63','64') AND `type` = 1 AND `status` = 1  [ RunTime:0.0000s ]

[ 2017-05-26T13:31:43+08:00 ] 127.0.0.1 /Company_crm/index.php/Home/Shouqian/kehu_delall.html
INFO: [ app_begin ] --START--
INFO: Run Behavior\ReadHtmlCacheBehavior [ RunTime:0.001000s ]
INFO: [ app_begin ] --END-- [ RunTime:0.001000s ]
SQL: SHOW COLUMNS FROM `crm_auth_group_access` [ RunTime:0.0010s ]
SQL: SELECT `uid`,`group_id`,`title`,`rules` FROM crm_auth_group_access a INNER JOIN crm_auth_group g on a.group_id=g.id  WHERE ( a.uid='2' and g.status='1' )  [ RunTime:0.0010s ]
SQL: SHOW COLUMNS FROM `crm_auth_rule` [ RunTime:0.0010s ]
SQL: SELECT `condition`,`name` FROM `crm_auth_rule` WHERE `id` IN ('1','18','19','20','23','65','68','62','63','64') AND `type` = 1 AND `status` = 1  [ RunTime:0.0000s ]

[ 2017-05-26T13:31:50+08:00 ] 127.0.0.1 /Company_crm/index.php/Home/Shouqian/kehu_delall.html
INFO: [ app_begin ] --START--
INFO: Run Behavior\ReadHtmlCacheBehavior [ RunTime:0.001000s ]
INFO: [ app_begin ] --END-- [ RunTime:0.002000s ]
SQL: SHOW COLUMNS FROM `crm_auth_group_access` [ RunTime:0.0010s ]
SQL: SELECT `uid`,`group_id`,`title`,`rules` FROM crm_auth_group_access a INNER JOIN crm_auth_group g on a.group_id=g.id  WHERE ( a.uid='2' and g.status='1' )  [ RunTime:0.0010s ]
SQL: SHOW COLUMNS FROM `crm_auth_rule` [ RunTime:0.0010s ]
SQL: SELECT `condition`,`name` FROM `crm_auth_rule` WHERE `id` IN ('1','18','19','20','23','65','68','62','63','64') AND `type` = 1 AND `status` = 1  [ RunTime:0.0050s ]

[ 2017-05-26T13:35:09+08:00 ] 127.0.0.1 /Company_crm/index.php/Home/Shouqian/kehu_delall.html
INFO: [ app_begin ] --START--
INFO: Run Behavior\ReadHtmlCacheBehavior [ RunTime:0.001000s ]
INFO: [ app_begin ] --END-- [ RunTime:0.002000s ]
SQL: SHOW COLUMNS FROM `crm_auth_group_access` [ RunTime:0.0020s ]
SQL: SELECT `uid`,`group_id`,`title`,`rules` FROM crm_auth_group_access a INNER JOIN crm_auth_group g on a.group_id=g.id  WHERE ( a.uid='2' and g.status='1' )  [ RunTime:0.0000s ]
SQL: SHOW COLUMNS FROM `crm_auth_rule` [ RunTime:0.0010s ]
SQL: SELECT `condition`,`name` FROM `crm_auth_rule` WHERE `id` IN ('1','18','19','20','23','65','68','62','63','64') AND `type` = 1 AND `status` = 1  [ RunTime:0.0000s ]

[ 2017-05-26T13:36:25+08:00 ] 127.0.0.1 /Company_crm/index.php/Home/Shouqian/kehu_delall.html
INFO: [ app_begin ] --START--
INFO: Run Behavior\ReadHtmlCacheBehavior [ RunTime:0.001001s ]
INFO: [ app_begin ] --END-- [ RunTime:0.001001s ]
SQL: SHOW COLUMNS FROM `crm_auth_group_access` [ RunTime:0.0010s ]
SQL: SELECT `uid`,`group_id`,`title`,`rules` FROM crm_auth_group_access a INNER JOIN crm_auth_group g on a.group_id=g.id  WHERE ( a.uid='2' and g.status='1' )  [ RunTime:0.0010s ]
SQL: SHOW COLUMNS FROM `crm_auth_rule` [ RunTime:0.0010s ]
SQL: SELECT `condition`,`name` FROM `crm_auth_rule` WHERE `id` IN ('1','18','19','20','23','65','68','62','63','64') AND `type` = 1 AND `status` = 1  [ RunTime:0.0010s ]

[ 2017-05-26T13:36:30+08:00 ] 127.0.0.1 /Company_crm/index.php/Home/Shouqian/kehu_delall.html
INFO: [ app_begin ] --START--
INFO: Run Behavior\ReadHtmlCacheBehavior [ RunTime:0.001000s ]
INFO: [ app_begin ] --END-- [ RunTime:0.002000s ]
SQL: SHOW COLUMNS FROM `crm_auth_group_access` [ RunTime:0.0010s ]
SQL: SELECT `uid`,`group_id`,`title`,`rules` FROM crm_auth_group_access a INNER JOIN crm_auth_group g on a.group_id=g.id  WHERE ( a.uid='2' and g.status='1' )  [ RunTime:0.0010s ]
SQL: SHOW COLUMNS FROM `crm_auth_rule` [ RunTime:0.0000s ]
SQL: SELECT `condition`,`name` FROM `crm_auth_rule` WHERE `id` IN ('1','18','19','20','23','65','68','62','63','64') AND `type` = 1 AND `status` = 1  [ RunTime:0.0010s ]

[ 2017-05-26T13:36:36+08:00 ] 127.0.0.1 /Company_crm/index.php/Home/Shouqian/kehu_delall.html
INFO: [ app_begin ] --START--
INFO: Run Behavior\ReadHtmlCacheBehavior [ RunTime:0.001000s ]
INFO: [ app_begin ] --END-- [ RunTime:0.001000s ]
SQL: SHOW COLUMNS FROM `crm_auth_group_access` [ RunTime:0.0010s ]
SQL: SELECT `uid`,`group_id`,`title`,`rules` FROM crm_auth_group_access a INNER JOIN crm_auth_group g on a.group_id=g.id  WHERE ( a.uid='2' and g.status='1' )  [ RunTime:0.0000s ]
SQL: SHOW COLUMNS FROM `crm_auth_rule` [ RunTime:0.0010s ]
SQL: SELECT `condition`,`name` FROM `crm_auth_rule` WHERE `id` IN ('1','18','19','20','23','65','68','62','63','64') AND `type` = 1 AND `status` = 1  [ RunTime:0.0010s ]

[ 2017-05-26T13:36:39+08:00 ] 127.0.0.1 /Company_crm/index.php/Home/Shouqian/kehu_delall.html
INFO: [ app_begin ] --START--
INFO: Run Behavior\ReadHtmlCacheBehavior [ RunTime:0.001000s ]
INFO: [ app_begin ] --END-- [ RunTime:0.001000s ]
SQL: SHOW COLUMNS FROM `crm_auth_group_access` [ RunTime:0.0010s ]
SQL: SELECT `uid`,`group_id`,`title`,`rules` FROM crm_auth_group_access a INNER JOIN crm_auth_group g on a.group_id=g.id  WHERE ( a.uid='2' and g.status='1' )  [ RunTime:0.0010s ]
SQL: SHOW COLUMNS FROM `crm_auth_rule` [ RunTime:0.0010s ]
SQL: SELECT `condition`,`name` FROM `crm_auth_rule` WHERE `id` IN ('1','18','19','20','23','65','68','62','63','64') AND `type` = 1 AND `status` = 1  [ RunTime:0.0000s ]

[ 2017-05-26T13:36:47+08:00 ] 127.0.0.1 /Company_crm/index.php/Home/Shouqian/kehu_delall.html
INFO: [ app_begin ] --START--
INFO: Run Behavior\ReadHtmlCacheBehavior [ RunTime:0.001000s ]
INFO: [ app_begin ] --END-- [ RunTime:0.001000s ]
SQL: SHOW COLUMNS FROM `crm_auth_group_access` [ RunTime:0.0010s ]
SQL: SELECT `uid`,`group_id`,`title`,`rules` FROM crm_auth_group_access a INNER JOIN crm_auth_group g on a.group_id=g.id  WHERE ( a.uid='2' and g.status='1' )  [ RunTime:0.0000s ]
SQL: SHOW COLUMNS FROM `crm_auth_rule` [ RunTime:0.0010s ]
SQL: SELECT `condition`,`name` FROM `crm_auth_rule` WHERE `id` IN ('1','18','19','20','23','65','68','62','63','64') AND `type` = 1 AND `status` = 1  [ RunTime:0.0000s ]

[ 2017-05-26T13:36:55+08:00 ] 127.0.0.1 /Company_crm/index.php/Home/Shouqian/kehu_delall.html
INFO: [ app_begin ] --START--
INFO: Run Behavior\ReadHtmlCacheBehavior [ RunTime:0.001000s ]
INFO: [ app_begin ] --END-- [ RunTime:0.001000s ]
SQL: SHOW COLUMNS FROM `crm_auth_group_access` [ RunTime:0.0010s ]
SQL: SELECT `uid`,`group_id`,`title`,`rules` FROM crm_auth_group_access a INNER JOIN crm_auth_group g on a.group_id=g.id  WHERE ( a.uid='2' and g.status='1' )  [ RunTime:0.0010s ]
SQL: SHOW COLUMNS FROM `crm_auth_rule` [ RunTime:0.0010s ]
SQL: SELECT `condition`,`name` FROM `crm_auth_rule` WHERE `id` IN ('1','18','19','20','23','65','68','62','63','64') AND `type` = 1 AND `status` = 1  [ RunTime:0.0000s ]

[ 2017-05-26T13:37:02+08:00 ] 127.0.0.1 /Company_crm/index.php/Home/Shouqian/kehu_delall.html
INFO: [ app_begin ] --START--
INFO: Run Behavior\ReadHtmlCacheBehavior [ RunTime:0.001000s ]
INFO: [ app_begin ] --END-- [ RunTime:0.001000s ]
SQL: SHOW COLUMNS FROM `crm_auth_group_access` [ RunTime:0.0010s ]
SQL: SELECT `uid`,`group_id`,`title`,`rules` FROM crm_auth_group_access a INNER JOIN crm_auth_group g on a.group_id=g.id  WHERE ( a.uid='2' and g.status='1' )  [ RunTime:0.0010s ]
SQL: SHOW COLUMNS FROM `crm_auth_rule` [ RunTime:0.0000s ]
SQL: SELECT `condition`,`name` FROM `crm_auth_rule` WHERE `id` IN ('1','18','19','20','23','65','68','62','63','64') AND `type` = 1 AND `status` = 1  [ RunTime:0.0000s ]

[ 2017-05-26T13:37:08+08:00 ] 127.0.0.1 /Company_crm/index.php/Home/Shouqian/kehu_delall.html
INFO: [ app_begin ] --START--
INFO: Run Behavior\ReadHtmlCacheBehavior [ RunTime:0.001001s ]
INFO: [ app_begin ] --END-- [ RunTime:0.001001s ]
SQL: SHOW COLUMNS FROM `crm_auth_group_access` [ RunTime:0.0010s ]
SQL: SELECT `uid`,`group_id`,`title`,`rules` FROM crm_auth_group_access a INNER JOIN crm_auth_group g on a.group_id=g.id  WHERE ( a.uid='2' and g.status='1' )  [ RunTime:0.0000s ]
SQL: SHOW COLUMNS FROM `crm_auth_rule` [ RunTime:0.0000s ]
SQL: SELECT `condition`,`name` FROM `crm_auth_rule` WHERE `id` IN ('1','18','19','20','23','65','68','62','63','64') AND `type` = 1 AND `status` = 1  [ RunTime:0.0000s ]

[ 2017-05-26T13:37:12+08:00 ] 127.0.0.1 /Company_crm/index.php/Home/Shouqian/kehu_delall.html
INFO: [ app_begin ] --START--
INFO: Run Behavior\ReadHtmlCacheBehavior [ RunTime:0.001000s ]
INFO: [ app_begin ] --END-- [ RunTime:0.001000s ]
SQL: SHOW COLUMNS FROM `crm_auth_group_access` [ RunTime:0.0010s ]
SQL: SELECT `uid`,`group_id`,`title`,`rules` FROM crm_auth_group_access a INNER JOIN crm_auth_group g on a.group_id=g.id  WHERE ( a.uid='2' and g.status='1' )  [ RunTime:0.0010s ]
SQL: SHOW COLUMNS FROM `crm_auth_rule` [ RunTime:0.0010s ]
SQL: SELECT `condition`,`name` FROM `crm_auth_rule` WHERE `id` IN ('1','18','19','20','23','65','68','62','63','64') AND `type` = 1 AND `status` = 1  [ RunTime:0.0000s ]

[ 2017-05-26T13:37:18+08:00 ] 127.0.0.1 /Company_crm/index.php/Home/Shouqian/kehu_delall.html
INFO: [ app_begin ] --START--
INFO: Run Behavior\ReadHtmlCacheBehavior [ RunTime:0.001000s ]
INFO: [ app_begin ] --END-- [ RunTime:0.001000s ]
SQL: SHOW COLUMNS FROM `crm_auth_group_access` [ RunTime:0.0010s ]
SQL: SELECT `uid`,`group_id`,`title`,`rules` FROM crm_auth_group_access a INNER JOIN crm_auth_group g on a.group_id=g.id  WHERE ( a.uid='2' and g.status='1' )  [ RunTime:0.0000s ]
SQL: SHOW COLUMNS FROM `crm_auth_rule` [ RunTime:0.0010s ]
SQL: SELECT `condition`,`name` FROM `crm_auth_rule` WHERE `id` IN ('1','18','19','20','23','65','68','62','63','64') AND `type` = 1 AND `status` = 1  [ RunTime:0.0000s ]

[ 2017-05-26T13:37:59+08:00 ] 127.0.0.1 /Company_crm/index.php/Home/Shouqian/kehu_delall.html
INFO: [ app_begin ] --START--
INFO: Run Behavior\ReadHtmlCacheBehavior [ RunTime:0.000000s ]
INFO: [ app_begin ] --END-- [ RunTime:0.001000s ]
SQL: SHOW COLUMNS FROM `crm_auth_group_access` [ RunTime:0.0010s ]
SQL: SELECT `uid`,`group_id`,`title`,`rules` FROM crm_auth_group_access a INNER JOIN crm_auth_group g on a.group_id=g.id  WHERE ( a.uid='1' and g.status='1' )  [ RunTime:0.0000s ]
SQL: SHOW COLUMNS FROM `crm_auth_rule` [ RunTime:0.0000s ]
SQL: SELECT `condition`,`name` FROM `crm_auth_rule` WHERE `id` IN ('1','3','4','5','6','7','8','9','10','11','12','13','14','15','16','17','62','64','18','19','20','21','22','23','24','25','26','27','28','29','30','31','32','33','34','35','36','37','38','39','40','41','42','43','44','45','46','47','48','49','50','51','52','53','54','55','56','57','58','59','60','61','63','65','66','67','68','69','70') AND `type` = 1 AND `status` = 1  [ RunTime:0.0000s ]
SQL: SHOW COLUMNS FROM `crm_client` [ RunTime:0.0010s ]
SQL: UPDATE `crm_client` SET `flag`='0' WHERE `id` IN ('5','6') [ RunTime:0.0010s ]

[ 2017-05-26T13:38:04+08:00 ] 127.0.0.1 /Company_crm/index.php/Home/Shouqian/kehu_delall.html
INFO: [ app_begin ] --START--
INFO: Run Behavior\ReadHtmlCacheBehavior [ RunTime:0.001000s ]
INFO: [ app_begin ] --END-- [ RunTime:0.002000s ]
SQL: SHOW COLUMNS FROM `crm_auth_group_access` [ RunTime:0.0010s ]
SQL: SELECT `uid`,`group_id`,`title`,`rules` FROM crm_auth_group_access a INNER JOIN crm_auth_group g on a.group_id=g.id  WHERE ( a.uid='1' and g.status='1' )  [ RunTime:0.0010s ]
SQL: SHOW COLUMNS FROM `crm_auth_rule` [ RunTime:0.0010s ]
SQL: SELECT `condition`,`name` FROM `crm_auth_rule` WHERE `id` IN ('1','3','4','5','6','7','8','9','10','11','12','13','14','15','16','17','62','64','18','19','20','21','22','23','24','25','26','27','28','29','30','31','32','33','34','35','36','37','38','39','40','41','42','43','44','45','46','47','48','49','50','51','52','53','54','55','56','57','58','59','60','61','63','65','66','67','68','69','70') AND `type` = 1 AND `status` = 1  [ RunTime:0.0010s ]
SQL: SHOW COLUMNS FROM `crm_client` [ RunTime:0.0000s ]
SQL: UPDATE `crm_client` SET `flag`='0' WHERE `id` IN ('11','12') [ RunTime:0.0000s ]

[ 2017-05-26T13:38:18+08:00 ] 127.0.0.1 /Company_crm/index.php/Home/Shouqian/kehu_delall.html
INFO: [ app_begin ] --START--
INFO: Run Behavior\ReadHtmlCacheBehavior [ RunTime:0.001000s ]
INFO: [ app_begin ] --END-- [ RunTime:0.002000s ]
SQL: SHOW COLUMNS FROM `crm_auth_group_access` [ RunTime:0.0010s ]
SQL: SELECT `uid`,`group_id`,`title`,`rules` FROM crm_auth_group_access a INNER JOIN crm_auth_group g on a.group_id=g.id  WHERE ( a.uid='1' and g.status='1' )  [ RunTime:0.0000s ]
SQL: SHOW COLUMNS FROM `crm_auth_rule` [ RunTime:0.0000s ]
SQL: SELECT `condition`,`name` FROM `crm_auth_rule` WHERE `id` IN ('1','3','4','5','6','7','8','9','10','11','12','13','14','15','16','17','62','64','18','19','20','21','22','23','24','25','26','27','28','29','30','31','32','33','34','35','36','37','38','39','40','41','42','43','44','45','46','47','48','49','50','51','52','53','54','55','56','57','58','59','60','61','63','65','66','67','68','69','70') AND `type` = 1 AND `status` = 1  [ RunTime:0.0000s ]
SQL: SHOW COLUMNS FROM `crm_client` [ RunTime:0.0010s ]
SQL: UPDATE `crm_client` SET `flag`='0' WHERE `id` IN ('13','14') [ RunTime:0.0000s ]

[ 2017-05-26T13:39:27+08:00 ] 127.0.0.1 /Company_crm/index.php/Home/Shouqian/products_delone.html
INFO: [ app_begin ] --START--
INFO: Run Behavior\ReadHtmlCacheBehavior [ RunTime:0.001000s ]
INFO: [ app_begin ] --END-- [ RunTime:0.001000s ]
SQL: SHOW COLUMNS FROM `crm_auth_group_access` [ RunTime:0.0010s ]
SQL: SELECT `uid`,`group_id`,`title`,`rules` FROM crm_auth_group_access a INNER JOIN crm_auth_group g on a.group_id=g.id  WHERE ( a.uid='2' and g.status='1' )  [ RunTime:0.0000s ]
SQL: SHOW COLUMNS FROM `crm_auth_rule` [ RunTime:0.0010s ]
SQL: SELECT `condition`,`name` FROM `crm_auth_rule` WHERE `id` IN ('1','18','19','20','23','65','68','62','63','64') AND `type` = 1 AND `status` = 1  [ RunTime:0.0010s ]

[ 2017-05-26T13:39:40+08:00 ] 127.0.0.1 /Company_crm/index.php/Home/Shouqian/kehu_delall.html
INFO: [ app_begin ] --START--
INFO: Run Behavior\ReadHtmlCacheBehavior [ RunTime:0.001000s ]
INFO: [ app_begin ] --END-- [ RunTime:0.002000s ]
SQL: SHOW COLUMNS FROM `crm_auth_group_access` [ RunTime:0.0010s ]
SQL: SELECT `uid`,`group_id`,`title`,`rules` FROM crm_auth_group_access a INNER JOIN crm_auth_group g on a.group_id=g.id  WHERE ( a.uid='2' and g.status='1' )  [ RunTime:0.0010s ]
SQL: SHOW COLUMNS FROM `crm_auth_rule` [ RunTime:0.0000s ]
SQL: SELECT `condition`,`name` FROM `crm_auth_rule` WHERE `id` IN ('1','18','19','20','23','65','68','62','63','64') AND `type` = 1 AND `status` = 1  [ RunTime:0.0000s ]

[ 2017-05-26T13:39:49+08:00 ] 127.0.0.1 /Company_crm/index.php/Home/Shouqian/kehu_delall.html
INFO: [ app_begin ] --START--
INFO: Run Behavior\ReadHtmlCacheBehavior [ RunTime:0.001000s ]
INFO: [ app_begin ] --END-- [ RunTime:0.001000s ]
SQL: SHOW COLUMNS FROM `crm_auth_group_access` [ RunTime:0.0010s ]
SQL: SELECT `uid`,`group_id`,`title`,`rules` FROM crm_auth_group_access a INNER JOIN crm_auth_group g on a.group_id=g.id  WHERE ( a.uid='2' and g.status='1' )  [ RunTime:0.0000s ]
SQL: SHOW COLUMNS FROM `crm_auth_rule` [ RunTime:0.0010s ]
SQL: SELECT `condition`,`name` FROM `crm_auth_rule` WHERE `id` IN ('1','18','19','20','23','65','68','62','63','64') AND `type` = 1 AND `status` = 1  [ RunTime:0.0000s ]

[ 2017-05-26T13:39:49+08:00 ] 127.0.0.1 /Company_crm/index.php/Home/Shouqian/kehu_delall.html
INFO: [ app_begin ] --START--
INFO: Run Behavior\ReadHtmlCacheBehavior [ RunTime:0.001000s ]
INFO: [ app_begin ] --END-- [ RunTime:0.001000s ]
SQL: SHOW COLUMNS FROM `crm_auth_group_access` [ RunTime:0.0010s ]
SQL: SELECT `uid`,`group_id`,`title`,`rules` FROM crm_auth_group_access a INNER JOIN crm_auth_group g on a.group_id=g.id  WHERE ( a.uid='2' and g.status='1' )  [ RunTime:0.0010s ]
SQL: SHOW COLUMNS FROM `crm_auth_rule` [ RunTime:0.0000s ]
SQL: SELECT `condition`,`name` FROM `crm_auth_rule` WHERE `id` IN ('1','18','19','20','23','65','68','62','63','64') AND `type` = 1 AND `status` = 1  [ RunTime:0.0000s ]

[ 2017-05-26T13:39:49+08:00 ] 127.0.0.1 /Company_crm/index.php/Home/Shouqian/kehu_delall.html
INFO: [ app_begin ] --START--
INFO: Run Behavior\ReadHtmlCacheBehavior [ RunTime:0.001000s ]
INFO: [ app_begin ] --END-- [ RunTime:0.002000s ]
SQL: SHOW COLUMNS FROM `crm_auth_group_access` [ RunTime:0.0010s ]
SQL: SELECT `uid`,`group_id`,`title`,`rules` FROM crm_auth_group_access a INNER JOIN crm_auth_group g on a.group_id=g.id  WHERE ( a.uid='2' and g.status='1' )  [ RunTime:0.0000s ]
SQL: SHOW COLUMNS FROM `crm_auth_rule` [ RunTime:0.0010s ]
SQL: SELECT `condition`,`name` FROM `crm_auth_rule` WHERE `id` IN ('1','18','19','20','23','65','68','62','63','64') AND `type` = 1 AND `status` = 1  [ RunTime:0.0010s ]

[ 2017-05-26T13:39:51+08:00 ] 127.0.0.1 /Company_crm/index.php/Home/Shouqian/kehu_delall.html
INFO: [ app_begin ] --START--
INFO: Run Behavior\ReadHtmlCacheBehavior [ RunTime:0.001000s ]
INFO: [ app_begin ] --END-- [ RunTime:0.002000s ]
SQL: SHOW COLUMNS FROM `crm_auth_group_access` [ RunTime:0.0010s ]
SQL: SELECT `uid`,`group_id`,`title`,`rules` FROM crm_auth_group_access a INNER JOIN crm_auth_group g on a.group_id=g.id  WHERE ( a.uid='2' and g.status='1' )  [ RunTime:0.0010s ]
SQL: SHOW COLUMNS FROM `crm_auth_rule` [ RunTime:0.0010s ]
SQL: SELECT `condition`,`name` FROM `crm_auth_rule` WHERE `id` IN ('1','18','19','20','23','65','68','62','63','64') AND `type` = 1 AND `status` = 1  [ RunTime:0.0000s ]

[ 2017-05-26T13:39:55+08:00 ] 127.0.0.1 /Company_crm/index.php/Home/Shouqian/kehu_delall.html
INFO: [ app_begin ] --START--
INFO: Run Behavior\ReadHtmlCacheBehavior [ RunTime:0.001000s ]
INFO: [ app_begin ] --END-- [ RunTime:0.002000s ]
SQL: SHOW COLUMNS FROM `crm_auth_group_access` [ RunTime:0.0010s ]
SQL: SELECT `uid`,`group_id`,`title`,`rules` FROM crm_auth_group_access a INNER JOIN crm_auth_group g on a.group_id=g.id  WHERE ( a.uid='2' and g.status='1' )  [ RunTime:0.0000s ]
SQL: SHOW COLUMNS FROM `crm_auth_rule` [ RunTime:0.0000s ]
SQL: SELECT `condition`,`name` FROM `crm_auth_rule` WHERE `id` IN ('1','18','19','20','23','65','68','62','63','64') AND `type` = 1 AND `status` = 1  [ RunTime:0.0000s ]

[ 2017-05-26T13:45:59+08:00 ] 127.0.0.1 /Company_crm/index.php/Home/Shouqian/kehu_delall.html
INFO: [ app_begin ] --START--
INFO: Run Behavior\ReadHtmlCacheBehavior [ RunTime:0.002000s ]
INFO: [ app_begin ] --END-- [ RunTime:0.002000s ]
SQL: SHOW COLUMNS FROM `crm_auth_group_access` [ RunTime:0.0000s ]
SQL: SELECT `uid`,`group_id`,`title`,`rules` FROM crm_auth_group_access a INNER JOIN crm_auth_group g on a.group_id=g.id  WHERE ( a.uid='2' and g.status='1' )  [ RunTime:0.0000s ]
SQL: SHOW COLUMNS FROM `crm_auth_rule` [ RunTime:0.0010s ]
SQL: SELECT `condition`,`name` FROM `crm_auth_rule` WHERE `id` IN ('1','18','19','20','23','65','68','62','63','64') AND `type` = 1 AND `status` = 1  [ RunTime:0.0010s ]

[ 2017-05-26T13:46:02+08:00 ] 127.0.0.1 /Company_crm/index.php/Home/Shouqian/kehu_delall.html
INFO: [ app_begin ] --START--
INFO: Run Behavior\ReadHtmlCacheBehavior [ RunTime:0.001000s ]
INFO: [ app_begin ] --END-- [ RunTime:0.002000s ]
SQL: SHOW COLUMNS FROM `crm_auth_group_access` [ RunTime:0.0010s ]
SQL: SELECT `uid`,`group_id`,`title`,`rules` FROM crm_auth_group_access a INNER JOIN crm_auth_group g on a.group_id=g.id  WHERE ( a.uid='2' and g.status='1' )  [ RunTime:0.0010s ]
SQL: SHOW COLUMNS FROM `crm_auth_rule` [ RunTime:0.0010s ]
SQL: SELECT `condition`,`name` FROM `crm_auth_rule` WHERE `id` IN ('1','18','19','20','23','65','68','62','63','64') AND `type` = 1 AND `status` = 1  [ RunTime:0.0000s ]

[ 2017-05-26T13:47:59+08:00 ] 127.0.0.1 /Company_crm/index.php/Home/Shouqian/products_delone.html
INFO: [ app_begin ] --START--
INFO: Run Behavior\ReadHtmlCacheBehavior [ RunTime:0.001000s ]
INFO: [ app_begin ] --END-- [ RunTime:0.002000s ]
SQL: SHOW COLUMNS FROM `crm_auth_group_access` [ RunTime:0.0010s ]
SQL: SELECT `uid`,`group_id`,`title`,`rules` FROM crm_auth_group_access a INNER JOIN crm_auth_group g on a.group_id=g.id  WHERE ( a.uid='2' and g.status='1' )  [ RunTime:0.0010s ]
SQL: SHOW COLUMNS FROM `crm_auth_rule` [ RunTime:0.0010s ]
SQL: SELECT `condition`,`name` FROM `crm_auth_rule` WHERE `id` IN ('1','18','19','20','23','65','68','62','63','64') AND `type` = 1 AND `status` = 1  [ RunTime:0.0000s ]

[ 2017-05-26T13:48:05+08:00 ] 127.0.0.1 /Company_crm/index.php/Home/Shouqian/products_delall.html
INFO: [ app_begin ] --START--
INFO: Run Behavior\ReadHtmlCacheBehavior [ RunTime:0.001000s ]
INFO: [ app_begin ] --END-- [ RunTime:0.002000s ]
SQL: SHOW COLUMNS FROM `crm_auth_group_access` [ RunTime:0.0010s ]
SQL: SELECT `uid`,`group_id`,`title`,`rules` FROM crm_auth_group_access a INNER JOIN crm_auth_group g on a.group_id=g.id  WHERE ( a.uid='2' and g.status='1' )  [ RunTime:0.0000s ]
SQL: SHOW COLUMNS FROM `crm_auth_rule` [ RunTime:0.0010s ]
SQL: SELECT `condition`,`name` FROM `crm_auth_rule` WHERE `id` IN ('1','18','19','20','23','65','68','62','63','64') AND `type` = 1 AND `status` = 1  [ RunTime:0.0000s ]

[ 2017-05-26T13:51:30+08:00 ] 127.0.0.1 /Company_crm/index.php/Home/Shouqian/products_delone.html
INFO: [ app_begin ] --START--
INFO: Run Behavior\ReadHtmlCacheBehavior [ RunTime:0.001000s ]
INFO: [ app_begin ] --END-- [ RunTime:0.002000s ]
SQL: SHOW COLUMNS FROM `crm_auth_group_access` [ RunTime:0.0000s ]
SQL: SELECT `uid`,`group_id`,`title`,`rules` FROM crm_auth_group_access a INNER JOIN crm_auth_group g on a.group_id=g.id  WHERE ( a.uid='2' and g.status='1' )  [ RunTime:0.0010s ]
SQL: SHOW COLUMNS FROM `crm_auth_rule` [ RunTime:0.0010s ]
SQL: SELECT `condition`,`name` FROM `crm_auth_rule` WHERE `id` IN ('1','18','19','20','23','65','68','62','63','64') AND `type` = 1 AND `status` = 1  [ RunTime:0.0000s ]

[ 2017-05-26T13:52:43+08:00 ] 127.0.0.1 /Company_crm/index.php/Home/Shouqian/products_delone.html
INFO: [ app_begin ] --START--
INFO: Run Behavior\ReadHtmlCacheBehavior [ RunTime:0.001000s ]
INFO: [ app_begin ] --END-- [ RunTime:0.001000s ]
SQL: SHOW COLUMNS FROM `crm_auth_group_access` [ RunTime:0.0010s ]
SQL: SELECT `uid`,`group_id`,`title`,`rules` FROM crm_auth_group_access a INNER JOIN crm_auth_group g on a.group_id=g.id  WHERE ( a.uid='2' and g.status='1' )  [ RunTime:0.0000s ]
SQL: SHOW COLUMNS FROM `crm_auth_rule` [ RunTime:0.0010s ]
SQL: SELECT `condition`,`name` FROM `crm_auth_rule` WHERE `id` IN ('1','18','19','20','23','65','68','62','63','64') AND `type` = 1 AND `status` = 1  [ RunTime:0.0010s ]

[ 2017-05-26T13:53:01+08:00 ] 127.0.0.1 /Company_crm/index.php/Home/Shouqian/products_delall.html
INFO: [ app_begin ] --START--
INFO: Run Behavior\ReadHtmlCacheBehavior [ RunTime:0.001000s ]
INFO: [ app_begin ] --END-- [ RunTime:0.001000s ]
SQL: SHOW COLUMNS FROM `crm_auth_group_access` [ RunTime:0.0010s ]
SQL: SELECT `uid`,`group_id`,`title`,`rules` FROM crm_auth_group_access a INNER JOIN crm_auth_group g on a.group_id=g.id  WHERE ( a.uid='2' and g.status='1' )  [ RunTime:0.0000s ]
SQL: SHOW COLUMNS FROM `crm_auth_rule` [ RunTime:0.0010s ]
SQL: SELECT `condition`,`name` FROM `crm_auth_rule` WHERE `id` IN ('1','18','19','20','23','65','68','62','63','64') AND `type` = 1 AND `status` = 1  [ RunTime:0.0000s ]

[ 2017-05-26T13:53:08+08:00 ] 127.0.0.1 /Company_crm/index.php/Home/Shouqian/products_delall.html
INFO: [ app_begin ] --START--
INFO: Run Behavior\ReadHtmlCacheBehavior [ RunTime:0.000000s ]
INFO: [ app_begin ] --END-- [ RunTime:0.001000s ]
SQL: SHOW COLUMNS FROM `crm_auth_group_access` [ RunTime:0.0010s ]
SQL: SELECT `uid`,`group_id`,`title`,`rules` FROM crm_auth_group_access a INNER JOIN crm_auth_group g on a.group_id=g.id  WHERE ( a.uid='2' and g.status='1' )  [ RunTime:0.0000s ]
SQL: SHOW COLUMNS FROM `crm_auth_rule` [ RunTime:0.0010s ]
SQL: SELECT `condition`,`name` FROM `crm_auth_rule` WHERE `id` IN ('1','18','19','20','23','65','68','62','63','64') AND `type` = 1 AND `status` = 1  [ RunTime:0.0010s ]

[ 2017-05-26T13:53:13+08:00 ] 127.0.0.1 /Company_crm/index.php/Home/Shouqian/products_delall.html
INFO: [ app_begin ] --START--
INFO: Run Behavior\ReadHtmlCacheBehavior [ RunTime:0.001000s ]
INFO: [ app_begin ] --END-- [ RunTime:0.001000s ]
SQL: SHOW COLUMNS FROM `crm_auth_group_access` [ RunTime:0.0010s ]
SQL: SELECT `uid`,`group_id`,`title`,`rules` FROM crm_auth_group_access a INNER JOIN crm_auth_group g on a.group_id=g.id  WHERE ( a.uid='2' and g.status='1' )  [ RunTime:0.0010s ]
SQL: SHOW COLUMNS FROM `crm_auth_rule` [ RunTime:0.0010s ]
SQL: SELECT `condition`,`name` FROM `crm_auth_rule` WHERE `id` IN ('1','18','19','20','23','65','68','62','63','64') AND `type` = 1 AND `status` = 1  [ RunTime:0.0010s ]

[ 2017-05-26T13:53:20+08:00 ] 127.0.0.1 /Company_crm/index.php/Home/Shouqian/products_delone.html
INFO: [ app_begin ] --START--
INFO: Run Behavior\ReadHtmlCacheBehavior [ RunTime:0.001000s ]
INFO: [ app_begin ] --END-- [ RunTime:0.002000s ]
SQL: SHOW COLUMNS FROM `crm_auth_group_access` [ RunTime:0.0010s ]
SQL: SELECT `uid`,`group_id`,`title`,`rules` FROM crm_auth_group_access a INNER JOIN crm_auth_group g on a.group_id=g.id  WHERE ( a.uid='2' and g.status='1' )  [ RunTime:0.0010s ]
SQL: SHOW COLUMNS FROM `crm_auth_rule` [ RunTime:0.0010s ]
SQL: SELECT `condition`,`name` FROM `crm_auth_rule` WHERE `id` IN ('1','18','19','20','23','65','68','62','63','64') AND `type` = 1 AND `status` = 1  [ RunTime:0.0000s ]

[ 2017-05-26T13:53:30+08:00 ] 127.0.0.1 /Company_crm/index.php/Home/Shouqian/kehu_delone.html
INFO: [ app_begin ] --START--
INFO: Run Behavior\ReadHtmlCacheBehavior [ RunTime:0.001000s ]
INFO: [ app_begin ] --END-- [ RunTime:0.002000s ]
SQL: SHOW COLUMNS FROM `crm_auth_group_access` [ RunTime:0.0010s ]
SQL: SELECT `uid`,`group_id`,`title`,`rules` FROM crm_auth_group_access a INNER JOIN crm_auth_group g on a.group_id=g.id  WHERE ( a.uid='2' and g.status='1' )  [ RunTime:0.0000s ]
SQL: SHOW COLUMNS FROM `crm_auth_rule` [ RunTime:0.0010s ]
SQL: SELECT `condition`,`name` FROM `crm_auth_rule` WHERE `id` IN ('1','18','19','20','23','65','68','62','63','64') AND `type` = 1 AND `status` = 1  [ RunTime:0.0000s ]

[ 2017-05-26T13:53:33+08:00 ] 127.0.0.1 /Company_crm/index.php/Home/Shouqian/kehu_delall.html
INFO: [ app_begin ] --START--
INFO: Run Behavior\ReadHtmlCacheBehavior [ RunTime:0.001000s ]
INFO: [ app_begin ] --END-- [ RunTime:0.001000s ]
SQL: SHOW COLUMNS FROM `crm_auth_group_access` [ RunTime:0.0010s ]
SQL: SELECT `uid`,`group_id`,`title`,`rules` FROM crm_auth_group_access a INNER JOIN crm_auth_group g on a.group_id=g.id  WHERE ( a.uid='2' and g.status='1' )  [ RunTime:0.0000s ]
SQL: SHOW COLUMNS FROM `crm_auth_rule` [ RunTime:0.0000s ]
SQL: SELECT `condition`,`name` FROM `crm_auth_rule` WHERE `id` IN ('1','18','19','20','23','65','68','62','63','64') AND `type` = 1 AND `status` = 1  [ RunTime:0.0000s ]

[ 2017-05-26T13:53:37+08:00 ] 127.0.0.1 /Company_crm/index.php/Home/Shouqian/kehu_delall.html
INFO: [ app_begin ] --START--
INFO: Run Behavior\ReadHtmlCacheBehavior [ RunTime:0.001000s ]
INFO: [ app_begin ] --END-- [ RunTime:0.001000s ]
SQL: SHOW COLUMNS FROM `crm_auth_group_access` [ RunTime:0.0010s ]
SQL: SELECT `uid`,`group_id`,`title`,`rules` FROM crm_auth_group_access a INNER JOIN crm_auth_group g on a.group_id=g.id  WHERE ( a.uid='2' and g.status='1' )  [ RunTime:0.0010s ]
SQL: SHOW COLUMNS FROM `crm_auth_rule` [ RunTime:0.0000s ]
SQL: SELECT `condition`,`name` FROM `crm_auth_rule` WHERE `id` IN ('1','18','19','20','23','65','68','62','63','64') AND `type` = 1 AND `status` = 1  [ RunTime:0.0000s ]

[ 2017-05-26T13:54:42+08:00 ] 127.0.0.1 /Company_crm/index.php/Home/Project/item_delone.html
INFO: [ app_begin ] --START--
INFO: Run Behavior\ReadHtmlCacheBehavior [ RunTime:0.001000s ]
INFO: [ app_begin ] --END-- [ RunTime:0.002001s ]
SQL: SHOW COLUMNS FROM `crm_auth_group_access` [ RunTime:0.0010s ]
SQL: SELECT `uid`,`group_id`,`title`,`rules` FROM crm_auth_group_access a INNER JOIN crm_auth_group g on a.group_id=g.id  WHERE ( a.uid='3' and g.status='1' )  [ RunTime:0.0000s ]
SQL: SHOW COLUMNS FROM `crm_auth_rule` [ RunTime:0.0000s ]
SQL: SELECT `condition`,`name` FROM `crm_auth_rule` WHERE `id` IN ('1','24','25','26','29','30','31','34','35','38','39','40','41','62','63','64') AND `type` = 1 AND `status` = 1  [ RunTime:0.0000s ]

[ 2017-05-26T13:58:08+08:00 ] 127.0.0.1 /Company_crm/index.php/Home/Project/item_delone.html
INFO: [ app_begin ] --START--
INFO: Run Behavior\ReadHtmlCacheBehavior [ RunTime:0.001000s ]
INFO: [ app_begin ] --END-- [ RunTime:0.001000s ]
SQL: SHOW COLUMNS FROM `crm_auth_group_access` [ RunTime:0.0010s ]
SQL: SELECT `uid`,`group_id`,`title`,`rules` FROM crm_auth_group_access a INNER JOIN crm_auth_group g on a.group_id=g.id  WHERE ( a.uid='3' and g.status='1' )  [ RunTime:0.0000s ]
SQL: SHOW COLUMNS FROM `crm_auth_rule` [ RunTime:0.0000s ]
SQL: SELECT `condition`,`name` FROM `crm_auth_rule` WHERE `id` IN ('1','24','25','26','29','30','31','34','35','38','39','40','41','62','63','64') AND `type` = 1 AND `status` = 1  [ RunTime:0.0000s ]

[ 2017-05-26T13:58:12+08:00 ] 127.0.0.1 /Company_crm/index.php/Home/Project/item_delall.html
INFO: [ app_begin ] --START--
INFO: Run Behavior\ReadHtmlCacheBehavior [ RunTime:0.001000s ]
INFO: [ app_begin ] --END-- [ RunTime:0.001000s ]
SQL: SHOW COLUMNS FROM `crm_auth_group_access` [ RunTime:0.0000s ]
SQL: SELECT `uid`,`group_id`,`title`,`rules` FROM crm_auth_group_access a INNER JOIN crm_auth_group g on a.group_id=g.id  WHERE ( a.uid='3' and g.status='1' )  [ RunTime:0.0010s ]
SQL: SHOW COLUMNS FROM `crm_auth_rule` [ RunTime:0.0010s ]
SQL: SELECT `condition`,`name` FROM `crm_auth_rule` WHERE `id` IN ('1','24','25','26','29','30','31','34','35','38','39','40','41','62','63','64') AND `type` = 1 AND `status` = 1  [ RunTime:0.0010s ]

[ 2017-05-26T13:58:24+08:00 ] 127.0.0.1 /Company_crm/index.php/Home/Project/wo_delone.html
INFO: [ app_begin ] --START--
INFO: Run Behavior\ReadHtmlCacheBehavior [ RunTime:0.001001s ]
INFO: [ app_begin ] --END-- [ RunTime:0.002001s ]
SQL: SHOW COLUMNS FROM `crm_auth_group_access` [ RunTime:0.0010s ]
SQL: SELECT `uid`,`group_id`,`title`,`rules` FROM crm_auth_group_access a INNER JOIN crm_auth_group g on a.group_id=g.id  WHERE ( a.uid='3' and g.status='1' )  [ RunTime:0.0010s ]
SQL: SHOW COLUMNS FROM `crm_auth_rule` [ RunTime:0.0000s ]
SQL: SELECT `condition`,`name` FROM `crm_auth_rule` WHERE `id` IN ('1','24','25','26','29','30','31','34','35','38','39','40','41','62','63','64') AND `type` = 1 AND `status` = 1  [ RunTime:0.0000s ]

[ 2017-05-26T13:58:28+08:00 ] 127.0.0.1 /Company_crm/index.php/Home/Project/wo_delall.html
INFO: [ app_begin ] --START--
INFO: Run Behavior\ReadHtmlCacheBehavior [ RunTime:0.001000s ]
INFO: [ app_begin ] --END-- [ RunTime:0.002000s ]
SQL: SHOW COLUMNS FROM `crm_auth_group_access` [ RunTime:0.0010s ]
SQL: SELECT `uid`,`group_id`,`title`,`rules` FROM crm_auth_group_access a INNER JOIN crm_auth_group g on a.group_id=g.id  WHERE ( a.uid='3' and g.status='1' )  [ RunTime:0.0000s ]
SQL: SHOW COLUMNS FROM `crm_auth_rule` [ RunTime:0.0010s ]
SQL: SELECT `condition`,`name` FROM `crm_auth_rule` WHERE `id` IN ('1','24','25','26','29','30','31','34','35','38','39','40','41','62','63','64') AND `type` = 1 AND `status` = 1  [ RunTime:0.0000s ]

[ 2017-05-26T13:58:37+08:00 ] 127.0.0.1 /Company_crm/index.php/Home/Project/wo_delall.html
INFO: [ app_begin ] --START--
INFO: Run Behavior\ReadHtmlCacheBehavior [ RunTime:0.000000s ]
INFO: [ app_begin ] --END-- [ RunTime:0.002000s ]
SQL: SHOW COLUMNS FROM `crm_auth_group_access` [ RunTime:0.0010s ]
SQL: SELECT `uid`,`group_id`,`title`,`rules` FROM crm_auth_group_access a INNER JOIN crm_auth_group g on a.group_id=g.id  WHERE ( a.uid='3' and g.status='1' )  [ RunTime:0.0000s ]
SQL: SHOW COLUMNS FROM `crm_auth_rule` [ RunTime:0.0010s ]
SQL: SELECT `condition`,`name` FROM `crm_auth_rule` WHERE `id` IN ('1','24','25','26','29','30','31','34','35','38','39','40','41','62','63','64') AND `type` = 1 AND `status` = 1  [ RunTime:0.0000s ]

[ 2017-05-26T13:58:43+08:00 ] 127.0.0.1 /Company_crm/index.php/Home/Project/task_delone.html
INFO: [ app_begin ] --START--
INFO: Run Behavior\ReadHtmlCacheBehavior [ RunTime:0.001000s ]
INFO: [ app_begin ] --END-- [ RunTime:0.001000s ]
SQL: SHOW COLUMNS FROM `crm_auth_group_access` [ RunTime:0.0010s ]
SQL: SELECT `uid`,`group_id`,`title`,`rules` FROM crm_auth_group_access a INNER JOIN crm_auth_group g on a.group_id=g.id  WHERE ( a.uid='3' and g.status='1' )  [ RunTime:0.0000s ]
SQL: SHOW COLUMNS FROM `crm_auth_rule` [ RunTime:0.0000s ]
SQL: SELECT `condition`,`name` FROM `crm_auth_rule` WHERE `id` IN ('1','24','25','26','29','30','31','34','35','38','39','40','41','62','63','64') AND `type` = 1 AND `status` = 1  [ RunTime:0.0000s ]

[ 2017-05-26T13:58:47+08:00 ] 127.0.0.1 /Company_crm/index.php/Home/Project/task_delall.html
INFO: [ app_begin ] --START--
INFO: Run Behavior\ReadHtmlCacheBehavior [ RunTime:0.001000s ]
INFO: [ app_begin ] --END-- [ RunTime:0.002000s ]
SQL: SHOW COLUMNS FROM `crm_auth_group_access` [ RunTime:0.0010s ]
SQL: SELECT `uid`,`group_id`,`title`,`rules` FROM crm_auth_group_access a INNER JOIN crm_auth_group g on a.group_id=g.id  WHERE ( a.uid='3' and g.status='1' )  [ RunTime:0.0010s ]
SQL: SHOW COLUMNS FROM `crm_auth_rule` [ RunTime:0.0010s ]
SQL: SELECT `condition`,`name` FROM `crm_auth_rule` WHERE `id` IN ('1','24','25','26','29','30','31','34','35','38','39','40','41','62','63','64') AND `type` = 1 AND `status` = 1  [ RunTime:0.0010s ]

[ 2017-05-26T13:58:56+08:00 ] 127.0.0.1 /Company_crm/index.php/Home/Project/process_delone.html
INFO: [ app_begin ] --START--
INFO: Run Behavior\ReadHtmlCacheBehavior [ RunTime:0.001000s ]
INFO: [ app_begin ] --END-- [ RunTime:0.002000s ]
SQL: SHOW COLUMNS FROM `crm_auth_group_access` [ RunTime:0.0010s ]
SQL: SELECT `uid`,`group_id`,`title`,`rules` FROM crm_auth_group_access a INNER JOIN crm_auth_group g on a.group_id=g.id  WHERE ( a.uid='3' and g.status='1' )  [ RunTime:0.0010s ]
SQL: SHOW COLUMNS FROM `crm_auth_rule` [ RunTime:0.0010s ]
SQL: SELECT `condition`,`name` FROM `crm_auth_rule` WHERE `id` IN ('1','24','25','26','29','30','31','34','35','38','39','40','41','62','63','64') AND `type` = 1 AND `status` = 1  [ RunTime:0.0000s ]

[ 2017-05-26T13:58:59+08:00 ] 127.0.0.1 /Company_crm/index.php/Home/Project/process_delall.html
INFO: [ app_begin ] --START--
INFO: Run Behavior\ReadHtmlCacheBehavior [ RunTime:0.001000s ]
INFO: [ app_begin ] --END-- [ RunTime:0.001000s ]
SQL: SHOW COLUMNS FROM `crm_auth_group_access` [ RunTime:0.0000s ]
SQL: SELECT `uid`,`group_id`,`title`,`rules` FROM crm_auth_group_access a INNER JOIN crm_auth_group g on a.group_id=g.id  WHERE ( a.uid='3' and g.status='1' )  [ RunTime:0.0000s ]
SQL: SHOW COLUMNS FROM `crm_auth_rule` [ RunTime:0.0010s ]
SQL: SELECT `condition`,`name` FROM `crm_auth_rule` WHERE `id` IN ('1','24','25','26','29','30','31','34','35','38','39','40','41','62','63','64') AND `type` = 1 AND `status` = 1  [ RunTime:0.0010s ]

[ 2017-05-26T14:12:03+08:00 ] 127.0.0.1 /Company_crm/index.php/Home/Develop/task_delone.html
INFO: [ app_begin ] --START--
INFO: Run Behavior\ReadHtmlCacheBehavior [ RunTime:0.001000s ]
INFO: [ app_begin ] --END-- [ RunTime:0.001000s ]
SQL: SHOW COLUMNS FROM `crm_auth_group_access` [ RunTime:0.0000s ]
SQL: SELECT `uid`,`group_id`,`title`,`rules` FROM crm_auth_group_access a INNER JOIN crm_auth_group g on a.group_id=g.id  WHERE ( a.uid='4' and g.status='1' )  [ RunTime:0.0000s ]
SQL: SHOW COLUMNS FROM `crm_auth_rule` [ RunTime:0.0010s ]
SQL: SELECT `condition`,`name` FROM `crm_auth_rule` WHERE `id` IN ('1','44','45','46','49','50','51','62','63','64') AND `type` = 1 AND `status` = 1  [ RunTime:0.0010s ]

[ 2017-05-26T14:14:36+08:00 ] 127.0.0.1 /Company_crm/index.php/Home/Develop/task_delone.html
INFO: [ app_begin ] --START--
INFO: Run Behavior\ReadHtmlCacheBehavior [ RunTime:0.001000s ]
INFO: [ app_begin ] --END-- [ RunTime:0.002000s ]
SQL: SHOW COLUMNS FROM `crm_auth_group_access` [ RunTime:0.0010s ]
SQL: SELECT `uid`,`group_id`,`title`,`rules` FROM crm_auth_group_access a INNER JOIN crm_auth_group g on a.group_id=g.id  WHERE ( a.uid='4' and g.status='1' )  [ RunTime:0.0000s ]
SQL: SHOW COLUMNS FROM `crm_auth_rule` [ RunTime:0.0000s ]
SQL: SELECT `condition`,`name` FROM `crm_auth_rule` WHERE `id` IN ('1','44','45','46','49','50','51','62','63','64','69') AND `type` = 1 AND `status` = 1  [ RunTime:0.0000s ]

[ 2017-05-26T14:14:39+08:00 ] 127.0.0.1 /Company_crm/index.php/Home/Develop/task_delall.html
INFO: [ app_begin ] --START--
INFO: Run Behavior\ReadHtmlCacheBehavior [ RunTime:0.001000s ]
INFO: [ app_begin ] --END-- [ RunTime:0.002000s ]
SQL: SHOW COLUMNS FROM `crm_auth_group_access` [ RunTime:0.0010s ]
SQL: SELECT `uid`,`group_id`,`title`,`rules` FROM crm_auth_group_access a INNER JOIN crm_auth_group g on a.group_id=g.id  WHERE ( a.uid='4' and g.status='1' )  [ RunTime:0.0010s ]
SQL: SHOW COLUMNS FROM `crm_auth_rule` [ RunTime:0.0000s ]
SQL: SELECT `condition`,`name` FROM `crm_auth_rule` WHERE `id` IN ('1','44','45','46','49','50','51','62','63','64','69') AND `type` = 1 AND `status` = 1  [ RunTime:0.0000s ]

[ 2017-05-26T14:14:45+08:00 ] 127.0.0.1 /Company_crm/index.php/Home/Develop/process_delall.html
INFO: [ app_begin ] --START--
INFO: Run Behavior\ReadHtmlCacheBehavior [ RunTime:0.001000s ]
INFO: [ app_begin ] --END-- [ RunTime:0.002000s ]
SQL: SHOW COLUMNS FROM `crm_auth_group_access` [ RunTime:0.0010s ]
SQL: SELECT `uid`,`group_id`,`title`,`rules` FROM crm_auth_group_access a INNER JOIN crm_auth_group g on a.group_id=g.id  WHERE ( a.uid='4' and g.status='1' )  [ RunTime:0.0010s ]
SQL: SHOW COLUMNS FROM `crm_auth_rule` [ RunTime:0.0000s ]
SQL: SELECT `condition`,`name` FROM `crm_auth_rule` WHERE `id` IN ('1','44','45','46','49','50','51','62','63','64','69') AND `type` = 1 AND `status` = 1  [ RunTime:0.0000s ]

[ 2017-05-26T14:18:10+08:00 ] 127.0.0.1 /Company_crm/index.php/Home/Client/client_delone.html
INFO: [ app_begin ] --START--
INFO: Run Behavior\ReadHtmlCacheBehavior [ RunTime:0.001000s ]
INFO: [ app_begin ] --END-- [ RunTime:0.002000s ]
SQL: SHOW COLUMNS FROM `crm_auth_group_access` [ RunTime:0.0010s ]
SQL: SELECT `uid`,`group_id`,`title`,`rules` FROM crm_auth_group_access a INNER JOIN crm_auth_group g on a.group_id=g.id  WHERE ( a.uid='5' and g.status='1' )  [ RunTime:0.0010s ]
SQL: SHOW COLUMNS FROM `crm_auth_rule` [ RunTime:0.0000s ]
SQL: SELECT `condition`,`name` FROM `crm_auth_rule` WHERE `id` IN ('1','54','55','56','59','62','63','64') AND `type` = 1 AND `status` = 1  [ RunTime:0.0000s ]

[ 2017-05-26T14:18:12+08:00 ] 127.0.0.1 /Company_crm/index.php/Home/Client/client_delall.html
INFO: [ app_begin ] --START--
INFO: Run Behavior\ReadHtmlCacheBehavior [ RunTime:0.001000s ]
INFO: [ app_begin ] --END-- [ RunTime:0.002000s ]
SQL: SHOW COLUMNS FROM `crm_auth_group_access` [ RunTime:0.0010s ]
SQL: SELECT `uid`,`group_id`,`title`,`rules` FROM crm_auth_group_access a INNER JOIN crm_auth_group g on a.group_id=g.id  WHERE ( a.uid='5' and g.status='1' )  [ RunTime:0.0000s ]
SQL: SHOW COLUMNS FROM `crm_auth_rule` [ RunTime:0.0000s ]
SQL: SELECT `condition`,`name` FROM `crm_auth_rule` WHERE `id` IN ('1','54','55','56','59','62','63','64') AND `type` = 1 AND `status` = 1  [ RunTime:0.0010s ]

[ 2017-05-26T14:18:30+08:00 ] 127.0.0.1 /Company_crm/index.php/Home/Client/shouhou_delone.html
INFO: [ app_begin ] --START--
INFO: Run Behavior\ReadHtmlCacheBehavior [ RunTime:0.001000s ]
INFO: [ app_begin ] --END-- [ RunTime:0.002000s ]
SQL: SHOW COLUMNS FROM `crm_auth_group_access` [ RunTime:0.0010s ]
SQL: SELECT `uid`,`group_id`,`title`,`rules` FROM crm_auth_group_access a INNER JOIN crm_auth_group g on a.group_id=g.id  WHERE ( a.uid='5' and g.status='1' )  [ RunTime:0.0000s ]
SQL: SHOW COLUMNS FROM `crm_auth_rule` [ RunTime:0.0000s ]
SQL: SELECT `condition`,`name` FROM `crm_auth_rule` WHERE `id` IN ('1','54','55','56','59','62','63','64') AND `type` = 1 AND `status` = 1  [ RunTime:0.0000s ]

[ 2017-05-26T14:18:34+08:00 ] 127.0.0.1 /Company_crm/index.php/Home/Client/shouhou_delone.html
INFO: [ app_begin ] --START--
INFO: Run Behavior\ReadHtmlCacheBehavior [ RunTime:0.001000s ]
INFO: [ app_begin ] --END-- [ RunTime:0.002000s ]
SQL: SHOW COLUMNS FROM `crm_auth_group_access` [ RunTime:0.0010s ]
SQL: SELECT `uid`,`group_id`,`title`,`rules` FROM crm_auth_group_access a INNER JOIN crm_auth_group g on a.group_id=g.id  WHERE ( a.uid='5' and g.status='1' )  [ RunTime:0.0000s ]
SQL: SHOW COLUMNS FROM `crm_auth_rule` [ RunTime:0.0000s ]
SQL: SELECT `condition`,`name` FROM `crm_auth_rule` WHERE `id` IN ('1','54','55','56','59','62','63','64') AND `type` = 1 AND `status` = 1  [ RunTime:0.0000s ]

[ 2017-05-26T14:18:37+08:00 ] 127.0.0.1 /Company_crm/index.php/Home/Client/shouhou_delone.html
INFO: [ app_begin ] --START--
INFO: Run Behavior\ReadHtmlCacheBehavior [ RunTime:0.001000s ]
INFO: [ app_begin ] --END-- [ RunTime:0.002000s ]
SQL: SHOW COLUMNS FROM `crm_auth_group_access` [ RunTime:0.0010s ]
SQL: SELECT `uid`,`group_id`,`title`,`rules` FROM crm_auth_group_access a INNER JOIN crm_auth_group g on a.group_id=g.id  WHERE ( a.uid='5' and g.status='1' )  [ RunTime:0.0010s ]
SQL: SHOW COLUMNS FROM `crm_auth_rule` [ RunTime:0.0010s ]
SQL: SELECT `condition`,`name` FROM `crm_auth_rule` WHERE `id` IN ('1','54','55','56','59','62','63','64') AND `type` = 1 AND `status` = 1  [ RunTime:0.0000s ]

[ 2017-05-26T14:18:41+08:00 ] 127.0.0.1 /Company_crm/index.php/Home/Client/shouhou_delall.html
INFO: [ app_begin ] --START--
INFO: Run Behavior\ReadHtmlCacheBehavior [ RunTime:0.001000s ]
INFO: [ app_begin ] --END-- [ RunTime:0.002000s ]
SQL: SHOW COLUMNS FROM `crm_auth_group_access` [ RunTime:0.0010s ]
SQL: SELECT `uid`,`group_id`,`title`,`rules` FROM crm_auth_group_access a INNER JOIN crm_auth_group g on a.group_id=g.id  WHERE ( a.uid='5' and g.status='1' )  [ RunTime:0.0000s ]
SQL: SHOW COLUMNS FROM `crm_auth_rule` [ RunTime:0.0010s ]
SQL: SELECT `condition`,`name` FROM `crm_auth_rule` WHERE `id` IN ('1','54','55','56','59','62','63','64') AND `type` = 1 AND `status` = 1  [ RunTime:0.0000s ]

[ 2017-05-26T14:19:59+08:00 ] 127.0.0.1 /Company_crm/index.php/Home/Client/shouhou_delall.html
INFO: [ app_begin ] --START--
INFO: Run Behavior\ReadHtmlCacheBehavior [ RunTime:0.001000s ]
INFO: [ app_begin ] --END-- [ RunTime:0.001000s ]
SQL: SHOW COLUMNS FROM `crm_auth_group_access` [ RunTime:0.0010s ]
SQL: SELECT `uid`,`group_id`,`title`,`rules` FROM crm_auth_group_access a INNER JOIN crm_auth_group g on a.group_id=g.id  WHERE ( a.uid='5' and g.status='1' )  [ RunTime:0.0010s ]
SQL: SHOW COLUMNS FROM `crm_auth_rule` [ RunTime:0.0000s ]
SQL: SELECT `condition`,`name` FROM `crm_auth_rule` WHERE `id` IN ('1','54','55','56','59','62','63','64') AND `type` = 1 AND `status` = 1  [ RunTime:0.0000s ]

[ 2017-05-26T14:20:03+08:00 ] 127.0.0.1 /Company_crm/index.php/Home/Client/shouhou_delone.html
INFO: [ app_begin ] --START--
INFO: Run Behavior\ReadHtmlCacheBehavior [ RunTime:0.001000s ]
INFO: [ app_begin ] --END-- [ RunTime:0.001000s ]
SQL: SHOW COLUMNS FROM `crm_auth_group_access` [ RunTime:0.0010s ]
SQL: SELECT `uid`,`group_id`,`title`,`rules` FROM crm_auth_group_access a INNER JOIN crm_auth_group g on a.group_id=g.id  WHERE ( a.uid='5' and g.status='1' )  [ RunTime:0.0000s ]
SQL: SHOW COLUMNS FROM `crm_auth_rule` [ RunTime:0.0000s ]
SQL: SELECT `condition`,`name` FROM `crm_auth_rule` WHERE `id` IN ('1','54','55','56','59','62','63','64') AND `type` = 1 AND `status` = 1  [ RunTime:0.0000s ]

[ 2017-05-26T14:24:54+08:00 ] 127.0.0.1 /Company_crm/index.php/Home/Client/shouhou_delone.html
INFO: [ app_begin ] --START--
INFO: Run Behavior\ReadHtmlCacheBehavior [ RunTime:0.001000s ]
INFO: [ app_begin ] --END-- [ RunTime:0.002000s ]
SQL: SHOW COLUMNS FROM `crm_auth_group_access` [ RunTime:0.0000s ]
SQL: SELECT `uid`,`group_id`,`title`,`rules` FROM crm_auth_group_access a INNER JOIN crm_auth_group g on a.group_id=g.id  WHERE ( a.uid='5' and g.status='1' )  [ RunTime:0.0010s ]
SQL: SHOW COLUMNS FROM `crm_auth_rule` [ RunTime:0.0010s ]
SQL: SELECT `condition`,`name` FROM `crm_auth_rule` WHERE `id` IN ('1','54','55','56','59','62','63','64','70') AND `type` = 1 AND `status` = 1  [ RunTime:0.0010s ]

[ 2017-05-26T14:25:36+08:00 ] 127.0.0.1 /Company_crm/index.php/Home/Shouqian/kehu_delone.html
INFO: [ app_begin ] --START--
INFO: Run Behavior\ReadHtmlCacheBehavior [ RunTime:0.001000s ]
INFO: [ app_begin ] --END-- [ RunTime:0.001000s ]
SQL: SHOW COLUMNS FROM `crm_auth_group_access` [ RunTime:0.0010s ]
SQL: SELECT `uid`,`group_id`,`title`,`rules` FROM crm_auth_group_access a INNER JOIN crm_auth_group g on a.group_id=g.id  WHERE ( a.uid='1' and g.status='1' )  [ RunTime:0.0000s ]
SQL: SHOW COLUMNS FROM `crm_auth_rule` [ RunTime:0.0000s ]
SQL: SELECT `condition`,`name` FROM `crm_auth_rule` WHERE `id` IN ('1','3','4','5','6','7','8','9','10','11','12','13','14','15','16','17','62','64','18','19','20','21','22','23','24','25','26','27','28','29','30','31','32','33','34','35','36','37','38','39','40','41','42','43','44','45','46','47','48','49','50','51','52','53','54','55','56','57','58','59','60','61','63','65','66','67','68','69','70') AND `type` = 1 AND `status` = 1  [ RunTime:0.0000s ]
SQL: SHOW COLUMNS FROM `crm_client` [ RunTime:0.0010s ]
SQL: UPDATE `crm_client` SET `flag`='0' WHERE `id` = 15 [ RunTime:0.0000s ]

[ 2017-05-26T14:25:47+08:00 ] 127.0.0.1 /Company_crm/index.php/Home/Project/task_delone.html
INFO: [ app_begin ] --START--
INFO: Run Behavior\ReadHtmlCacheBehavior [ RunTime:0.001000s ]
INFO: [ app_begin ] --END-- [ RunTime:0.002000s ]
SQL: SHOW COLUMNS FROM `crm_auth_group_access` [ RunTime:0.0010s ]
SQL: SELECT `uid`,`group_id`,`title`,`rules` FROM crm_auth_group_access a INNER JOIN crm_auth_group g on a.group_id=g.id  WHERE ( a.uid='1' and g.status='1' )  [ RunTime:0.0000s ]
SQL: SHOW COLUMNS FROM `crm_auth_rule` [ RunTime:0.0000s ]
SQL: SELECT `condition`,`name` FROM `crm_auth_rule` WHERE `id` IN ('1','3','4','5','6','7','8','9','10','11','12','13','14','15','16','17','62','64','18','19','20','21','22','23','24','25','26','27','28','29','30','31','32','33','34','35','36','37','38','39','40','41','42','43','44','45','46','47','48','49','50','51','52','53','54','55','56','57','58','59','60','61','63','65','66','67','68','69','70') AND `type` = 1 AND `status` = 1  [ RunTime:0.0000s ]
SQL: SHOW COLUMNS FROM `crm_task` [ RunTime:0.0010s ]
SQL: UPDATE `crm_task` SET `flag`='0' WHERE `task_id` = 2 [ RunTime:0.0550s ]

[ 2017-05-26T14:49:09+08:00 ] 127.0.0.1 /Company_crm/index.php/Home/Administrator/role_delone.html
INFO: [ app_begin ] --START--
INFO: Run Behavior\ReadHtmlCacheBehavior [ RunTime:0.001001s ]
INFO: [ app_begin ] --END-- [ RunTime:0.001001s ]
SQL: SHOW COLUMNS FROM `crm_auth_group_access` [ RunTime:0.0010s ]
SQL: SELECT `uid`,`group_id`,`title`,`rules` FROM crm_auth_group_access a INNER JOIN crm_auth_group g on a.group_id=g.id  WHERE ( a.uid='1' and g.status='1' )  [ RunTime:0.0010s ]
SQL: SHOW COLUMNS FROM `crm_auth_rule` [ RunTime:0.0000s ]
SQL: SELECT `condition`,`name` FROM `crm_auth_rule` WHERE `id` IN ('1','3','4','5','6','7','8','9','10','11','12','13','14','15','16','17','62','64','18','19','20','21','22','23','24','25','26','27','28','29','30','31','32','33','34','35','36','37','38','39','40','41','42','43','44','45','46','47','48','49','50','51','52','53','54','55','56','57','58','59','60','61','63','65','66','67','68','69','70') AND `type` = 1 AND `status` = 1  [ RunTime:0.0010s ]
SQL: SHOW COLUMNS FROM `crm_auth_group` [ RunTime:0.0010s ]
SQL: UPDATE `crm_auth_group` SET `status`='0' WHERE `id` = 10 [ RunTime:0.0010s ]

[ 2017-05-26T14:49:52+08:00 ] 127.0.0.1 /Company_crm/index.php/Home/Administrator/role_delall.html
INFO: [ app_begin ] --START--
INFO: Run Behavior\ReadHtmlCacheBehavior [ RunTime:0.001000s ]
INFO: [ app_begin ] --END-- [ RunTime:0.001000s ]
SQL: SHOW COLUMNS FROM `crm_auth_group_access` [ RunTime:0.0010s ]
SQL: SELECT `uid`,`group_id`,`title`,`rules` FROM crm_auth_group_access a INNER JOIN crm_auth_group g on a.group_id=g.id  WHERE ( a.uid='1' and g.status='1' )  [ RunTime:0.0000s ]
SQL: SHOW COLUMNS FROM `crm_auth_rule` [ RunTime:0.0000s ]
SQL: SELECT `condition`,`name` FROM `crm_auth_rule` WHERE `id` IN ('1','3','4','5','6','7','8','9','10','11','12','13','14','15','16','17','62','64','18','19','20','21','22','23','24','25','26','27','28','29','30','31','32','33','34','35','36','37','38','39','40','41','42','43','44','45','46','47','48','49','50','51','52','53','54','55','56','57','58','59','60','61','63','65','66','67','68','69','70') AND `type` = 1 AND `status` = 1  [ RunTime:0.0010s ]
SQL: SHOW COLUMNS FROM `crm_auth_group` [ RunTime:0.0000s ]
SQL: UPDATE `crm_auth_group` SET `status`='0' WHERE `id` IN ('10') [ RunTime:0.0000s ]

[ 2017-05-26T15:11:42+08:00 ] 127.0.0.1 /Company_crm/index.php/Home/Administrator/user_delone.html
INFO: [ app_begin ] --START--
INFO: Run Behavior\ReadHtmlCacheBehavior [ RunTime:0.001000s ]
INFO: [ app_begin ] --END-- [ RunTime:0.001000s ]
SQL: SHOW COLUMNS FROM `crm_auth_group_access` [ RunTime:0.0010s ]
SQL: SELECT `uid`,`group_id`,`title`,`rules` FROM crm_auth_group_access a INNER JOIN crm_auth_group g on a.group_id=g.id  WHERE ( a.uid='1' and g.status='1' )  [ RunTime:0.0000s ]
SQL: SHOW COLUMNS FROM `crm_auth_rule` [ RunTime:0.0000s ]
SQL: SELECT `condition`,`name` FROM `crm_auth_rule` WHERE `id` IN ('1','3','4','5','6','7','8','9','10','11','12','13','14','15','16','17','62','64','18','19','20','21','22','23','24','25','26','27','28','29','30','31','32','33','34','35','36','37','38','39','40','41','42','43','44','45','46','47','48','49','50','51','52','53','54','55','56','57','58','59','60','61','63','65','66','67','68','69','70') AND `type` = 1 AND `status` = 1  [ RunTime:0.0000s ]
SQL: SHOW COLUMNS FROM `crm_user` [ RunTime:0.0010s ]
SQL: SHOW COLUMNS FROM `crm_auth_group_access` [ RunTime:0.0000s ]
SQL: UPDATE `crm_user` SET `flag`='0' WHERE `user_id` = 5 [ RunTime:0.0540s ]

[ 2017-05-26T15:14:21+08:00 ] 127.0.0.1 /Company_crm/index.php/Home/Administrator/user_delone.html
INFO: [ app_begin ] --START--
INFO: Run Behavior\ReadHtmlCacheBehavior [ RunTime:0.001000s ]
INFO: [ app_begin ] --END-- [ RunTime:0.001000s ]
SQL: SHOW COLUMNS FROM `crm_auth_group_access` [ RunTime:0.0010s ]
SQL: SELECT `uid`,`group_id`,`title`,`rules` FROM crm_auth_group_access a INNER JOIN crm_auth_group g on a.group_id=g.id  WHERE ( a.uid='1' and g.status='1' )  [ RunTime:0.0010s ]
SQL: SHOW COLUMNS FROM `crm_auth_rule` [ RunTime:0.0000s ]
SQL: SELECT `condition`,`name` FROM `crm_auth_rule` WHERE `id` IN ('1','3','4','5','6','7','8','9','10','11','12','13','14','15','16','17','62','64','18','19','20','21','22','23','24','25','26','27','28','29','30','31','32','33','34','35','36','37','38','39','40','41','42','43','44','45','46','47','48','49','50','51','52','53','54','55','56','57','58','59','60','61','63','65','66','67','68','69','70') AND `type` = 1 AND `status` = 1  [ RunTime:0.0000s ]
SQL: SHOW COLUMNS FROM `crm_user` [ RunTime:0.0010s ]
SQL: SHOW COLUMNS FROM `crm_auth_group_access` [ RunTime:0.0000s ]
SQL: UPDATE `crm_user` SET `flag`='0' WHERE `user_id` = 17 [ RunTime:0.0520s ]

[ 2017-05-26T15:21:51+08:00 ] 127.0.0.1 /Company_crm/index.php/Home/Administrator/user_delone.html
INFO: [ app_begin ] --START--
INFO: Run Behavior\ReadHtmlCacheBehavior [ RunTime:0.001000s ]
INFO: [ app_begin ] --END-- [ RunTime:0.001000s ]
SQL: SHOW COLUMNS FROM `crm_auth_group_access` [ RunTime:0.0000s ]
SQL: SELECT `uid`,`group_id`,`title`,`rules` FROM crm_auth_group_access a INNER JOIN crm_auth_group g on a.group_id=g.id  WHERE ( a.uid='1' and g.status='1' )  [ RunTime:0.0010s ]
SQL: SHOW COLUMNS FROM `crm_auth_rule` [ RunTime:0.0010s ]
SQL: SELECT `condition`,`name` FROM `crm_auth_rule` WHERE `id` IN ('1','3','4','5','6','7','8','9','10','11','12','13','14','15','16','17','62','64','18','19','20','21','22','23','24','25','26','27','28','29','30','31','32','33','34','35','36','37','38','39','40','41','42','43','44','45','46','47','48','49','50','51','52','53','54','55','56','57','58','59','60','61','63','65','66','67','68','69','70') AND `type` = 1 AND `status` = 1  [ RunTime:0.0010s ]
SQL: SHOW COLUMNS FROM `crm_user` [ RunTime:0.0000s ]
SQL: SHOW COLUMNS FROM `crm_auth_group_access` [ RunTime:0.0000s ]
SQL: DELETE FROM `crm_user` WHERE `user_id` = 7 [ RunTime:0.0380s ]
NOTIC: [2] Illegal offset type in isset or empty E:\AppServ\www\Company_crm\TuringPHP\Library\Think\Model.class.php  511 .
SQL: DELETE FROM `crm_auth_group_access` WHERE `uid` = 7 [ RunTime:0.0010s ]

[ 2017-05-26T15:22:08+08:00 ] 127.0.0.1 /Company_crm/index.php/Home/Administrator/user_delone.html
INFO: [ app_begin ] --START--
INFO: Run Behavior\ReadHtmlCacheBehavior [ RunTime:0.001000s ]
INFO: [ app_begin ] --END-- [ RunTime:0.002000s ]
SQL: SHOW COLUMNS FROM `crm_auth_group_access` [ RunTime:0.0010s ]
SQL: SELECT `uid`,`group_id`,`title`,`rules` FROM crm_auth_group_access a INNER JOIN crm_auth_group g on a.group_id=g.id  WHERE ( a.uid='1' and g.status='1' )  [ RunTime:0.0010s ]
SQL: SHOW COLUMNS FROM `crm_auth_rule` [ RunTime:0.0000s ]
SQL: SELECT `condition`,`name` FROM `crm_auth_rule` WHERE `id` IN ('1','3','4','5','6','7','8','9','10','11','12','13','14','15','16','17','62','64','18','19','20','21','22','23','24','25','26','27','28','29','30','31','32','33','34','35','36','37','38','39','40','41','42','43','44','45','46','47','48','49','50','51','52','53','54','55','56','57','58','59','60','61','63','65','66','67','68','69','70') AND `type` = 1 AND `status` = 1  [ RunTime:0.0010s ]
SQL: SHOW COLUMNS FROM `crm_user` [ RunTime:0.0010s ]
SQL: SHOW COLUMNS FROM `crm_auth_group_access` [ RunTime:0.0010s ]
SQL: DELETE FROM `crm_user` WHERE `user_id` = 16 [ RunTime:0.0250s ]
NOTIC: [2] Illegal offset type in isset or empty E:\AppServ\www\Company_crm\TuringPHP\Library\Think\Model.class.php  511 .
SQL: DELETE FROM `crm_auth_group_access` WHERE `uid` = 16 [ RunTime:0.0010s ]

[ 2017-05-26T15:29:45+08:00 ] 127.0.0.1 /Company_crm/index.php/Home/Administrator/user_delall.html
INFO: [ app_begin ] --START--
INFO: Run Behavior\ReadHtmlCacheBehavior [ RunTime:0.001000s ]
INFO: [ app_begin ] --END-- [ RunTime:0.001000s ]
SQL: SHOW COLUMNS FROM `crm_auth_group_access` [ RunTime:0.0010s ]
SQL: SELECT `uid`,`group_id`,`title`,`rules` FROM crm_auth_group_access a INNER JOIN crm_auth_group g on a.group_id=g.id  WHERE ( a.uid='1' and g.status='1' )  [ RunTime:0.0000s ]
SQL: SHOW COLUMNS FROM `crm_auth_rule` [ RunTime:0.0000s ]
SQL: SELECT `condition`,`name` FROM `crm_auth_rule` WHERE `id` IN ('1','3','4','5','6','7','8','9','10','11','12','13','14','15','16','17','62','64','18','19','20','21','22','23','24','25','26','27','28','29','30','31','32','33','34','35','36','37','38','39','40','41','42','43','44','45','46','47','48','49','50','51','52','53','54','55','56','57','58','59','60','61','63','65','66','67','68','69','70') AND `type` = 1 AND `status` = 1  [ RunTime:0.0000s ]
SQL: SHOW COLUMNS FROM `crm_user` [ RunTime:0.0010s ]
SQL: SHOW COLUMNS FROM `crm_auth_group_access` [ RunTime:0.0010s ]
SQL: DELETE FROM `crm_user` WHERE `user_id` IN ('6','8') [ RunTime:0.0360s ]
NOTIC: [2] Illegal offset type in isset or empty E:\AppServ\www\Company_crm\TuringPHP\Library\Think\Model.class.php  511 .
SQL: DELETE FROM `crm_auth_group_access` WHERE `uid` IN ('6','8') [ RunTime:0.0010s ]

[ 2017-05-26T15:38:59+08:00 ] 127.0.0.1 /Company_crm/index.php/Home/Auth/auth_delone.html
INFO: [ app_begin ] --START--
INFO: Run Behavior\ReadHtmlCacheBehavior [ RunTime:0.001000s ]
INFO: [ app_begin ] --END-- [ RunTime:0.002000s ]
SQL: SHOW COLUMNS FROM `crm_auth_group_access` [ RunTime:0.0010s ]
SQL: SELECT `uid`,`group_id`,`title`,`rules` FROM crm_auth_group_access a INNER JOIN crm_auth_group g on a.group_id=g.id  WHERE ( a.uid='1' and g.status='1' )  [ RunTime:0.0010s ]
SQL: SHOW COLUMNS FROM `crm_auth_rule` [ RunTime:0.0000s ]
SQL: SELECT `condition`,`name` FROM `crm_auth_rule` WHERE `id` IN ('1','3','4','5','6','7','8','9','10','11','12','13','14','15','16','17','62','64','18','19','20','21','22','23','24','25','26','27','28','29','30','31','32','33','34','35','36','37','38','39','40','41','42','43','44','45','46','47','48','49','50','51','52','53','54','55','56','57','58','59','60','61','63','65','66','67','68','69','70') AND `type` = 1 AND `status` = 1  [ RunTime:0.0010s ]
SQL: SHOW COLUMNS FROM `crm_auth_rule` [ RunTime:0.0010s ]
SQL: UPDATE `crm_auth_rule` SET `flags`='0' WHERE `id` = 71 [ RunTime:0.0010s ]

[ 2017-05-26T15:39:50+08:00 ] 127.0.0.1 /Company_crm/index.php/Home/Auth/auth_delall.html
INFO: [ app_begin ] --START--
INFO: Run Behavior\ReadHtmlCacheBehavior [ RunTime:0.001000s ]
INFO: [ app_begin ] --END-- [ RunTime:0.001000s ]
SQL: SHOW COLUMNS FROM `crm_auth_group_access` [ RunTime:0.0010s ]
SQL: SELECT `uid`,`group_id`,`title`,`rules` FROM crm_auth_group_access a INNER JOIN crm_auth_group g on a.group_id=g.id  WHERE ( a.uid='1' and g.status='1' )  [ RunTime:0.0010s ]
SQL: SHOW COLUMNS FROM `crm_auth_rule` [ RunTime:0.0010s ]
SQL: SELECT `condition`,`name` FROM `crm_auth_rule` WHERE `id` IN ('1','3','4','5','6','7','8','9','10','11','12','13','14','15','16','17','62','64','18','19','20','21','22','23','24','25','26','27','28','29','30','31','32','33','34','35','36','37','38','39','40','41','42','43','44','45','46','47','48','49','50','51','52','53','54','55','56','57','58','59','60','61','63','65','66','67','68','69','70') AND `type` = 1 AND `status` = 1  [ RunTime:0.0010s ]
SQL: SHOW COLUMNS FROM `crm_auth_rule` [ RunTime:0.0010s ]
SQL: UPDATE `crm_auth_rule` SET `flags`='0' WHERE `id` IN ('66','69','70') [ RunTime:0.0000s ]

[ 2017-05-26T15:55:12+08:00 ] 127.0.0.1 /Company_crm/index.php/Home/Administrator/role_add
ERR: SQLSTATE[23000]: Integrity constraint violation: 1048 Column 'rules' cannot be null

[ 2017-05-26T16:15:26+08:00 ] 127.0.0.1 /Company_crm/index.php/Home/Administrator/user_delone.html
INFO: [ app_begin ] --START--
INFO: Run Behavior\ReadHtmlCacheBehavior [ RunTime:0.002000s ]
INFO: [ app_begin ] --END-- [ RunTime:0.002000s ]
SQL: SHOW COLUMNS FROM `crm_auth_group_access` [ RunTime:0.0010s ]
SQL: SELECT `uid`,`group_id`,`title`,`rules` FROM crm_auth_group_access a INNER JOIN crm_auth_group g on a.group_id=g.id  WHERE ( a.uid='1' and g.status='1' )  [ RunTime:0.0010s ]
SQL: SHOW COLUMNS FROM `crm_auth_rule` [ RunTime:0.0020s ]
SQL: SELECT `condition`,`name` FROM `crm_auth_rule` WHERE `id` IN ('1','3','4','5','6','7','8','9','10','11','12','13','14','15','16','17','62','64','18','19','20','21','22','23','24','25','26','27','28','29','30','31','32','33','34','35','36','37','38','39','40','41','42','43','44','45','46','47','48','49','50','51','52','53','54','55','56','57','58','59','60','61','63','65','66','67','68','69','70') AND `type` = 1 AND `status` = 1  [ RunTime:0.0010s ]
SQL: SHOW COLUMNS FROM `crm_user` [ RunTime:0.0010s ]
SQL: SHOW COLUMNS FROM `crm_auth_group_access` [ RunTime:0.0010s ]
SQL: DELETE FROM `crm_user` WHERE `user_id` = 18 [ RunTime:0.0270s ]
NOTIC: [2] Illegal offset type in isset or empty E:\AppServ\www\Company_crm\TuringPHP\Library\Think\Model.class.php  511 .
SQL: DELETE FROM `crm_auth_group_access` WHERE `uid` = 18 [ RunTime:0.0000s ]

[ 2017-05-26T16:50:36+08:00 ] 127.0.0.1 /Company_crm/index.php/Home/Auth/auth_delone.html
INFO: [ app_begin ] --START--
INFO: Run Behavior\ReadHtmlCacheBehavior [ RunTime:0.001000s ]
INFO: [ app_begin ] --END-- [ RunTime:0.001000s ]
SQL: SHOW COLUMNS FROM `crm_auth_group_access` [ RunTime:0.0000s ]
SQL: SELECT `uid`,`group_id`,`title`,`rules` FROM crm_auth_group_access a INNER JOIN crm_auth_group g on a.group_id=g.id  WHERE ( a.uid='1' and g.status='1' )  [ RunTime:0.0010s ]
SQL: SHOW COLUMNS FROM `crm_auth_rule` [ RunTime:0.0010s ]
SQL: SELECT `condition`,`name` FROM `crm_auth_rule` WHERE `id` IN ('1','3','4','5','6','7','8','9','10','11','12','13','14','15','16','17','62','64','18','19','20','21','22','23','24','25','26','27','28','29','30','31','32','33','34','35','36','37','38','39','40','41','42','43','44','45','46','47','48','49','50','51','52','53','54','55','56','57','58','59','60','61','63','65','66','67','68','69','70') AND `type` = 1 AND `status` = 1  [ RunTime:0.0010s ]
SQL: SHOW COLUMNS FROM `crm_auth_rule` [ RunTime:0.0010s ]
SQL: UPDATE `crm_auth_rule` SET `flags`='0' WHERE `id` = 70 [ RunTime:0.0000s ]

[ 2017-05-26T16:50:42+08:00 ] 127.0.0.1 /Company_crm/index.php/Home/Auth/auth_delall.html
INFO: [ app_begin ] --START--
INFO: Run Behavior\ReadHtmlCacheBehavior [ RunTime:0.001000s ]
INFO: [ app_begin ] --END-- [ RunTime:0.001000s ]
SQL: SHOW COLUMNS FROM `crm_auth_group_access` [ RunTime:0.0010s ]
SQL: SELECT `uid`,`group_id`,`title`,`rules` FROM crm_auth_group_access a INNER JOIN crm_auth_group g on a.group_id=g.id  WHERE ( a.uid='1' and g.status='1' )  [ RunTime:0.0010s ]
SQL: SHOW COLUMNS FROM `crm_auth_rule` [ RunTime:0.0010s ]
SQL: SELECT `condition`,`name` FROM `crm_auth_rule` WHERE `id` IN ('1','3','4','5','6','7','8','9','10','11','12','13','14','15','16','17','62','64','18','19','20','21','22','23','24','25','26','27','28','29','30','31','32','33','34','35','36','37','38','39','40','41','42','43','44','45','46','47','48','49','50','51','52','53','54','55','56','57','58','59','60','61','63','65','66','67','68','69','70') AND `type` = 1 AND `status` = 1  [ RunTime:0.0010s ]
SQL: SHOW COLUMNS FROM `crm_auth_rule` [ RunTime:0.0010s ]
SQL: UPDATE `crm_auth_rule` SET `flags`='0' WHERE `id` IN ('66','67','68','69') [ RunTime:0.0010s ]

[ 2017-05-26T17:26:45+08:00 ] 127.0.0.1 /Company_crm/index.php/Home/Shouqian/kehu_delone.html
INFO: [ app_begin ] --START--
INFO: Run Behavior\ReadHtmlCacheBehavior [ RunTime:0.001000s ]
INFO: [ app_begin ] --END-- [ RunTime:0.001000s ]
SQL: SHOW COLUMNS FROM `crm_auth_group_access` [ RunTime:0.0010s ]
SQL: SELECT `uid`,`group_id`,`title`,`rules` FROM crm_auth_group_access a INNER JOIN crm_auth_group g on a.group_id=g.id  WHERE ( a.uid='1' and g.status='1' )  [ RunTime:0.0010s ]
SQL: SHOW COLUMNS FROM `crm_auth_rule` [ RunTime:0.0010s ]
SQL: SELECT `condition`,`name` FROM `crm_auth_rule` WHERE `id` IN ('1','3','4','5','6','7','8','9','10','11','12','13','14','15','16','17','62','64','18','19','20','21','22','23','24','25','26','27','28','29','30','31','32','33','34','35','36','37','38','39','40','41','42','43','44','45','46','47','48','49','50','51','52','53','54','55','56','57','58','59','60','61','63','65','66','67','68','69','70') AND `type` = 1 AND `status` = 1  [ RunTime:0.0010s ]
SQL: SHOW COLUMNS FROM `crm_client` [ RunTime:0.0010s ]
SQL: UPDATE `crm_client` SET `flag`='0' WHERE `id` = 19 [ RunTime:0.0000s ]

[ 2017-05-26T17:28:08+08:00 ] 127.0.0.1 /Company_crm/index.php/Home/Shouqian/kehu_delone.html
INFO: [ app_begin ] --START--
INFO: Run Behavior\ReadHtmlCacheBehavior [ RunTime:0.001000s ]
INFO: [ app_begin ] --END-- [ RunTime:0.001000s ]
SQL: SHOW COLUMNS FROM `crm_auth_group_access` [ RunTime:0.0010s ]
SQL: SELECT `uid`,`group_id`,`title`,`rules` FROM crm_auth_group_access a INNER JOIN crm_auth_group g on a.group_id=g.id  WHERE ( a.uid='1' and g.status='1' )  [ RunTime:0.0010s ]
SQL: SHOW COLUMNS FROM `crm_auth_rule` [ RunTime:0.0010s ]
SQL: SELECT `condition`,`name` FROM `crm_auth_rule` WHERE `id` IN ('1','3','4','5','6','7','8','9','10','11','12','13','14','15','16','17','62','64','18','19','20','21','22','23','24','25','26','27','28','29','30','31','32','33','34','35','36','37','38','39','40','41','42','43','44','45','46','47','48','49','50','51','52','53','54','55','56','57','58','59','60','61','63','65','66','67','68','69','70') AND `type` = 1 AND `status` = 1  [ RunTime:0.0010s ]
SQL: SHOW COLUMNS FROM `crm_client` [ RunTime:0.0010s ]
SQL: UPDATE `crm_client` SET `flag`='0' WHERE `id` = 20 [ RunTime:0.0000s ]

